
==================== Parser Summary ====================
Num Cell: 150750
Num Net: 166998
Max Degree: 4
Lower Bound: 74621.2
Higher Bound: 76128.8

==================== Init Partition Summary ====================
Left: 74622, Right: 76128
Initial State: 109852
[FM(1)]Cut Size: 53588, Current Best Cut: 53588, Repeat for: 1, Not Change for: 0
[FM(2)]Cut Size: 47483, Current Best Cut: 47483, Repeat for: 1, Not Change for: 0
[FM(3)]Cut Size: 46170, Current Best Cut: 46170, Repeat for: 1, Not Change for: 0
[FM(4)]Cut Size: 45568, Current Best Cut: 45568, Repeat for: 1, Not Change for: 0
[FM(5)]Cut Size: 45231, Current Best Cut: 45231, Repeat for: 1, Not Change for: 0
[FM(6)]Cut Size: 45082, Current Best Cut: 45082, Repeat for: 1, Not Change for: 0
[FM(7)]Cut Size: 44983, Current Best Cut: 44983, Repeat for: 1, Not Change for: 0
[FM(8)]Cut Size: 44905, Current Best Cut: 44905, Repeat for: 1, Not Change for: 0
[FM(9)]Cut Size: 44868, Current Best Cut: 44868, Repeat for: 1, Not Change for: 0
[FM(10)]Cut Size: 44841, Current Best Cut: 44841, Repeat for: 1, Not Change for: 0
[FM(11)]Cut Size: 44825, Current Best Cut: 44825, Repeat for: 1, Not Change for: 0
[FM(12)]Cut Size: 44818, Current Best Cut: 44818, Repeat for: 1, Not Change for: 0
[FM(13)]Cut Size: 44814, Current Best Cut: 44814, Repeat for: 1, Not Change for: 0
[FM(14)]Cut Size: 44814, Current Best Cut: 44814, Repeat for: 2, Not Change for: 1
[FM(15)]Cut Size: 44812, Current Best Cut: 44812, Repeat for: 1, Not Change for: 0
[FM(16)]Cut Size: 44811, Current Best Cut: 44811, Repeat for: 1, Not Change for: 0
[FM(17)]Cut Size: 44811, Current Best Cut: 44811, Repeat for: 2, Not Change for: 1
[FM(18)]Cut Size: 44811, Current Best Cut: 44811, Repeat for: 3, Not Change for: 2
[FM(19)]Cut Size: 44810, Current Best Cut: 44810, Repeat for: 1, Not Change for: 0
[FM(20)]Cut Size: 44810, Current Best Cut: 44810, Repeat for: 2, Not Change for: 1
[FM(21)]Cut Size: 44809, Current Best Cut: 44809, Repeat for: 1, Not Change for: 0
[FM(22)]Cut Size: 44809, Current Best Cut: 44809, Repeat for: 2, Not Change for: 1
[FM(23)]Cut Size: 44809, Current Best Cut: 44809, Repeat for: 3, Not Change for: 2
[FM(24)]Cut Size: 44809, Current Best Cut: 44809, Repeat for: 4, Not Change for: 3
[FM(25)]Cut Size: 44870, Current Best Cut: 44809, Repeat for: 4, Not Change for: 4
[FM(26)]Cut Size: 44940, Current Best Cut: 44809, Repeat for: 4, Not Change for: 5
[FM(27)]Cut Size: 44940, Current Best Cut: 44809, Repeat for: 4, Not Change for: 6
[FM(28)]Cut Size: 44940, Current Best Cut: 44809, Repeat for: 4, Not Change for: 7
[FM(29)]Cut Size: 44983, Current Best Cut: 44809, Repeat for: 4, Not Change for: 8
[FM(30)]Cut Size: 45010, Current Best Cut: 44809, Repeat for: 4, Not Change for: 9
[FM(31)]Cut Size: 45007, Current Best Cut: 44809, Repeat for: 4, Not Change for: 10
[FM(32)]Cut Size: 44753, Current Best Cut: 44753, Repeat for: 1, Not Change for: 0
[FM(33)]Cut Size: 44637, Current Best Cut: 44637, Repeat for: 1, Not Change for: 0
[FM(34)]Cut Size: 44565, Current Best Cut: 44565, Repeat for: 1, Not Change for: 0
[FM(35)]Cut Size: 44600, Current Best Cut: 44565, Repeat for: 1, Not Change for: 1
[FM(36)]Cut Size: 44591, Current Best Cut: 44565, Repeat for: 1, Not Change for: 2
[FM(37)]Cut Size: 44553, Current Best Cut: 44553, Repeat for: 1, Not Change for: 0
[FM(38)]Cut Size: 44522, Current Best Cut: 44522, Repeat for: 1, Not Change for: 0
[FM(39)]Cut Size: 44492, Current Best Cut: 44492, Repeat for: 1, Not Change for: 0
[FM(40)]Cut Size: 44502, Current Best Cut: 44492, Repeat for: 1, Not Change for: 1
[FM(41)]Cut Size: 44488, Current Best Cut: 44488, Repeat for: 1, Not Change for: 0
[FM(42)]Cut Size: 44484, Current Best Cut: 44484, Repeat for: 1, Not Change for: 0
[FM(43)]Cut Size: 44499, Current Best Cut: 44484, Repeat for: 1, Not Change for: 1
[FM(44)]Cut Size: 44486, Current Best Cut: 44484, Repeat for: 1, Not Change for: 2
[FM(45)]Cut Size: 44483, Current Best Cut: 44483, Repeat for: 1, Not Change for: 0
[FM(46)]Cut Size: 44546, Current Best Cut: 44483, Repeat for: 1, Not Change for: 1
[FM(47)]Cut Size: 44482, Current Best Cut: 44482, Repeat for: 1, Not Change for: 0
[FM(48)]Cut Size: 44422, Current Best Cut: 44422, Repeat for: 1, Not Change for: 0
[FM(49)]Cut Size: 44419, Current Best Cut: 44419, Repeat for: 1, Not Change for: 0
[FM(50)]Cut Size: 44421, Current Best Cut: 44419, Repeat for: 1, Not Change for: 1
[FM(51)]Cut Size: 44411, Current Best Cut: 44411, Repeat for: 1, Not Change for: 0
[FM(52)]Cut Size: 44400, Current Best Cut: 44400, Repeat for: 1, Not Change for: 0
[FM(53)]Cut Size: 44409, Current Best Cut: 44400, Repeat for: 1, Not Change for: 1
[FM(54)]Cut Size: 44410, Current Best Cut: 44400, Repeat for: 1, Not Change for: 2
[FM(55)]Cut Size: 44376, Current Best Cut: 44376, Repeat for: 1, Not Change for: 0
[FM(56)]Cut Size: 44370, Current Best Cut: 44370, Repeat for: 1, Not Change for: 0
[FM(57)]Cut Size: 44375, Current Best Cut: 44370, Repeat for: 1, Not Change for: 1
[FM(58)]Cut Size: 44389, Current Best Cut: 44370, Repeat for: 1, Not Change for: 2
[FM(59)]Cut Size: 44390, Current Best Cut: 44370, Repeat for: 1, Not Change for: 3
[FM(60)]Cut Size: 44478, Current Best Cut: 44370, Repeat for: 1, Not Change for: 4
[FM(61)]Cut Size: 44831, Current Best Cut: 44370, Repeat for: 1, Not Change for: 5
[FM(62)]Cut Size: 44874, Current Best Cut: 44370, Repeat for: 1, Not Change for: 6
[FM(63)]Cut Size: 44874, Current Best Cut: 44370, Repeat for: 1, Not Change for: 7
[FM(64)]Cut Size: 44874, Current Best Cut: 44370, Repeat for: 1, Not Change for: 8
[FM(65)]Cut Size: 44901, Current Best Cut: 44370, Repeat for: 1, Not Change for: 9
[FM(66)]Cut Size: 44901, Current Best Cut: 44370, Repeat for: 1, Not Change for: 10
[FM(67)]Cut Size: 44715, Current Best Cut: 44370, Repeat for: 1, Not Change for: 11
[FM(68)]Cut Size: 44715, Current Best Cut: 44370, Repeat for: 1, Not Change for: 12
[FM(69)]Cut Size: 44715, Current Best Cut: 44370, Repeat for: 1, Not Change for: 13
[FM(70)]Cut Size: 44715, Current Best Cut: 44370, Repeat for: 1, Not Change for: 14
[FM(71)]Cut Size: 44442, Current Best Cut: 44370, Repeat for: 1, Not Change for: 15
[FM(72)]Cut Size: 44442, Current Best Cut: 44370, Repeat for: 1, Not Change for: 16
[FM(73)]Cut Size: 44442, Current Best Cut: 44370, Repeat for: 1, Not Change for: 17
[FM(74)]Cut Size: 44291, Current Best Cut: 44291, Repeat for: 1, Not Change for: 0
[FM(75)]Cut Size: 44280, Current Best Cut: 44280, Repeat for: 1, Not Change for: 0
[FM(76)]Cut Size: 44258, Current Best Cut: 44258, Repeat for: 1, Not Change for: 0
[FM(77)]Cut Size: 44282, Current Best Cut: 44258, Repeat for: 1, Not Change for: 1
[FM(78)]Cut Size: 44239, Current Best Cut: 44239, Repeat for: 1, Not Change for: 0
[FM(79)]Cut Size: 44126, Current Best Cut: 44126, Repeat for: 1, Not Change for: 0
[FM(80)]Cut Size: 44160, Current Best Cut: 44126, Repeat for: 1, Not Change for: 1
[FM(81)]Cut Size: 44232, Current Best Cut: 44126, Repeat for: 1, Not Change for: 2
[FM(82)]Cut Size: 44195, Current Best Cut: 44126, Repeat for: 1, Not Change for: 3
[FM(83)]Cut Size: 44195, Current Best Cut: 44126, Repeat for: 1, Not Change for: 4
[FM(84)]Cut Size: 44195, Current Best Cut: 44126, Repeat for: 1, Not Change for: 5
[FM(85)]Cut Size: 44195, Current Best Cut: 44126, Repeat for: 1, Not Change for: 6
[FM(86)]Cut Size: 44372, Current Best Cut: 44126, Repeat for: 1, Not Change for: 7
[FM(87)]Cut Size: 44366, Current Best Cut: 44126, Repeat for: 1, Not Change for: 8
[FM(88)]Cut Size: 44389, Current Best Cut: 44126, Repeat for: 1, Not Change for: 9
[FM(89)]Cut Size: 44720, Current Best Cut: 44126, Repeat for: 1, Not Change for: 10
[FM(90)]Cut Size: 44720, Current Best Cut: 44126, Repeat for: 1, Not Change for: 11
[FM(91)]Cut Size: 44853, Current Best Cut: 44126, Repeat for: 1, Not Change for: 12
[FM(92)]Cut Size: 44853, Current Best Cut: 44126, Repeat for: 1, Not Change for: 13
[FM(93)]Cut Size: 44476, Current Best Cut: 44126, Repeat for: 1, Not Change for: 14
[FM(94)]Cut Size: 44476, Current Best Cut: 44126, Repeat for: 1, Not Change for: 15
[FM(95)]Cut Size: 44476, Current Best Cut: 44126, Repeat for: 1, Not Change for: 16
[FM(96)]Cut Size: 44689, Current Best Cut: 44126, Repeat for: 1, Not Change for: 17
[FM(97)]Cut Size: 44727, Current Best Cut: 44126, Repeat for: 1, Not Change for: 18
[FM(98)]Cut Size: 44727, Current Best Cut: 44126, Repeat for: 1, Not Change for: 19
[FM(99)]Cut Size: 44302, Current Best Cut: 44126, Repeat for: 1, Not Change for: 20
[FM(100)]Cut Size: 44302, Current Best Cut: 44126, Repeat for: 1, Not Change for: 21
[FM(101)]Cut Size: 44303, Current Best Cut: 44126, Repeat for: 1, Not Change for: 22
[FM(102)]Cut Size: 44131, Current Best Cut: 44126, Repeat for: 1, Not Change for: 23
[FM(103)]Cut Size: 44131, Current Best Cut: 44126, Repeat for: 1, Not Change for: 24
[FM(104)]Cut Size: 44288, Current Best Cut: 44126, Repeat for: 1, Not Change for: 25
[FM(105)]Cut Size: 44288, Current Best Cut: 44126, Repeat for: 1, Not Change for: 26
[FM(106)]Cut Size: 44288, Current Best Cut: 44126, Repeat for: 1, Not Change for: 27
[FM(107)]Cut Size: 44298, Current Best Cut: 44126, Repeat for: 1, Not Change for: 28
[FM(108)]Cut Size: 44146, Current Best Cut: 44126, Repeat for: 1, Not Change for: 29
[FM(109)]Cut Size: 43844, Current Best Cut: 43844, Repeat for: 1, Not Change for: 0
[FM(110)]Cut Size: 43869, Current Best Cut: 43844, Repeat for: 1, Not Change for: 1
[FM(111)]Cut Size: 43806, Current Best Cut: 43806, Repeat for: 1, Not Change for: 0
[FM(112)]Cut Size: 43811, Current Best Cut: 43806, Repeat for: 1, Not Change for: 1
[FM(113)]Cut Size: 43777, Current Best Cut: 43777, Repeat for: 1, Not Change for: 0
[FM(114)]Cut Size: 43780, Current Best Cut: 43777, Repeat for: 1, Not Change for: 1
[FM(115)]Cut Size: 43761, Current Best Cut: 43761, Repeat for: 1, Not Change for: 0
[FM(116)]Cut Size: 43782, Current Best Cut: 43761, Repeat for: 1, Not Change for: 1
[FM(117)]Cut Size: 43780, Current Best Cut: 43761, Repeat for: 1, Not Change for: 2
[FM(118)]Cut Size: 43773, Current Best Cut: 43761, Repeat for: 1, Not Change for: 3
[FM(119)]Cut Size: 43773, Current Best Cut: 43761, Repeat for: 1, Not Change for: 4
[FM(120)]Cut Size: 43723, Current Best Cut: 43723, Repeat for: 1, Not Change for: 0
[FM(121)]Cut Size: 43749, Current Best Cut: 43723, Repeat for: 1, Not Change for: 1
[FM(122)]Cut Size: 43661, Current Best Cut: 43661, Repeat for: 1, Not Change for: 0
[FM(123)]Cut Size: 43714, Current Best Cut: 43661, Repeat for: 1, Not Change for: 1
[FM(124)]Cut Size: 43635, Current Best Cut: 43635, Repeat for: 1, Not Change for: 0
[FM(125)]Cut Size: 43639, Current Best Cut: 43635, Repeat for: 1, Not Change for: 1
[FM(126)]Cut Size: 43676, Current Best Cut: 43635, Repeat for: 1, Not Change for: 2
[FM(127)]Cut Size: 43645, Current Best Cut: 43635, Repeat for: 1, Not Change for: 3
[FM(128)]Cut Size: 43682, Current Best Cut: 43635, Repeat for: 1, Not Change for: 4
[FM(129)]Cut Size: 43648, Current Best Cut: 43635, Repeat for: 1, Not Change for: 5
[FM(130)]Cut Size: 43658, Current Best Cut: 43635, Repeat for: 1, Not Change for: 6
[FM(131)]Cut Size: 43710, Current Best Cut: 43635, Repeat for: 1, Not Change for: 7
[FM(132)]Cut Size: 43710, Current Best Cut: 43635, Repeat for: 1, Not Change for: 8
[FM(133)]Cut Size: 43709, Current Best Cut: 43635, Repeat for: 1, Not Change for: 9
[FM(134)]Cut Size: 43742, Current Best Cut: 43635, Repeat for: 1, Not Change for: 10
[FM(135)]Cut Size: 43741, Current Best Cut: 43635, Repeat for: 1, Not Change for: 11
[FM(136)]Cut Size: 43567, Current Best Cut: 43567, Repeat for: 1, Not Change for: 0
[FM(137)]Cut Size: 43488, Current Best Cut: 43488, Repeat for: 1, Not Change for: 0
[FM(138)]Cut Size: 43517, Current Best Cut: 43488, Repeat for: 1, Not Change for: 1
[FM(139)]Cut Size: 43495, Current Best Cut: 43488, Repeat for: 1, Not Change for: 2
[FM(140)]Cut Size: 43451, Current Best Cut: 43451, Repeat for: 1, Not Change for: 0
[FM(141)]Cut Size: 43437, Current Best Cut: 43437, Repeat for: 1, Not Change for: 0
[FM(142)]Cut Size: 43433, Current Best Cut: 43433, Repeat for: 1, Not Change for: 0
[FM(143)]Cut Size: 43433, Current Best Cut: 43433, Repeat for: 2, Not Change for: 1
[FM(144)]Cut Size: 43433, Current Best Cut: 43433, Repeat for: 3, Not Change for: 2
[FM(145)]Cut Size: 43433, Current Best Cut: 43433, Repeat for: 4, Not Change for: 3
[FM(146)]Cut Size: 43432, Current Best Cut: 43432, Repeat for: 1, Not Change for: 0
[FM(147)]Cut Size: 43432, Current Best Cut: 43432, Repeat for: 2, Not Change for: 1
[FM(148)]Cut Size: 43432, Current Best Cut: 43432, Repeat for: 3, Not Change for: 2
[FM(149)]Cut Size: 43432, Current Best Cut: 43432, Repeat for: 4, Not Change for: 3
[FM(150)]Cut Size: 43430, Current Best Cut: 43430, Repeat for: 1, Not Change for: 0
[FM(151)]Cut Size: 43428, Current Best Cut: 43428, Repeat for: 1, Not Change for: 0
[FM(152)]Cut Size: 43425, Current Best Cut: 43425, Repeat for: 1, Not Change for: 0
[FM(153)]Cut Size: 43423, Current Best Cut: 43423, Repeat for: 1, Not Change for: 0
[FM(154)]Cut Size: 43423, Current Best Cut: 43423, Repeat for: 2, Not Change for: 1
[FM(155)]Cut Size: 43430, Current Best Cut: 43423, Repeat for: 2, Not Change for: 2
[FM(156)]Cut Size: 43410, Current Best Cut: 43410, Repeat for: 1, Not Change for: 0
[FM(157)]Cut Size: 43407, Current Best Cut: 43407, Repeat for: 1, Not Change for: 0
[FM(158)]Cut Size: 43407, Current Best Cut: 43407, Repeat for: 2, Not Change for: 1
[FM(159)]Cut Size: 43407, Current Best Cut: 43407, Repeat for: 3, Not Change for: 2
[FM(160)]Cut Size: 43407, Current Best Cut: 43407, Repeat for: 4, Not Change for: 3
[FM(161)]Cut Size: 43407, Current Best Cut: 43407, Repeat for: 5, Not Change for: 4
[FM(162)]Cut Size: 43534, Current Best Cut: 43407, Repeat for: 5, Not Change for: 5
[FM(163)]Cut Size: 43534, Current Best Cut: 43407, Repeat for: 5, Not Change for: 6
[FM(164)]Cut Size: 43534, Current Best Cut: 43407, Repeat for: 5, Not Change for: 7
[FM(165)]Cut Size: 43534, Current Best Cut: 43407, Repeat for: 5, Not Change for: 8
[FM(166)]Cut Size: 43918, Current Best Cut: 43407, Repeat for: 5, Not Change for: 9
[FM(167)]Cut Size: 43496, Current Best Cut: 43407, Repeat for: 5, Not Change for: 10
[FM(168)]Cut Size: 43552, Current Best Cut: 43407, Repeat for: 5, Not Change for: 11
[FM(169)]Cut Size: 43552, Current Best Cut: 43407, Repeat for: 5, Not Change for: 12
[FM(170)]Cut Size: 43552, Current Best Cut: 43407, Repeat for: 5, Not Change for: 13
[FM(171)]Cut Size: 43847, Current Best Cut: 43407, Repeat for: 5, Not Change for: 14
[FM(172)]Cut Size: 43847, Current Best Cut: 43407, Repeat for: 5, Not Change for: 15
[FM(173)]Cut Size: 43862, Current Best Cut: 43407, Repeat for: 5, Not Change for: 16
[FM(174)]Cut Size: 43462, Current Best Cut: 43407, Repeat for: 5, Not Change for: 17
[FM(175)]Cut Size: 43462, Current Best Cut: 43407, Repeat for: 5, Not Change for: 18
[FM(176)]Cut Size: 43496, Current Best Cut: 43407, Repeat for: 5, Not Change for: 19
[FM(177)]Cut Size: 43496, Current Best Cut: 43407, Repeat for: 5, Not Change for: 20
[FM(178)]Cut Size: 43503, Current Best Cut: 43407, Repeat for: 5, Not Change for: 21
[FM(179)]Cut Size: 43503, Current Best Cut: 43407, Repeat for: 5, Not Change for: 22
[FM(180)]Cut Size: 43504, Current Best Cut: 43407, Repeat for: 5, Not Change for: 23
[FM(181)]Cut Size: 43389, Current Best Cut: 43389, Repeat for: 1, Not Change for: 0
[FM(182)]Cut Size: 43382, Current Best Cut: 43382, Repeat for: 1, Not Change for: 0
[FM(183)]Cut Size: 43391, Current Best Cut: 43382, Repeat for: 1, Not Change for: 1
[FM(184)]Cut Size: 43353, Current Best Cut: 43353, Repeat for: 1, Not Change for: 0
[FM(185)]Cut Size: 43316, Current Best Cut: 43316, Repeat for: 1, Not Change for: 0
[FM(186)]Cut Size: 43286, Current Best Cut: 43286, Repeat for: 1, Not Change for: 0
[FM(187)]Cut Size: 43278, Current Best Cut: 43278, Repeat for: 1, Not Change for: 0
[FM(188)]Cut Size: 43279, Current Best Cut: 43278, Repeat for: 1, Not Change for: 1
[FM(189)]Cut Size: 43282, Current Best Cut: 43278, Repeat for: 1, Not Change for: 2
[FM(190)]Cut Size: 43292, Current Best Cut: 43278, Repeat for: 1, Not Change for: 3
[FM(191)]Cut Size: 43292, Current Best Cut: 43278, Repeat for: 1, Not Change for: 4
[FM(192)]Cut Size: 43316, Current Best Cut: 43278, Repeat for: 1, Not Change for: 5
[FM(193)]Cut Size: 43327, Current Best Cut: 43278, Repeat for: 1, Not Change for: 6
[FM(194)]Cut Size: 43440, Current Best Cut: 43278, Repeat for: 1, Not Change for: 7
[FM(195)]Cut Size: 43449, Current Best Cut: 43278, Repeat for: 1, Not Change for: 8
[FM(196)]Cut Size: 43704, Current Best Cut: 43278, Repeat for: 1, Not Change for: 9
[FM(197)]Cut Size: 43704, Current Best Cut: 43278, Repeat for: 1, Not Change for: 10
[FM(198)]Cut Size: 43366, Current Best Cut: 43278, Repeat for: 1, Not Change for: 11
[FM(199)]Cut Size: 43366, Current Best Cut: 43278, Repeat for: 1, Not Change for: 12
[FM(200)]Cut Size: 43366, Current Best Cut: 43278, Repeat for: 1, Not Change for: 13
[FM(201)]Cut Size: 43439, Current Best Cut: 43278, Repeat for: 1, Not Change for: 14
[FM(202)]Cut Size: 43637, Current Best Cut: 43278, Repeat for: 1, Not Change for: 15
[FM(203)]Cut Size: 43908, Current Best Cut: 43278, Repeat for: 1, Not Change for: 16
[FM(204)]Cut Size: 44064, Current Best Cut: 43278, Repeat for: 1, Not Change for: 17
[FM(205)]Cut Size: 44064, Current Best Cut: 43278, Repeat for: 1, Not Change for: 18
[FM(206)]Cut Size: 44062, Current Best Cut: 43278, Repeat for: 1, Not Change for: 19
[FM(207)]Cut Size: 44093, Current Best Cut: 43278, Repeat for: 1, Not Change for: 20
[FM(208)]Cut Size: 43441, Current Best Cut: 43278, Repeat for: 1, Not Change for: 21
[FM(209)]Cut Size: 43441, Current Best Cut: 43278, Repeat for: 1, Not Change for: 22
[FM(210)]Cut Size: 43639, Current Best Cut: 43278, Repeat for: 1, Not Change for: 23
[FM(211)]Cut Size: 43639, Current Best Cut: 43278, Repeat for: 1, Not Change for: 24
[FM(212)]Cut Size: 43639, Current Best Cut: 43278, Repeat for: 1, Not Change for: 25
[FM(213)]Cut Size: 43937, Current Best Cut: 43278, Repeat for: 1, Not Change for: 26
[FM(214)]Cut Size: 43414, Current Best Cut: 43278, Repeat for: 1, Not Change for: 27
[FM(215)]Cut Size: 43414, Current Best Cut: 43278, Repeat for: 1, Not Change for: 28
[FM(216)]Cut Size: 43494, Current Best Cut: 43278, Repeat for: 1, Not Change for: 29
[FM(217)]Cut Size: 43493, Current Best Cut: 43278, Repeat for: 1, Not Change for: 30
[FM(218)]Cut Size: 43493, Current Best Cut: 43278, Repeat for: 1, Not Change for: 31
[FM(219)]Cut Size: 43526, Current Best Cut: 43278, Repeat for: 1, Not Change for: 32
[FM(220)]Cut Size: 43526, Current Best Cut: 43278, Repeat for: 1, Not Change for: 33
[FM(221)]Cut Size: 43294, Current Best Cut: 43278, Repeat for: 1, Not Change for: 34
[FM(222)]Cut Size: 43290, Current Best Cut: 43278, Repeat for: 1, Not Change for: 35
[FM(223)]Cut Size: 43290, Current Best Cut: 43278, Repeat for: 1, Not Change for: 36
[FM(224)]Cut Size: 43210, Current Best Cut: 43210, Repeat for: 1, Not Change for: 0
[FM(225)]Cut Size: 43250, Current Best Cut: 43210, Repeat for: 1, Not Change for: 1
[FM(226)]Cut Size: 43278, Current Best Cut: 43210, Repeat for: 1, Not Change for: 2
[FM(227)]Cut Size: 43338, Current Best Cut: 43210, Repeat for: 1, Not Change for: 3
[FM(228)]Cut Size: 43374, Current Best Cut: 43210, Repeat for: 1, Not Change for: 4
[FM(229)]Cut Size: 43374, Current Best Cut: 43210, Repeat for: 1, Not Change for: 5
[FM(230)]Cut Size: 43374, Current Best Cut: 43210, Repeat for: 1, Not Change for: 6
[FM(231)]Cut Size: 43374, Current Best Cut: 43210, Repeat for: 1, Not Change for: 7
[FM(232)]Cut Size: 43407, Current Best Cut: 43210, Repeat for: 1, Not Change for: 8
[FM(233)]Cut Size: 43411, Current Best Cut: 43210, Repeat for: 1, Not Change for: 9
[FM(234)]Cut Size: 43408, Current Best Cut: 43210, Repeat for: 1, Not Change for: 10
[FM(235)]Cut Size: 43408, Current Best Cut: 43210, Repeat for: 1, Not Change for: 11
[FM(236)]Cut Size: 43411, Current Best Cut: 43210, Repeat for: 1, Not Change for: 12
[FM(237)]Cut Size: 43411, Current Best Cut: 43210, Repeat for: 1, Not Change for: 13
[FM(238)]Cut Size: 43411, Current Best Cut: 43210, Repeat for: 1, Not Change for: 14
[FM(239)]Cut Size: 43411, Current Best Cut: 43210, Repeat for: 1, Not Change for: 15
[FM(240)]Cut Size: 43411, Current Best Cut: 43210, Repeat for: 1, Not Change for: 16
[FM(241)]Cut Size: 43280, Current Best Cut: 43210, Repeat for: 1, Not Change for: 17
[FM(242)]Cut Size: 43280, Current Best Cut: 43210, Repeat for: 1, Not Change for: 18
[FM(243)]Cut Size: 43280, Current Best Cut: 43210, Repeat for: 1, Not Change for: 19
[FM(244)]Cut Size: 43344, Current Best Cut: 43210, Repeat for: 1, Not Change for: 20
[FM(245)]Cut Size: 43344, Current Best Cut: 43210, Repeat for: 1, Not Change for: 21
[FM(246)]Cut Size: 43388, Current Best Cut: 43210, Repeat for: 1, Not Change for: 22
[FM(247)]Cut Size: 43388, Current Best Cut: 43210, Repeat for: 1, Not Change for: 23
[FM(248)]Cut Size: 43408, Current Best Cut: 43210, Repeat for: 1, Not Change for: 24
[FM(249)]Cut Size: 43401, Current Best Cut: 43210, Repeat for: 1, Not Change for: 25
[FM(250)]Cut Size: 43379, Current Best Cut: 43210, Repeat for: 1, Not Change for: 26
[FM(251)]Cut Size: 43438, Current Best Cut: 43210, Repeat for: 1, Not Change for: 27
[FM(252)]Cut Size: 43485, Current Best Cut: 43210, Repeat for: 1, Not Change for: 28
[FM(253)]Cut Size: 43164, Current Best Cut: 43164, Repeat for: 1, Not Change for: 0
[FM(254)]Cut Size: 43257, Current Best Cut: 43164, Repeat for: 1, Not Change for: 1
[FM(255)]Cut Size: 43076, Current Best Cut: 43076, Repeat for: 1, Not Change for: 0
[FM(256)]Cut Size: 43097, Current Best Cut: 43076, Repeat for: 1, Not Change for: 1
[FM(257)]Cut Size: 43069, Current Best Cut: 43069, Repeat for: 1, Not Change for: 0
[FM(258)]Cut Size: 43085, Current Best Cut: 43069, Repeat for: 1, Not Change for: 1
[FM(259)]Cut Size: 43069, Current Best Cut: 43069, Repeat for: 2, Not Change for: 2
[FM(260)]Cut Size: 43109, Current Best Cut: 43069, Repeat for: 2, Not Change for: 3
[FM(261)]Cut Size: 43109, Current Best Cut: 43069, Repeat for: 2, Not Change for: 4
[FM(262)]Cut Size: 43109, Current Best Cut: 43069, Repeat for: 2, Not Change for: 5
[FM(263)]Cut Size: 43109, Current Best Cut: 43069, Repeat for: 2, Not Change for: 6
[FM(264)]Cut Size: 43090, Current Best Cut: 43069, Repeat for: 2, Not Change for: 7
[FM(265)]Cut Size: 43090, Current Best Cut: 43069, Repeat for: 2, Not Change for: 8
[FM(266)]Cut Size: 43090, Current Best Cut: 43069, Repeat for: 2, Not Change for: 9
[FM(267)]Cut Size: 43090, Current Best Cut: 43069, Repeat for: 2, Not Change for: 10
[FM(268)]Cut Size: 43140, Current Best Cut: 43069, Repeat for: 2, Not Change for: 11
[FM(269)]Cut Size: 43108, Current Best Cut: 43069, Repeat for: 2, Not Change for: 12
[FM(270)]Cut Size: 43108, Current Best Cut: 43069, Repeat for: 2, Not Change for: 13
[FM(271)]Cut Size: 43379, Current Best Cut: 43069, Repeat for: 2, Not Change for: 14
[FM(272)]Cut Size: 43379, Current Best Cut: 43069, Repeat for: 2, Not Change for: 15
[FM(273)]Cut Size: 43373, Current Best Cut: 43069, Repeat for: 2, Not Change for: 16
[FM(274)]Cut Size: 43836, Current Best Cut: 43069, Repeat for: 2, Not Change for: 17
[FM(275)]Cut Size: 43863, Current Best Cut: 43069, Repeat for: 2, Not Change for: 18
[FM(276)]Cut Size: 43863, Current Best Cut: 43069, Repeat for: 2, Not Change for: 19
[FM(277)]Cut Size: 43863, Current Best Cut: 43069, Repeat for: 2, Not Change for: 20
[FM(278)]Cut Size: 43863, Current Best Cut: 43069, Repeat for: 2, Not Change for: 21
[FM(279)]Cut Size: 43216, Current Best Cut: 43069, Repeat for: 2, Not Change for: 22
[FM(280)]Cut Size: 43216, Current Best Cut: 43069, Repeat for: 2, Not Change for: 23
[FM(281)]Cut Size: 43361, Current Best Cut: 43069, Repeat for: 2, Not Change for: 24
[FM(282)]Cut Size: 43713, Current Best Cut: 43069, Repeat for: 2, Not Change for: 25
[FM(283)]Cut Size: 43184, Current Best Cut: 43069, Repeat for: 2, Not Change for: 26
[FM(284)]Cut Size: 43261, Current Best Cut: 43069, Repeat for: 2, Not Change for: 27
[FM(285)]Cut Size: 43261, Current Best Cut: 43069, Repeat for: 2, Not Change for: 28
[FM(286)]Cut Size: 43261, Current Best Cut: 43069, Repeat for: 2, Not Change for: 29
[FM(287)]Cut Size: 43261, Current Best Cut: 43069, Repeat for: 2, Not Change for: 30
[FM(288)]Cut Size: 43074, Current Best Cut: 43069, Repeat for: 2, Not Change for: 31
[FM(289)]Cut Size: 43074, Current Best Cut: 43069, Repeat for: 2, Not Change for: 32
[FM(290)]Cut Size: 43359, Current Best Cut: 43069, Repeat for: 2, Not Change for: 33
[FM(291)]Cut Size: 43359, Current Best Cut: 43069, Repeat for: 2, Not Change for: 34
[FM(292)]Cut Size: 43774, Current Best Cut: 43069, Repeat for: 2, Not Change for: 35
[FM(293)]Cut Size: 43774, Current Best Cut: 43069, Repeat for: 2, Not Change for: 36
[FM(294)]Cut Size: 43774, Current Best Cut: 43069, Repeat for: 2, Not Change for: 37
[FM(295)]Cut Size: 43785, Current Best Cut: 43069, Repeat for: 2, Not Change for: 38
[FM(296)]Cut Size: 43905, Current Best Cut: 43069, Repeat for: 2, Not Change for: 39
[FM(297)]Cut Size: 43628, Current Best Cut: 43069, Repeat for: 2, Not Change for: 40
[FM(298)]Cut Size: 43628, Current Best Cut: 43069, Repeat for: 2, Not Change for: 41
[FM(299)]Cut Size: 43628, Current Best Cut: 43069, Repeat for: 2, Not Change for: 42
[FM(300)]Cut Size: 43760, Current Best Cut: 43069, Repeat for: 2, Not Change for: 43
[FM(301)]Cut Size: 43760, Current Best Cut: 43069, Repeat for: 2, Not Change for: 44
[FM(302)]Cut Size: 43760, Current Best Cut: 43069, Repeat for: 2, Not Change for: 45
[FM(303)]Cut Size: 43760, Current Best Cut: 43069, Repeat for: 2, Not Change for: 46
[FM(304)]Cut Size: 43804, Current Best Cut: 43069, Repeat for: 2, Not Change for: 47
[FM(305)]Cut Size: 43173, Current Best Cut: 43069, Repeat for: 2, Not Change for: 48
[FM(306)]Cut Size: 43258, Current Best Cut: 43069, Repeat for: 2, Not Change for: 49
[FM(307)]Cut Size: 43258, Current Best Cut: 43069, Repeat for: 2, Not Change for: 50
[FM(308)]Cut Size: 43258, Current Best Cut: 43069, Repeat for: 2, Not Change for: 51
[FM(309)]Cut Size: 43264, Current Best Cut: 43069, Repeat for: 2, Not Change for: 52
[FM(310)]Cut Size: 43264, Current Best Cut: 43069, Repeat for: 2, Not Change for: 53
[FM(311)]Cut Size: 43400, Current Best Cut: 43069, Repeat for: 2, Not Change for: 54
[FM(312)]Cut Size: 43400, Current Best Cut: 43069, Repeat for: 2, Not Change for: 55
[FM(313)]Cut Size: 43400, Current Best Cut: 43069, Repeat for: 2, Not Change for: 56
[FM(314)]Cut Size: 43417, Current Best Cut: 43069, Repeat for: 2, Not Change for: 57
[FM(315)]Cut Size: 43177, Current Best Cut: 43069, Repeat for: 2, Not Change for: 58
[FM(316)]Cut Size: 43177, Current Best Cut: 43069, Repeat for: 2, Not Change for: 59
[FM(317)]Cut Size: 43177, Current Best Cut: 43069, Repeat for: 2, Not Change for: 60
[FM(318)]Cut Size: 43404, Current Best Cut: 43069, Repeat for: 2, Not Change for: 61
[FM(319)]Cut Size: 43404, Current Best Cut: 43069, Repeat for: 2, Not Change for: 62
[FM(320)]Cut Size: 43404, Current Best Cut: 43069, Repeat for: 2, Not Change for: 63
[FM(321)]Cut Size: 43590, Current Best Cut: 43069, Repeat for: 2, Not Change for: 64
[FM(322)]Cut Size: 43590, Current Best Cut: 43069, Repeat for: 2, Not Change for: 65
[FM(323)]Cut Size: 43590, Current Best Cut: 43069, Repeat for: 2, Not Change for: 66
[FM(324)]Cut Size: 43065, Current Best Cut: 43065, Repeat for: 1, Not Change for: 0
[FM(325)]Cut Size: 43111, Current Best Cut: 43065, Repeat for: 1, Not Change for: 1
[FM(326)]Cut Size: 42976, Current Best Cut: 42976, Repeat for: 1, Not Change for: 0
[FM(327)]Cut Size: 43051, Current Best Cut: 42976, Repeat for: 1, Not Change for: 1
[FM(328)]Cut Size: 42956, Current Best Cut: 42956, Repeat for: 1, Not Change for: 0
[FM(329)]Cut Size: 43003, Current Best Cut: 42956, Repeat for: 1, Not Change for: 1
[FM(330)]Cut Size: 42941, Current Best Cut: 42941, Repeat for: 1, Not Change for: 0
[FM(331)]Cut Size: 43064, Current Best Cut: 42941, Repeat for: 1, Not Change for: 1
[FM(332)]Cut Size: 42938, Current Best Cut: 42938, Repeat for: 1, Not Change for: 0
[FM(333)]Cut Size: 43010, Current Best Cut: 42938, Repeat for: 1, Not Change for: 1
[FM(334)]Cut Size: 42939, Current Best Cut: 42938, Repeat for: 1, Not Change for: 2
[FM(335)]Cut Size: 43004, Current Best Cut: 42938, Repeat for: 1, Not Change for: 3
[FM(336)]Cut Size: 43004, Current Best Cut: 42938, Repeat for: 1, Not Change for: 4
[FM(337)]Cut Size: 43261, Current Best Cut: 42938, Repeat for: 1, Not Change for: 5
[FM(338)]Cut Size: 43261, Current Best Cut: 42938, Repeat for: 1, Not Change for: 6
[FM(339)]Cut Size: 43657, Current Best Cut: 42938, Repeat for: 1, Not Change for: 7
[FM(340)]Cut Size: 43657, Current Best Cut: 42938, Repeat for: 1, Not Change for: 8
[FM(341)]Cut Size: 43093, Current Best Cut: 42938, Repeat for: 1, Not Change for: 9
[FM(342)]Cut Size: 43093, Current Best Cut: 42938, Repeat for: 1, Not Change for: 10
[FM(343)]Cut Size: 43093, Current Best Cut: 42938, Repeat for: 1, Not Change for: 11
[FM(344)]Cut Size: 43116, Current Best Cut: 42938, Repeat for: 1, Not Change for: 12
[FM(345)]Cut Size: 43116, Current Best Cut: 42938, Repeat for: 1, Not Change for: 13
[FM(346)]Cut Size: 43119, Current Best Cut: 42938, Repeat for: 1, Not Change for: 14
[FM(347)]Cut Size: 43119, Current Best Cut: 42938, Repeat for: 1, Not Change for: 15
[FM(348)]Cut Size: 43211, Current Best Cut: 42938, Repeat for: 1, Not Change for: 16
[FM(349)]Cut Size: 43210, Current Best Cut: 42938, Repeat for: 1, Not Change for: 17
[FM(350)]Cut Size: 43210, Current Best Cut: 42938, Repeat for: 1, Not Change for: 18
[FM(351)]Cut Size: 42938, Current Best Cut: 42938, Repeat for: 2, Not Change for: 19
[FM(352)]Cut Size: 43027, Current Best Cut: 42938, Repeat for: 2, Not Change for: 20
[FM(353)]Cut Size: 42905, Current Best Cut: 42905, Repeat for: 1, Not Change for: 0
[FM(354)]Cut Size: 42982, Current Best Cut: 42905, Repeat for: 1, Not Change for: 1
[FM(355)]Cut Size: 42876, Current Best Cut: 42876, Repeat for: 1, Not Change for: 0
[FM(356)]Cut Size: 42928, Current Best Cut: 42876, Repeat for: 1, Not Change for: 1
[FM(357)]Cut Size: 42862, Current Best Cut: 42862, Repeat for: 1, Not Change for: 0
[FM(358)]Cut Size: 42851, Current Best Cut: 42851, Repeat for: 1, Not Change for: 0
[FM(359)]Cut Size: 42849, Current Best Cut: 42849, Repeat for: 1, Not Change for: 0
[FM(360)]Cut Size: 42879, Current Best Cut: 42849, Repeat for: 1, Not Change for: 1
[FM(361)]Cut Size: 42856, Current Best Cut: 42849, Repeat for: 1, Not Change for: 2
[FM(362)]Cut Size: 42865, Current Best Cut: 42849, Repeat for: 1, Not Change for: 3
[FM(363)]Cut Size: 42865, Current Best Cut: 42849, Repeat for: 1, Not Change for: 4
[FM(364)]Cut Size: 42865, Current Best Cut: 42849, Repeat for: 1, Not Change for: 5
[FM(365)]Cut Size: 42868, Current Best Cut: 42849, Repeat for: 1, Not Change for: 6
[FM(366)]Cut Size: 42833, Current Best Cut: 42833, Repeat for: 1, Not Change for: 0
[FM(367)]Cut Size: 42831, Current Best Cut: 42831, Repeat for: 1, Not Change for: 0
[FM(368)]Cut Size: 42830, Current Best Cut: 42830, Repeat for: 1, Not Change for: 0
[FM(369)]Cut Size: 42830, Current Best Cut: 42830, Repeat for: 2, Not Change for: 1
[FM(370)]Cut Size: 42830, Current Best Cut: 42830, Repeat for: 3, Not Change for: 2
[FM(371)]Cut Size: 42830, Current Best Cut: 42830, Repeat for: 4, Not Change for: 3
[FM(372)]Cut Size: 42830, Current Best Cut: 42830, Repeat for: 5, Not Change for: 4
[FM(373)]Cut Size: 42997, Current Best Cut: 42830, Repeat for: 5, Not Change for: 5
[FM(374)]Cut Size: 43345, Current Best Cut: 42830, Repeat for: 5, Not Change for: 6
[FM(375)]Cut Size: 43345, Current Best Cut: 42830, Repeat for: 5, Not Change for: 7
[FM(376)]Cut Size: 43345, Current Best Cut: 42830, Repeat for: 5, Not Change for: 8
[FM(377)]Cut Size: 43568, Current Best Cut: 42830, Repeat for: 5, Not Change for: 9
[FM(378)]Cut Size: 43536, Current Best Cut: 42830, Repeat for: 5, Not Change for: 10
[FM(379)]Cut Size: 43536, Current Best Cut: 42830, Repeat for: 5, Not Change for: 11
[FM(380)]Cut Size: 42982, Current Best Cut: 42830, Repeat for: 5, Not Change for: 12
[FM(381)]Cut Size: 42982, Current Best Cut: 42830, Repeat for: 5, Not Change for: 13
[FM(382)]Cut Size: 43039, Current Best Cut: 42830, Repeat for: 5, Not Change for: 14
[FM(383)]Cut Size: 42916, Current Best Cut: 42830, Repeat for: 5, Not Change for: 15
[FM(384)]Cut Size: 42916, Current Best Cut: 42830, Repeat for: 5, Not Change for: 16
[FM(385)]Cut Size: 42944, Current Best Cut: 42830, Repeat for: 5, Not Change for: 17
[FM(386)]Cut Size: 42889, Current Best Cut: 42830, Repeat for: 5, Not Change for: 18
[FM(387)]Cut Size: 42889, Current Best Cut: 42830, Repeat for: 5, Not Change for: 19
[FM(388)]Cut Size: 42891, Current Best Cut: 42830, Repeat for: 5, Not Change for: 20
[FM(389)]Cut Size: 42891, Current Best Cut: 42830, Repeat for: 5, Not Change for: 21
[FM(390)]Cut Size: 42911, Current Best Cut: 42830, Repeat for: 5, Not Change for: 22
[FM(391)]Cut Size: 42914, Current Best Cut: 42830, Repeat for: 5, Not Change for: 23
[FM(392)]Cut Size: 42914, Current Best Cut: 42830, Repeat for: 5, Not Change for: 24
[FM(393)]Cut Size: 43048, Current Best Cut: 42830, Repeat for: 5, Not Change for: 25
[FM(394)]Cut Size: 43048, Current Best Cut: 42830, Repeat for: 5, Not Change for: 26
[FM(395)]Cut Size: 43048, Current Best Cut: 42830, Repeat for: 5, Not Change for: 27
[FM(396)]Cut Size: 43048, Current Best Cut: 42830, Repeat for: 5, Not Change for: 28
[FM(397)]Cut Size: 43048, Current Best Cut: 42830, Repeat for: 5, Not Change for: 29
[FM(398)]Cut Size: 43108, Current Best Cut: 42830, Repeat for: 5, Not Change for: 30
[FM(399)]Cut Size: 43121, Current Best Cut: 42830, Repeat for: 5, Not Change for: 31
[FM(400)]Cut Size: 43123, Current Best Cut: 42830, Repeat for: 5, Not Change for: 32
[FM(401)]Cut Size: 43123, Current Best Cut: 42830, Repeat for: 5, Not Change for: 33
[FM(402)]Cut Size: 43123, Current Best Cut: 42830, Repeat for: 5, Not Change for: 34
[FM(403)]Cut Size: 43100, Current Best Cut: 42830, Repeat for: 5, Not Change for: 35
[FM(404)]Cut Size: 43286, Current Best Cut: 42830, Repeat for: 5, Not Change for: 36
[FM(405)]Cut Size: 43286, Current Best Cut: 42830, Repeat for: 5, Not Change for: 37
[FM(406)]Cut Size: 43263, Current Best Cut: 42830, Repeat for: 5, Not Change for: 38
[FM(407)]Cut Size: 43263, Current Best Cut: 42830, Repeat for: 5, Not Change for: 39
[FM(408)]Cut Size: 43263, Current Best Cut: 42830, Repeat for: 5, Not Change for: 40
[FM(409)]Cut Size: 43263, Current Best Cut: 42830, Repeat for: 5, Not Change for: 41
[FM(410)]Cut Size: 43263, Current Best Cut: 42830, Repeat for: 5, Not Change for: 42
[FM(411)]Cut Size: 43263, Current Best Cut: 42830, Repeat for: 5, Not Change for: 43
[FM(412)]Cut Size: 42901, Current Best Cut: 42830, Repeat for: 5, Not Change for: 44
[FM(413)]Cut Size: 42901, Current Best Cut: 42830, Repeat for: 5, Not Change for: 45
[FM(414)]Cut Size: 42939, Current Best Cut: 42830, Repeat for: 5, Not Change for: 46
[FM(415)]Cut Size: 43131, Current Best Cut: 42830, Repeat for: 5, Not Change for: 47
[FM(416)]Cut Size: 43131, Current Best Cut: 42830, Repeat for: 5, Not Change for: 48
[FM(417)]Cut Size: 43317, Current Best Cut: 42830, Repeat for: 5, Not Change for: 49
[FM(418)]Cut Size: 43317, Current Best Cut: 42830, Repeat for: 5, Not Change for: 50
[FM(419)]Cut Size: 43317, Current Best Cut: 42830, Repeat for: 5, Not Change for: 51
[FM(420)]Cut Size: 43317, Current Best Cut: 42830, Repeat for: 5, Not Change for: 52
[FM(421)]Cut Size: 43499, Current Best Cut: 42830, Repeat for: 5, Not Change for: 53
[FM(422)]Cut Size: 43499, Current Best Cut: 42830, Repeat for: 5, Not Change for: 54
[FM(423)]Cut Size: 43499, Current Best Cut: 42830, Repeat for: 5, Not Change for: 55
[FM(424)]Cut Size: 43187, Current Best Cut: 42830, Repeat for: 5, Not Change for: 56
[FM(425)]Cut Size: 42904, Current Best Cut: 42830, Repeat for: 5, Not Change for: 57
[FM(426)]Cut Size: 42904, Current Best Cut: 42830, Repeat for: 5, Not Change for: 58
[FM(427)]Cut Size: 42978, Current Best Cut: 42830, Repeat for: 5, Not Change for: 59
[FM(428)]Cut Size: 42978, Current Best Cut: 42830, Repeat for: 5, Not Change for: 60
[FM(429)]Cut Size: 42978, Current Best Cut: 42830, Repeat for: 5, Not Change for: 61
[FM(430)]Cut Size: 42978, Current Best Cut: 42830, Repeat for: 5, Not Change for: 62
[FM(431)]Cut Size: 43006, Current Best Cut: 42830, Repeat for: 5, Not Change for: 63
[FM(432)]Cut Size: 43005, Current Best Cut: 42830, Repeat for: 5, Not Change for: 64
[FM(433)]Cut Size: 42993, Current Best Cut: 42830, Repeat for: 5, Not Change for: 65
[FM(434)]Cut Size: 43091, Current Best Cut: 42830, Repeat for: 5, Not Change for: 66
[FM(435)]Cut Size: 43091, Current Best Cut: 42830, Repeat for: 5, Not Change for: 67
[FM(436)]Cut Size: 43091, Current Best Cut: 42830, Repeat for: 5, Not Change for: 68
[FM(437)]Cut Size: 43095, Current Best Cut: 42830, Repeat for: 5, Not Change for: 69
[FM(438)]Cut Size: 43095, Current Best Cut: 42830, Repeat for: 5, Not Change for: 70
[FM(439)]Cut Size: 42938, Current Best Cut: 42830, Repeat for: 5, Not Change for: 71
[FM(440)]Cut Size: 42938, Current Best Cut: 42830, Repeat for: 5, Not Change for: 72
[FM(441)]Cut Size: 42950, Current Best Cut: 42830, Repeat for: 5, Not Change for: 73
[FM(442)]Cut Size: 42949, Current Best Cut: 42830, Repeat for: 5, Not Change for: 74
[FM(443)]Cut Size: 42958, Current Best Cut: 42830, Repeat for: 5, Not Change for: 75
[FM(444)]Cut Size: 42958, Current Best Cut: 42830, Repeat for: 5, Not Change for: 76
[FM(445)]Cut Size: 42958, Current Best Cut: 42830, Repeat for: 5, Not Change for: 77
[FM(446)]Cut Size: 43058, Current Best Cut: 42830, Repeat for: 5, Not Change for: 78
[FM(447)]Cut Size: 43058, Current Best Cut: 42830, Repeat for: 5, Not Change for: 79
[FM(448)]Cut Size: 43059, Current Best Cut: 42830, Repeat for: 5, Not Change for: 80
[FM(449)]Cut Size: 43104, Current Best Cut: 42830, Repeat for: 5, Not Change for: 81
[FM(450)]Cut Size: 42826, Current Best Cut: 42826, Repeat for: 1, Not Change for: 0
[FM(451)]Cut Size: 42894, Current Best Cut: 42826, Repeat for: 1, Not Change for: 1
[FM(452)]Cut Size: 42768, Current Best Cut: 42768, Repeat for: 1, Not Change for: 0
[FM(453)]Cut Size: 42816, Current Best Cut: 42768, Repeat for: 1, Not Change for: 1
[FM(454)]Cut Size: 42739, Current Best Cut: 42739, Repeat for: 1, Not Change for: 0
[FM(455)]Cut Size: 42818, Current Best Cut: 42739, Repeat for: 1, Not Change for: 1
[FM(456)]Cut Size: 42732, Current Best Cut: 42732, Repeat for: 1, Not Change for: 0
[FM(457)]Cut Size: 42764, Current Best Cut: 42732, Repeat for: 1, Not Change for: 1
[FM(458)]Cut Size: 42729, Current Best Cut: 42729, Repeat for: 1, Not Change for: 0
[FM(459)]Cut Size: 42752, Current Best Cut: 42729, Repeat for: 1, Not Change for: 1
[FM(460)]Cut Size: 42718, Current Best Cut: 42718, Repeat for: 1, Not Change for: 0
[FM(461)]Cut Size: 42731, Current Best Cut: 42718, Repeat for: 1, Not Change for: 1
[FM(462)]Cut Size: 42714, Current Best Cut: 42714, Repeat for: 1, Not Change for: 0
[FM(463)]Cut Size: 42751, Current Best Cut: 42714, Repeat for: 1, Not Change for: 1
[FM(464)]Cut Size: 42743, Current Best Cut: 42714, Repeat for: 1, Not Change for: 2
[FM(465)]Cut Size: 42789, Current Best Cut: 42714, Repeat for: 1, Not Change for: 3
[FM(466)]Cut Size: 42789, Current Best Cut: 42714, Repeat for: 1, Not Change for: 4
[FM(467)]Cut Size: 42789, Current Best Cut: 42714, Repeat for: 1, Not Change for: 5
[FM(468)]Cut Size: 42735, Current Best Cut: 42714, Repeat for: 1, Not Change for: 6
[FM(469)]Cut Size: 42801, Current Best Cut: 42714, Repeat for: 1, Not Change for: 7
[FM(470)]Cut Size: 42801, Current Best Cut: 42714, Repeat for: 1, Not Change for: 8
[FM(471)]Cut Size: 42801, Current Best Cut: 42714, Repeat for: 1, Not Change for: 9
[FM(472)]Cut Size: 42765, Current Best Cut: 42714, Repeat for: 1, Not Change for: 10
[FM(473)]Cut Size: 42825, Current Best Cut: 42714, Repeat for: 1, Not Change for: 11
[FM(474)]Cut Size: 42740, Current Best Cut: 42714, Repeat for: 1, Not Change for: 12
[FM(475)]Cut Size: 42914, Current Best Cut: 42714, Repeat for: 1, Not Change for: 13
[FM(476)]Cut Size: 42914, Current Best Cut: 42714, Repeat for: 1, Not Change for: 14
[FM(477)]Cut Size: 42914, Current Best Cut: 42714, Repeat for: 1, Not Change for: 15
[FM(478)]Cut Size: 42914, Current Best Cut: 42714, Repeat for: 1, Not Change for: 16
[FM(479)]Cut Size: 43346, Current Best Cut: 42714, Repeat for: 1, Not Change for: 17
[FM(480)]Cut Size: 43346, Current Best Cut: 42714, Repeat for: 1, Not Change for: 18
[FM(481)]Cut Size: 43349, Current Best Cut: 42714, Repeat for: 1, Not Change for: 19
[FM(482)]Cut Size: 43349, Current Best Cut: 42714, Repeat for: 1, Not Change for: 20
[FM(483)]Cut Size: 43450, Current Best Cut: 42714, Repeat for: 1, Not Change for: 21
[FM(484)]Cut Size: 43450, Current Best Cut: 42714, Repeat for: 1, Not Change for: 22
[FM(485)]Cut Size: 43450, Current Best Cut: 42714, Repeat for: 1, Not Change for: 23
[FM(486)]Cut Size: 43326, Current Best Cut: 42714, Repeat for: 1, Not Change for: 24
[FM(487)]Cut Size: 43326, Current Best Cut: 42714, Repeat for: 1, Not Change for: 25
[FM(488)]Cut Size: 43326, Current Best Cut: 42714, Repeat for: 1, Not Change for: 26
[FM(489)]Cut Size: 43326, Current Best Cut: 42714, Repeat for: 1, Not Change for: 27
[FM(490)]Cut Size: 43455, Current Best Cut: 42714, Repeat for: 1, Not Change for: 28
[FM(491)]Cut Size: 43310, Current Best Cut: 42714, Repeat for: 1, Not Change for: 29
[FM(492)]Cut Size: 43310, Current Best Cut: 42714, Repeat for: 1, Not Change for: 30
[FM(493)]Cut Size: 43310, Current Best Cut: 42714, Repeat for: 1, Not Change for: 31
[FM(494)]Cut Size: 42800, Current Best Cut: 42714, Repeat for: 1, Not Change for: 32
[FM(495)]Cut Size: 42807, Current Best Cut: 42714, Repeat for: 1, Not Change for: 33
[FM(496)]Cut Size: 42892, Current Best Cut: 42714, Repeat for: 1, Not Change for: 34
[FM(497)]Cut Size: 42712, Current Best Cut: 42712, Repeat for: 1, Not Change for: 0
[FM(498)]Cut Size: 42807, Current Best Cut: 42712, Repeat for: 1, Not Change for: 1
[FM(499)]Cut Size: 42684, Current Best Cut: 42684, Repeat for: 1, Not Change for: 0
[FM(500)]Cut Size: 42675, Current Best Cut: 42675, Repeat for: 1, Not Change for: 0
[FM(501)]Cut Size: 42658, Current Best Cut: 42658, Repeat for: 1, Not Change for: 0
[FM(502)]Cut Size: 42654, Current Best Cut: 42654, Repeat for: 1, Not Change for: 0
[FM(503)]Cut Size: 42657, Current Best Cut: 42654, Repeat for: 1, Not Change for: 1
[FM(504)]Cut Size: 42651, Current Best Cut: 42651, Repeat for: 1, Not Change for: 0
[FM(505)]Cut Size: 42650, Current Best Cut: 42650, Repeat for: 1, Not Change for: 0
[FM(506)]Cut Size: 42650, Current Best Cut: 42650, Repeat for: 2, Not Change for: 1
[FM(507)]Cut Size: 42650, Current Best Cut: 42650, Repeat for: 3, Not Change for: 2
[FM(508)]Cut Size: 42650, Current Best Cut: 42650, Repeat for: 4, Not Change for: 3
[FM(509)]Cut Size: 42650, Current Best Cut: 42650, Repeat for: 5, Not Change for: 4
[FM(510)]Cut Size: 42649, Current Best Cut: 42649, Repeat for: 1, Not Change for: 0
[FM(511)]Cut Size: 42649, Current Best Cut: 42649, Repeat for: 2, Not Change for: 1
[FM(512)]Cut Size: 42649, Current Best Cut: 42649, Repeat for: 3, Not Change for: 2
[FM(513)]Cut Size: 42649, Current Best Cut: 42649, Repeat for: 4, Not Change for: 3
[FM(514)]Cut Size: 42649, Current Best Cut: 42649, Repeat for: 5, Not Change for: 4
[FM(515)]Cut Size: 42649, Current Best Cut: 42649, Repeat for: 6, Not Change for: 5
[FM(516)]Cut Size: 42649, Current Best Cut: 42649, Repeat for: 7, Not Change for: 6
[FM(517)]Cut Size: 42906, Current Best Cut: 42649, Repeat for: 7, Not Change for: 7
[FM(518)]Cut Size: 43343, Current Best Cut: 42649, Repeat for: 7, Not Change for: 8
[FM(519)]Cut Size: 42770, Current Best Cut: 42649, Repeat for: 7, Not Change for: 9
[FM(520)]Cut Size: 42795, Current Best Cut: 42649, Repeat for: 7, Not Change for: 10
[FM(521)]Cut Size: 43044, Current Best Cut: 42649, Repeat for: 7, Not Change for: 11
[FM(522)]Cut Size: 42730, Current Best Cut: 42649, Repeat for: 7, Not Change for: 12
[FM(523)]Cut Size: 42779, Current Best Cut: 42649, Repeat for: 7, Not Change for: 13
[FM(524)]Cut Size: 43055, Current Best Cut: 42649, Repeat for: 7, Not Change for: 14
[FM(525)]Cut Size: 43263, Current Best Cut: 42649, Repeat for: 7, Not Change for: 15
[FM(526)]Cut Size: 43273, Current Best Cut: 42649, Repeat for: 7, Not Change for: 16
[FM(527)]Cut Size: 43273, Current Best Cut: 42649, Repeat for: 7, Not Change for: 17
[FM(528)]Cut Size: 43273, Current Best Cut: 42649, Repeat for: 7, Not Change for: 18
[FM(529)]Cut Size: 43273, Current Best Cut: 42649, Repeat for: 7, Not Change for: 19
[FM(530)]Cut Size: 43273, Current Best Cut: 42649, Repeat for: 7, Not Change for: 20
[FM(531)]Cut Size: 43279, Current Best Cut: 42649, Repeat for: 7, Not Change for: 21
[FM(532)]Cut Size: 43279, Current Best Cut: 42649, Repeat for: 7, Not Change for: 22
[FM(533)]Cut Size: 43279, Current Best Cut: 42649, Repeat for: 7, Not Change for: 23
[FM(534)]Cut Size: 42786, Current Best Cut: 42649, Repeat for: 7, Not Change for: 24
[FM(535)]Cut Size: 42786, Current Best Cut: 42649, Repeat for: 7, Not Change for: 25
[FM(536)]Cut Size: 42786, Current Best Cut: 42649, Repeat for: 7, Not Change for: 26
[FM(537)]Cut Size: 42792, Current Best Cut: 42649, Repeat for: 7, Not Change for: 27
[FM(538)]Cut Size: 42804, Current Best Cut: 42649, Repeat for: 7, Not Change for: 28
[FM(539)]Cut Size: 42804, Current Best Cut: 42649, Repeat for: 7, Not Change for: 29
[FM(540)]Cut Size: 42804, Current Best Cut: 42649, Repeat for: 7, Not Change for: 30
[FM(541)]Cut Size: 42742, Current Best Cut: 42649, Repeat for: 7, Not Change for: 31
[FM(542)]Cut Size: 42742, Current Best Cut: 42649, Repeat for: 7, Not Change for: 32
[FM(543)]Cut Size: 42640, Current Best Cut: 42640, Repeat for: 1, Not Change for: 0
[FM(544)]Cut Size: 42613, Current Best Cut: 42613, Repeat for: 1, Not Change for: 0
[FM(545)]Cut Size: 42603, Current Best Cut: 42603, Repeat for: 1, Not Change for: 0
[FM(546)]Cut Size: 42676, Current Best Cut: 42603, Repeat for: 1, Not Change for: 1
[FM(547)]Cut Size: 42610, Current Best Cut: 42603, Repeat for: 1, Not Change for: 2
[FM(548)]Cut Size: 42604, Current Best Cut: 42603, Repeat for: 1, Not Change for: 3
[FM(549)]Cut Size: 42604, Current Best Cut: 42603, Repeat for: 1, Not Change for: 4
[FM(550)]Cut Size: 42604, Current Best Cut: 42603, Repeat for: 1, Not Change for: 5
[FM(551)]Cut Size: 42802, Current Best Cut: 42603, Repeat for: 1, Not Change for: 6
[FM(552)]Cut Size: 42802, Current Best Cut: 42603, Repeat for: 1, Not Change for: 7
[FM(553)]Cut Size: 42845, Current Best Cut: 42603, Repeat for: 1, Not Change for: 8
[FM(554)]Cut Size: 42845, Current Best Cut: 42603, Repeat for: 1, Not Change for: 9
[FM(555)]Cut Size: 43383, Current Best Cut: 42603, Repeat for: 1, Not Change for: 10
[FM(556)]Cut Size: 42722, Current Best Cut: 42603, Repeat for: 1, Not Change for: 11
[FM(557)]Cut Size: 42722, Current Best Cut: 42603, Repeat for: 1, Not Change for: 12
[FM(558)]Cut Size: 42722, Current Best Cut: 42603, Repeat for: 1, Not Change for: 13
[FM(559)]Cut Size: 42719, Current Best Cut: 42603, Repeat for: 1, Not Change for: 14
[FM(560)]Cut Size: 42719, Current Best Cut: 42603, Repeat for: 1, Not Change for: 15
[FM(561)]Cut Size: 42795, Current Best Cut: 42603, Repeat for: 1, Not Change for: 16
[FM(562)]Cut Size: 42795, Current Best Cut: 42603, Repeat for: 1, Not Change for: 17
[FM(563)]Cut Size: 42795, Current Best Cut: 42603, Repeat for: 1, Not Change for: 18
[FM(564)]Cut Size: 42790, Current Best Cut: 42603, Repeat for: 1, Not Change for: 19
[FM(565)]Cut Size: 42790, Current Best Cut: 42603, Repeat for: 1, Not Change for: 20
[FM(566)]Cut Size: 42790, Current Best Cut: 42603, Repeat for: 1, Not Change for: 21
[FM(567)]Cut Size: 42790, Current Best Cut: 42603, Repeat for: 1, Not Change for: 22
[FM(568)]Cut Size: 42790, Current Best Cut: 42603, Repeat for: 1, Not Change for: 23
[FM(569)]Cut Size: 42791, Current Best Cut: 42603, Repeat for: 1, Not Change for: 24
[FM(570)]Cut Size: 43114, Current Best Cut: 42603, Repeat for: 1, Not Change for: 25
[FM(571)]Cut Size: 43114, Current Best Cut: 42603, Repeat for: 1, Not Change for: 26
[FM(572)]Cut Size: 42661, Current Best Cut: 42603, Repeat for: 1, Not Change for: 27
[FM(573)]Cut Size: 42661, Current Best Cut: 42603, Repeat for: 1, Not Change for: 28
[FM(574)]Cut Size: 42661, Current Best Cut: 42603, Repeat for: 1, Not Change for: 29
[FM(575)]Cut Size: 42661, Current Best Cut: 42603, Repeat for: 1, Not Change for: 30
[FM(576)]Cut Size: 42783, Current Best Cut: 42603, Repeat for: 1, Not Change for: 31
[FM(577)]Cut Size: 42783, Current Best Cut: 42603, Repeat for: 1, Not Change for: 32
[FM(578)]Cut Size: 42783, Current Best Cut: 42603, Repeat for: 1, Not Change for: 33
[FM(579)]Cut Size: 42901, Current Best Cut: 42603, Repeat for: 1, Not Change for: 34
[FM(580)]Cut Size: 42892, Current Best Cut: 42603, Repeat for: 1, Not Change for: 35
[FM(581)]Cut Size: 43146, Current Best Cut: 42603, Repeat for: 1, Not Change for: 36
[FM(582)]Cut Size: 43229, Current Best Cut: 42603, Repeat for: 1, Not Change for: 37
[FM(583)]Cut Size: 43318, Current Best Cut: 42603, Repeat for: 1, Not Change for: 38
[FM(584)]Cut Size: 43318, Current Best Cut: 42603, Repeat for: 1, Not Change for: 39
[FM(585)]Cut Size: 43318, Current Best Cut: 42603, Repeat for: 1, Not Change for: 40
[FM(586)]Cut Size: 43271, Current Best Cut: 42603, Repeat for: 1, Not Change for: 41
[FM(587)]Cut Size: 42756, Current Best Cut: 42603, Repeat for: 1, Not Change for: 42
[FM(588)]Cut Size: 42756, Current Best Cut: 42603, Repeat for: 1, Not Change for: 43
[FM(589)]Cut Size: 42720, Current Best Cut: 42603, Repeat for: 1, Not Change for: 44
[FM(590)]Cut Size: 42720, Current Best Cut: 42603, Repeat for: 1, Not Change for: 45
[FM(591)]Cut Size: 42720, Current Best Cut: 42603, Repeat for: 1, Not Change for: 46
[FM(592)]Cut Size: 42901, Current Best Cut: 42603, Repeat for: 1, Not Change for: 47
[FM(593)]Cut Size: 43095, Current Best Cut: 42603, Repeat for: 1, Not Change for: 48
[FM(594)]Cut Size: 43095, Current Best Cut: 42603, Repeat for: 1, Not Change for: 49
[FM(595)]Cut Size: 43095, Current Best Cut: 42603, Repeat for: 1, Not Change for: 50
[FM(596)]Cut Size: 43095, Current Best Cut: 42603, Repeat for: 1, Not Change for: 51
[FM(597)]Cut Size: 43095, Current Best Cut: 42603, Repeat for: 1, Not Change for: 52
[FM(598)]Cut Size: 43095, Current Best Cut: 42603, Repeat for: 1, Not Change for: 53
[FM(599)]Cut Size: 43095, Current Best Cut: 42603, Repeat for: 1, Not Change for: 54
[FM(600)]Cut Size: 42713, Current Best Cut: 42603, Repeat for: 1, Not Change for: 55
[FM(601)]Cut Size: 42714, Current Best Cut: 42603, Repeat for: 1, Not Change for: 56
[FM(602)]Cut Size: 42714, Current Best Cut: 42603, Repeat for: 1, Not Change for: 57
[FM(603)]Cut Size: 42714, Current Best Cut: 42603, Repeat for: 1, Not Change for: 58
[FM(604)]Cut Size: 42676, Current Best Cut: 42603, Repeat for: 1, Not Change for: 59
[FM(605)]Cut Size: 42684, Current Best Cut: 42603, Repeat for: 1, Not Change for: 60
[FM(606)]Cut Size: 42627, Current Best Cut: 42603, Repeat for: 1, Not Change for: 61
[FM(607)]Cut Size: 42608, Current Best Cut: 42603, Repeat for: 1, Not Change for: 62
[FM(608)]Cut Size: 42621, Current Best Cut: 42603, Repeat for: 1, Not Change for: 63
[FM(609)]Cut Size: 42621, Current Best Cut: 42603, Repeat for: 1, Not Change for: 64
[FM(610)]Cut Size: 42635, Current Best Cut: 42603, Repeat for: 1, Not Change for: 65
[FM(611)]Cut Size: 42635, Current Best Cut: 42603, Repeat for: 1, Not Change for: 66
[FM(612)]Cut Size: 42635, Current Best Cut: 42603, Repeat for: 1, Not Change for: 67
[FM(613)]Cut Size: 42635, Current Best Cut: 42603, Repeat for: 1, Not Change for: 68
[FM(614)]Cut Size: 42680, Current Best Cut: 42603, Repeat for: 1, Not Change for: 69
[FM(615)]Cut Size: 42580, Current Best Cut: 42580, Repeat for: 1, Not Change for: 0
[FM(616)]Cut Size: 42557, Current Best Cut: 42557, Repeat for: 1, Not Change for: 0
[FM(617)]Cut Size: 42550, Current Best Cut: 42550, Repeat for: 1, Not Change for: 0
[FM(618)]Cut Size: 42548, Current Best Cut: 42548, Repeat for: 1, Not Change for: 0
[FM(619)]Cut Size: 42548, Current Best Cut: 42548, Repeat for: 2, Not Change for: 1
[FM(620)]Cut Size: 42548, Current Best Cut: 42548, Repeat for: 3, Not Change for: 2
[FM(621)]Cut Size: 42548, Current Best Cut: 42548, Repeat for: 4, Not Change for: 3
[FM(622)]Cut Size: 42562, Current Best Cut: 42548, Repeat for: 4, Not Change for: 4
[FM(623)]Cut Size: 42562, Current Best Cut: 42548, Repeat for: 4, Not Change for: 5
[FM(624)]Cut Size: 42562, Current Best Cut: 42548, Repeat for: 4, Not Change for: 6
[FM(625)]Cut Size: 42564, Current Best Cut: 42548, Repeat for: 4, Not Change for: 7
[FM(626)]Cut Size: 42601, Current Best Cut: 42548, Repeat for: 4, Not Change for: 8
[FM(627)]Cut Size: 42601, Current Best Cut: 42548, Repeat for: 4, Not Change for: 9
[FM(628)]Cut Size: 42547, Current Best Cut: 42547, Repeat for: 1, Not Change for: 0
[FM(629)]Cut Size: 42530, Current Best Cut: 42530, Repeat for: 1, Not Change for: 0
[FM(630)]Cut Size: 42521, Current Best Cut: 42521, Repeat for: 1, Not Change for: 0
[FM(631)]Cut Size: 42520, Current Best Cut: 42520, Repeat for: 1, Not Change for: 0
[FM(632)]Cut Size: 42520, Current Best Cut: 42520, Repeat for: 2, Not Change for: 1
[FM(633)]Cut Size: 42520, Current Best Cut: 42520, Repeat for: 3, Not Change for: 2
[FM(634)]Cut Size: 42520, Current Best Cut: 42520, Repeat for: 4, Not Change for: 3
[FM(635)]Cut Size: 42520, Current Best Cut: 42520, Repeat for: 5, Not Change for: 4
[FM(636)]Cut Size: 42550, Current Best Cut: 42520, Repeat for: 5, Not Change for: 5
[FM(637)]Cut Size: 42558, Current Best Cut: 42520, Repeat for: 5, Not Change for: 6
[FM(638)]Cut Size: 42656, Current Best Cut: 42520, Repeat for: 5, Not Change for: 7
[FM(639)]Cut Size: 42656, Current Best Cut: 42520, Repeat for: 5, Not Change for: 8
[FM(640)]Cut Size: 42659, Current Best Cut: 42520, Repeat for: 5, Not Change for: 9
[FM(641)]Cut Size: 42478, Current Best Cut: 42478, Repeat for: 1, Not Change for: 0
[FM(642)]Cut Size: 42483, Current Best Cut: 42478, Repeat for: 1, Not Change for: 1
[FM(643)]Cut Size: 42448, Current Best Cut: 42448, Repeat for: 1, Not Change for: 0
[FM(644)]Cut Size: 42485, Current Best Cut: 42448, Repeat for: 1, Not Change for: 1
[FM(645)]Cut Size: 42451, Current Best Cut: 42448, Repeat for: 1, Not Change for: 2
[FM(646)]Cut Size: 42494, Current Best Cut: 42448, Repeat for: 1, Not Change for: 3
[FM(647)]Cut Size: 42494, Current Best Cut: 42448, Repeat for: 1, Not Change for: 4
[FM(648)]Cut Size: 42603, Current Best Cut: 42448, Repeat for: 1, Not Change for: 5
[FM(649)]Cut Size: 42603, Current Best Cut: 42448, Repeat for: 1, Not Change for: 6
[FM(650)]Cut Size: 42841, Current Best Cut: 42448, Repeat for: 1, Not Change for: 7
[FM(651)]Cut Size: 42841, Current Best Cut: 42448, Repeat for: 1, Not Change for: 8
[FM(652)]Cut Size: 42841, Current Best Cut: 42448, Repeat for: 1, Not Change for: 9
[FM(653)]Cut Size: 43044, Current Best Cut: 42448, Repeat for: 1, Not Change for: 10
[FM(654)]Cut Size: 43044, Current Best Cut: 42448, Repeat for: 1, Not Change for: 11
[FM(655)]Cut Size: 43162, Current Best Cut: 42448, Repeat for: 1, Not Change for: 12
[FM(656)]Cut Size: 43162, Current Best Cut: 42448, Repeat for: 1, Not Change for: 13
[FM(657)]Cut Size: 42646, Current Best Cut: 42448, Repeat for: 1, Not Change for: 14
[FM(658)]Cut Size: 42646, Current Best Cut: 42448, Repeat for: 1, Not Change for: 15
[FM(659)]Cut Size: 42646, Current Best Cut: 42448, Repeat for: 1, Not Change for: 16
[FM(660)]Cut Size: 42848, Current Best Cut: 42448, Repeat for: 1, Not Change for: 17
[FM(661)]Cut Size: 42985, Current Best Cut: 42448, Repeat for: 1, Not Change for: 18
[FM(662)]Cut Size: 42730, Current Best Cut: 42448, Repeat for: 1, Not Change for: 19
[FM(663)]Cut Size: 42860, Current Best Cut: 42448, Repeat for: 1, Not Change for: 20
[FM(664)]Cut Size: 42860, Current Best Cut: 42448, Repeat for: 1, Not Change for: 21
[FM(665)]Cut Size: 42860, Current Best Cut: 42448, Repeat for: 1, Not Change for: 22
[FM(666)]Cut Size: 43047, Current Best Cut: 42448, Repeat for: 1, Not Change for: 23
[FM(667)]Cut Size: 43046, Current Best Cut: 42448, Repeat for: 1, Not Change for: 24
[FM(668)]Cut Size: 43046, Current Best Cut: 42448, Repeat for: 1, Not Change for: 25
[FM(669)]Cut Size: 43046, Current Best Cut: 42448, Repeat for: 1, Not Change for: 26
[FM(670)]Cut Size: 43046, Current Best Cut: 42448, Repeat for: 1, Not Change for: 27
[FM(671)]Cut Size: 43046, Current Best Cut: 42448, Repeat for: 1, Not Change for: 28
[FM(672)]Cut Size: 43046, Current Best Cut: 42448, Repeat for: 1, Not Change for: 29
[FM(673)]Cut Size: 43046, Current Best Cut: 42448, Repeat for: 1, Not Change for: 30
[FM(674)]Cut Size: 43047, Current Best Cut: 42448, Repeat for: 1, Not Change for: 31
[FM(675)]Cut Size: 43047, Current Best Cut: 42448, Repeat for: 1, Not Change for: 32
[FM(676)]Cut Size: 43055, Current Best Cut: 42448, Repeat for: 1, Not Change for: 33
[FM(677)]Cut Size: 42688, Current Best Cut: 42448, Repeat for: 1, Not Change for: 34
[FM(678)]Cut Size: 42688, Current Best Cut: 42448, Repeat for: 1, Not Change for: 35
[FM(679)]Cut Size: 42709, Current Best Cut: 42448, Repeat for: 1, Not Change for: 36
[FM(680)]Cut Size: 42709, Current Best Cut: 42448, Repeat for: 1, Not Change for: 37
[FM(681)]Cut Size: 42813, Current Best Cut: 42448, Repeat for: 1, Not Change for: 38
[FM(682)]Cut Size: 42642, Current Best Cut: 42448, Repeat for: 1, Not Change for: 39
[FM(683)]Cut Size: 42691, Current Best Cut: 42448, Repeat for: 1, Not Change for: 40
[FM(684)]Cut Size: 42681, Current Best Cut: 42448, Repeat for: 1, Not Change for: 41
[FM(685)]Cut Size: 42923, Current Best Cut: 42448, Repeat for: 1, Not Change for: 42
[FM(686)]Cut Size: 42957, Current Best Cut: 42448, Repeat for: 1, Not Change for: 43
[FM(687)]Cut Size: 42957, Current Best Cut: 42448, Repeat for: 1, Not Change for: 44
[FM(688)]Cut Size: 42957, Current Best Cut: 42448, Repeat for: 1, Not Change for: 45
[FM(689)]Cut Size: 42789, Current Best Cut: 42448, Repeat for: 1, Not Change for: 46
[FM(690)]Cut Size: 42789, Current Best Cut: 42448, Repeat for: 1, Not Change for: 47
[FM(691)]Cut Size: 42789, Current Best Cut: 42448, Repeat for: 1, Not Change for: 48
[FM(692)]Cut Size: 42859, Current Best Cut: 42448, Repeat for: 1, Not Change for: 49
[FM(693)]Cut Size: 42941, Current Best Cut: 42448, Repeat for: 1, Not Change for: 50
[FM(694)]Cut Size: 42941, Current Best Cut: 42448, Repeat for: 1, Not Change for: 51
[FM(695)]Cut Size: 42941, Current Best Cut: 42448, Repeat for: 1, Not Change for: 52
[FM(696)]Cut Size: 42941, Current Best Cut: 42448, Repeat for: 1, Not Change for: 53
[FM(697)]Cut Size: 42973, Current Best Cut: 42448, Repeat for: 1, Not Change for: 54
[FM(698)]Cut Size: 42973, Current Best Cut: 42448, Repeat for: 1, Not Change for: 55
[FM(699)]Cut Size: 42983, Current Best Cut: 42448, Repeat for: 1, Not Change for: 56
[FM(700)]Cut Size: 42992, Current Best Cut: 42448, Repeat for: 1, Not Change for: 57
[FM(701)]Cut Size: 42992, Current Best Cut: 42448, Repeat for: 1, Not Change for: 58
[FM(702)]Cut Size: 42820, Current Best Cut: 42448, Repeat for: 1, Not Change for: 59
[FM(703)]Cut Size: 42937, Current Best Cut: 42448, Repeat for: 1, Not Change for: 60
[FM(704)]Cut Size: 42991, Current Best Cut: 42448, Repeat for: 1, Not Change for: 61
[FM(705)]Cut Size: 42991, Current Best Cut: 42448, Repeat for: 1, Not Change for: 62
[FM(706)]Cut Size: 43016, Current Best Cut: 42448, Repeat for: 1, Not Change for: 63
[FM(707)]Cut Size: 42953, Current Best Cut: 42448, Repeat for: 1, Not Change for: 64
[FM(708)]Cut Size: 42953, Current Best Cut: 42448, Repeat for: 1, Not Change for: 65
[FM(709)]Cut Size: 42953, Current Best Cut: 42448, Repeat for: 1, Not Change for: 66
[FM(710)]Cut Size: 42953, Current Best Cut: 42448, Repeat for: 1, Not Change for: 67
[FM(711)]Cut Size: 42626, Current Best Cut: 42448, Repeat for: 1, Not Change for: 68
[FM(712)]Cut Size: 42584, Current Best Cut: 42448, Repeat for: 1, Not Change for: 69
[FM(713)]Cut Size: 42645, Current Best Cut: 42448, Repeat for: 1, Not Change for: 70
[FM(714)]Cut Size: 42645, Current Best Cut: 42448, Repeat for: 1, Not Change for: 71
[FM(715)]Cut Size: 42645, Current Best Cut: 42448, Repeat for: 1, Not Change for: 72
[FM(716)]Cut Size: 42645, Current Best Cut: 42448, Repeat for: 1, Not Change for: 73
[FM(717)]Cut Size: 42645, Current Best Cut: 42448, Repeat for: 1, Not Change for: 74
[FM(718)]Cut Size: 42778, Current Best Cut: 42448, Repeat for: 1, Not Change for: 75
[FM(719)]Cut Size: 42778, Current Best Cut: 42448, Repeat for: 1, Not Change for: 76
[FM(720)]Cut Size: 42778, Current Best Cut: 42448, Repeat for: 1, Not Change for: 77
[FM(721)]Cut Size: 42778, Current Best Cut: 42448, Repeat for: 1, Not Change for: 78
[FM(722)]Cut Size: 42778, Current Best Cut: 42448, Repeat for: 1, Not Change for: 79
[FM(723)]Cut Size: 42818, Current Best Cut: 42448, Repeat for: 1, Not Change for: 80
[FM(724)]Cut Size: 42818, Current Best Cut: 42448, Repeat for: 1, Not Change for: 81
[FM(725)]Cut Size: 42755, Current Best Cut: 42448, Repeat for: 1, Not Change for: 82
[FM(726)]Cut Size: 42755, Current Best Cut: 42448, Repeat for: 1, Not Change for: 83
[FM(727)]Cut Size: 42880, Current Best Cut: 42448, Repeat for: 1, Not Change for: 84
[FM(728)]Cut Size: 42880, Current Best Cut: 42448, Repeat for: 1, Not Change for: 85
[FM(729)]Cut Size: 43080, Current Best Cut: 42448, Repeat for: 1, Not Change for: 86
[FM(730)]Cut Size: 43080, Current Best Cut: 42448, Repeat for: 1, Not Change for: 87
[FM(731)]Cut Size: 43080, Current Best Cut: 42448, Repeat for: 1, Not Change for: 88
[FM(732)]Cut Size: 42588, Current Best Cut: 42448, Repeat for: 1, Not Change for: 89
[FM(733)]Cut Size: 42704, Current Best Cut: 42448, Repeat for: 1, Not Change for: 90
[FM(734)]Cut Size: 42704, Current Best Cut: 42448, Repeat for: 1, Not Change for: 91
[FM(735)]Cut Size: 42704, Current Best Cut: 42448, Repeat for: 1, Not Change for: 92
[FM(736)]Cut Size: 42512, Current Best Cut: 42448, Repeat for: 1, Not Change for: 93
[FM(737)]Cut Size: 42512, Current Best Cut: 42448, Repeat for: 1, Not Change for: 94
[FM(738)]Cut Size: 42499, Current Best Cut: 42448, Repeat for: 1, Not Change for: 95
[FM(739)]Cut Size: 42499, Current Best Cut: 42448, Repeat for: 1, Not Change for: 96
[FM(740)]Cut Size: 42537, Current Best Cut: 42448, Repeat for: 1, Not Change for: 97
[FM(741)]Cut Size: 42727, Current Best Cut: 42448, Repeat for: 1, Not Change for: 98
[FM(742)]Cut Size: 42727, Current Best Cut: 42448, Repeat for: 1, Not Change for: 99
[FM(743)]Cut Size: 42727, Current Best Cut: 42448, Repeat for: 1, Not Change for: 100
[FM(744)]Cut Size: 42494, Current Best Cut: 42448, Repeat for: 1, Not Change for: 101
