
==================== Parser Summary ====================
Num Cell: 382489
Num Net: 483599
Max Degree: 4
Lower Bound: 189332
Higher Bound: 193157

==================== Init Partition Summary ====================
Left: 189333, Right: 193156
Initial State: 319495
[FM(1)]Cut Size: 166746, Current Best Cut: 166746, Repeat for: 1, Not Change for: 0
[FM(2)]Cut Size: 150790, Current Best Cut: 150790, Repeat for: 1, Not Change for: 0
[FM(3)]Cut Size: 146824, Current Best Cut: 146824, Repeat for: 1, Not Change for: 0
[FM(4)]Cut Size: 145134, Current Best Cut: 145134, Repeat for: 1, Not Change for: 0
[FM(5)]Cut Size: 144321, Current Best Cut: 144321, Repeat for: 1, Not Change for: 0
[FM(6)]Cut Size: 143937, Current Best Cut: 143937, Repeat for: 1, Not Change for: 0
[FM(7)]Cut Size: 143538, Current Best Cut: 143538, Repeat for: 1, Not Change for: 0
[FM(8)]Cut Size: 143526, Current Best Cut: 143526, Repeat for: 1, Not Change for: 0
[FM(9)]Cut Size: 143169, Current Best Cut: 143169, Repeat for: 1, Not Change for: 0
[FM(10)]Cut Size: 143036, Current Best Cut: 143036, Repeat for: 1, Not Change for: 0
[FM(11)]Cut Size: 142938, Current Best Cut: 142938, Repeat for: 1, Not Change for: 0
[FM(12)]Cut Size: 142911, Current Best Cut: 142911, Repeat for: 1, Not Change for: 0
[FM(13)]Cut Size: 142826, Current Best Cut: 142826, Repeat for: 1, Not Change for: 0
[FM(14)]Cut Size: 142789, Current Best Cut: 142789, Repeat for: 1, Not Change for: 0
[FM(15)]Cut Size: 142762, Current Best Cut: 142762, Repeat for: 1, Not Change for: 0
[FM(16)]Cut Size: 142745, Current Best Cut: 142745, Repeat for: 1, Not Change for: 0
[FM(17)]Cut Size: 142734, Current Best Cut: 142734, Repeat for: 1, Not Change for: 0
[FM(18)]Cut Size: 142726, Current Best Cut: 142726, Repeat for: 1, Not Change for: 0
[FM(19)]Cut Size: 142723, Current Best Cut: 142723, Repeat for: 1, Not Change for: 0
[FM(20)]Cut Size: 142723, Current Best Cut: 142723, Repeat for: 2, Not Change for: 1
[FM(21)]Cut Size: 142721, Current Best Cut: 142721, Repeat for: 1, Not Change for: 0
[FM(22)]Cut Size: 142719, Current Best Cut: 142719, Repeat for: 1, Not Change for: 0
[FM(23)]Cut Size: 142719, Current Best Cut: 142719, Repeat for: 2, Not Change for: 1
[FM(24)]Cut Size: 142716, Current Best Cut: 142716, Repeat for: 1, Not Change for: 0
[FM(25)]Cut Size: 142716, Current Best Cut: 142716, Repeat for: 2, Not Change for: 1
[FM(26)]Cut Size: 142716, Current Best Cut: 142716, Repeat for: 3, Not Change for: 2
[FM(27)]Cut Size: 142716, Current Best Cut: 142716, Repeat for: 4, Not Change for: 3
[FM(28)]Cut Size: 142716, Current Best Cut: 142716, Repeat for: 5, Not Change for: 4
[FM(29)]Cut Size: 142716, Current Best Cut: 142716, Repeat for: 6, Not Change for: 5
[FM(30)]Cut Size: 142716, Current Best Cut: 142716, Repeat for: 7, Not Change for: 6
[FM(31)]Cut Size: 142868, Current Best Cut: 142716, Repeat for: 7, Not Change for: 7
[FM(32)]Cut Size: 143124, Current Best Cut: 142716, Repeat for: 7, Not Change for: 8
[FM(33)]Cut Size: 143124, Current Best Cut: 142716, Repeat for: 7, Not Change for: 9
[FM(34)]Cut Size: 143124, Current Best Cut: 142716, Repeat for: 7, Not Change for: 10
[FM(35)]Cut Size: 143124, Current Best Cut: 142716, Repeat for: 7, Not Change for: 11
[FM(36)]Cut Size: 143853, Current Best Cut: 142716, Repeat for: 7, Not Change for: 12
[FM(37)]Cut Size: 143853, Current Best Cut: 142716, Repeat for: 7, Not Change for: 13
[FM(38)]Cut Size: 143853, Current Best Cut: 142716, Repeat for: 7, Not Change for: 14
[FM(39)]Cut Size: 143853, Current Best Cut: 142716, Repeat for: 7, Not Change for: 15
[FM(40)]Cut Size: 142571, Current Best Cut: 142571, Repeat for: 1, Not Change for: 0
[FM(41)]Cut Size: 142319, Current Best Cut: 142319, Repeat for: 1, Not Change for: 0
[FM(42)]Cut Size: 142112, Current Best Cut: 142112, Repeat for: 1, Not Change for: 0
[FM(43)]Cut Size: 142023, Current Best Cut: 142023, Repeat for: 1, Not Change for: 0
[FM(44)]Cut Size: 142020, Current Best Cut: 142020, Repeat for: 1, Not Change for: 0
[FM(45)]Cut Size: 141908, Current Best Cut: 141908, Repeat for: 1, Not Change for: 0
[FM(46)]Cut Size: 141923, Current Best Cut: 141908, Repeat for: 1, Not Change for: 1
[FM(47)]Cut Size: 141869, Current Best Cut: 141869, Repeat for: 1, Not Change for: 0
[FM(48)]Cut Size: 141943, Current Best Cut: 141869, Repeat for: 1, Not Change for: 1
[FM(49)]Cut Size: 141851, Current Best Cut: 141851, Repeat for: 1, Not Change for: 0
[FM(50)]Cut Size: 141842, Current Best Cut: 141842, Repeat for: 1, Not Change for: 0
[FM(51)]Cut Size: 141806, Current Best Cut: 141806, Repeat for: 1, Not Change for: 0
[FM(52)]Cut Size: 141909, Current Best Cut: 141806, Repeat for: 1, Not Change for: 1
[FM(53)]Cut Size: 141810, Current Best Cut: 141806, Repeat for: 1, Not Change for: 2
[FM(54)]Cut Size: 141843, Current Best Cut: 141806, Repeat for: 1, Not Change for: 3
[FM(55)]Cut Size: 141783, Current Best Cut: 141783, Repeat for: 1, Not Change for: 0
[FM(56)]Cut Size: 141761, Current Best Cut: 141761, Repeat for: 1, Not Change for: 0
[FM(57)]Cut Size: 141722, Current Best Cut: 141722, Repeat for: 1, Not Change for: 0
[FM(58)]Cut Size: 141703, Current Best Cut: 141703, Repeat for: 1, Not Change for: 0
[FM(59)]Cut Size: 141695, Current Best Cut: 141695, Repeat for: 1, Not Change for: 0
[FM(60)]Cut Size: 141687, Current Best Cut: 141687, Repeat for: 1, Not Change for: 0
[FM(61)]Cut Size: 141683, Current Best Cut: 141683, Repeat for: 1, Not Change for: 0
[FM(62)]Cut Size: 141679, Current Best Cut: 141679, Repeat for: 1, Not Change for: 0
[FM(63)]Cut Size: 141674, Current Best Cut: 141674, Repeat for: 1, Not Change for: 0
[FM(64)]Cut Size: 141674, Current Best Cut: 141674, Repeat for: 2, Not Change for: 1
[FM(65)]Cut Size: 141674, Current Best Cut: 141674, Repeat for: 3, Not Change for: 2
[FM(66)]Cut Size: 141673, Current Best Cut: 141673, Repeat for: 1, Not Change for: 0
[FM(67)]Cut Size: 141673, Current Best Cut: 141673, Repeat for: 2, Not Change for: 1
[FM(68)]Cut Size: 141688, Current Best Cut: 141673, Repeat for: 2, Not Change for: 2
[FM(69)]Cut Size: 141673, Current Best Cut: 141673, Repeat for: 3, Not Change for: 3
[FM(70)]Cut Size: 141673, Current Best Cut: 141673, Repeat for: 4, Not Change for: 4
[FM(71)]Cut Size: 141671, Current Best Cut: 141671, Repeat for: 1, Not Change for: 0
[FM(72)]Cut Size: 141710, Current Best Cut: 141671, Repeat for: 1, Not Change for: 1
[FM(73)]Cut Size: 141675, Current Best Cut: 141671, Repeat for: 1, Not Change for: 2
[FM(74)]Cut Size: 141668, Current Best Cut: 141668, Repeat for: 1, Not Change for: 0
[FM(75)]Cut Size: 141668, Current Best Cut: 141668, Repeat for: 2, Not Change for: 1
[FM(76)]Cut Size: 141668, Current Best Cut: 141668, Repeat for: 3, Not Change for: 2
[FM(77)]Cut Size: 141667, Current Best Cut: 141667, Repeat for: 1, Not Change for: 0
[FM(78)]Cut Size: 141667, Current Best Cut: 141667, Repeat for: 2, Not Change for: 1
[FM(79)]Cut Size: 141667, Current Best Cut: 141667, Repeat for: 3, Not Change for: 2
[FM(80)]Cut Size: 141667, Current Best Cut: 141667, Repeat for: 4, Not Change for: 3
[FM(81)]Cut Size: 141720, Current Best Cut: 141667, Repeat for: 4, Not Change for: 4
[FM(82)]Cut Size: 141631, Current Best Cut: 141631, Repeat for: 1, Not Change for: 0
[FM(83)]Cut Size: 141561, Current Best Cut: 141561, Repeat for: 1, Not Change for: 0
[FM(84)]Cut Size: 141537, Current Best Cut: 141537, Repeat for: 1, Not Change for: 0
[FM(85)]Cut Size: 141511, Current Best Cut: 141511, Repeat for: 1, Not Change for: 0
[FM(86)]Cut Size: 141505, Current Best Cut: 141505, Repeat for: 1, Not Change for: 0
[FM(87)]Cut Size: 141491, Current Best Cut: 141491, Repeat for: 1, Not Change for: 0
[FM(88)]Cut Size: 141564, Current Best Cut: 141491, Repeat for: 1, Not Change for: 1
[FM(89)]Cut Size: 141497, Current Best Cut: 141491, Repeat for: 1, Not Change for: 2
[FM(90)]Cut Size: 141480, Current Best Cut: 141480, Repeat for: 1, Not Change for: 0
[FM(91)]Cut Size: 141467, Current Best Cut: 141467, Repeat for: 1, Not Change for: 0
[FM(92)]Cut Size: 141495, Current Best Cut: 141467, Repeat for: 1, Not Change for: 1
[FM(93)]Cut Size: 141460, Current Best Cut: 141460, Repeat for: 1, Not Change for: 0
[FM(94)]Cut Size: 141456, Current Best Cut: 141456, Repeat for: 1, Not Change for: 0
[FM(95)]Cut Size: 141450, Current Best Cut: 141450, Repeat for: 1, Not Change for: 0
[FM(96)]Cut Size: 141467, Current Best Cut: 141450, Repeat for: 1, Not Change for: 1
[FM(97)]Cut Size: 141452, Current Best Cut: 141450, Repeat for: 1, Not Change for: 2
[FM(98)]Cut Size: 141440, Current Best Cut: 141440, Repeat for: 1, Not Change for: 0
[FM(99)]Cut Size: 141437, Current Best Cut: 141437, Repeat for: 1, Not Change for: 0
[FM(100)]Cut Size: 141437, Current Best Cut: 141437, Repeat for: 2, Not Change for: 1
[FM(101)]Cut Size: 141435, Current Best Cut: 141435, Repeat for: 1, Not Change for: 0
[FM(102)]Cut Size: 141432, Current Best Cut: 141432, Repeat for: 1, Not Change for: 0
[FM(103)]Cut Size: 141429, Current Best Cut: 141429, Repeat for: 1, Not Change for: 0
[FM(104)]Cut Size: 141429, Current Best Cut: 141429, Repeat for: 2, Not Change for: 1
[FM(105)]Cut Size: 141428, Current Best Cut: 141428, Repeat for: 1, Not Change for: 0
[FM(106)]Cut Size: 141428, Current Best Cut: 141428, Repeat for: 2, Not Change for: 1
[FM(107)]Cut Size: 141428, Current Best Cut: 141428, Repeat for: 3, Not Change for: 2
[FM(108)]Cut Size: 141428, Current Best Cut: 141428, Repeat for: 4, Not Change for: 3
[FM(109)]Cut Size: 141428, Current Best Cut: 141428, Repeat for: 5, Not Change for: 4
[FM(110)]Cut Size: 141428, Current Best Cut: 141428, Repeat for: 6, Not Change for: 5
[FM(111)]Cut Size: 141428, Current Best Cut: 141428, Repeat for: 7, Not Change for: 6
[FM(112)]Cut Size: 141428, Current Best Cut: 141428, Repeat for: 8, Not Change for: 7
[FM(113)]Cut Size: 141411, Current Best Cut: 141411, Repeat for: 1, Not Change for: 0
[FM(114)]Cut Size: 141408, Current Best Cut: 141408, Repeat for: 1, Not Change for: 0
[FM(115)]Cut Size: 141406, Current Best Cut: 141406, Repeat for: 1, Not Change for: 0
[FM(116)]Cut Size: 141406, Current Best Cut: 141406, Repeat for: 2, Not Change for: 1
[FM(117)]Cut Size: 141405, Current Best Cut: 141405, Repeat for: 1, Not Change for: 0
[FM(118)]Cut Size: 141405, Current Best Cut: 141405, Repeat for: 2, Not Change for: 1
[FM(119)]Cut Size: 141405, Current Best Cut: 141405, Repeat for: 3, Not Change for: 2
[FM(120)]Cut Size: 141405, Current Best Cut: 141405, Repeat for: 4, Not Change for: 3
[FM(121)]Cut Size: 141405, Current Best Cut: 141405, Repeat for: 5, Not Change for: 4
[FM(122)]Cut Size: 141405, Current Best Cut: 141405, Repeat for: 6, Not Change for: 5
[FM(123)]Cut Size: 141405, Current Best Cut: 141405, Repeat for: 7, Not Change for: 6
[FM(124)]Cut Size: 141405, Current Best Cut: 141405, Repeat for: 8, Not Change for: 7
[FM(125)]Cut Size: 141448, Current Best Cut: 141405, Repeat for: 8, Not Change for: 8
[FM(126)]Cut Size: 141448, Current Best Cut: 141405, Repeat for: 8, Not Change for: 9
[FM(127)]Cut Size: 141562, Current Best Cut: 141405, Repeat for: 8, Not Change for: 10
[FM(128)]Cut Size: 141562, Current Best Cut: 141405, Repeat for: 8, Not Change for: 11
[FM(129)]Cut Size: 141562, Current Best Cut: 141405, Repeat for: 8, Not Change for: 12
[FM(130)]Cut Size: 141562, Current Best Cut: 141405, Repeat for: 8, Not Change for: 13
[FM(131)]Cut Size: 141649, Current Best Cut: 141405, Repeat for: 8, Not Change for: 14
[FM(132)]Cut Size: 141649, Current Best Cut: 141405, Repeat for: 8, Not Change for: 15
[FM(133)]Cut Size: 141649, Current Best Cut: 141405, Repeat for: 8, Not Change for: 16
[FM(134)]Cut Size: 141649, Current Best Cut: 141405, Repeat for: 8, Not Change for: 17
[FM(135)]Cut Size: 141356, Current Best Cut: 141356, Repeat for: 1, Not Change for: 0
[FM(136)]Cut Size: 141491, Current Best Cut: 141356, Repeat for: 1, Not Change for: 1
[FM(137)]Cut Size: 141287, Current Best Cut: 141287, Repeat for: 1, Not Change for: 0
[FM(138)]Cut Size: 141278, Current Best Cut: 141278, Repeat for: 1, Not Change for: 0
[FM(139)]Cut Size: 141233, Current Best Cut: 141233, Repeat for: 1, Not Change for: 0
[FM(140)]Cut Size: 141292, Current Best Cut: 141233, Repeat for: 1, Not Change for: 1
[FM(141)]Cut Size: 141228, Current Best Cut: 141228, Repeat for: 1, Not Change for: 0
[FM(142)]Cut Size: 141213, Current Best Cut: 141213, Repeat for: 1, Not Change for: 0
[FM(143)]Cut Size: 141200, Current Best Cut: 141200, Repeat for: 1, Not Change for: 0
[FM(144)]Cut Size: 141197, Current Best Cut: 141197, Repeat for: 1, Not Change for: 0
[FM(145)]Cut Size: 141196, Current Best Cut: 141196, Repeat for: 1, Not Change for: 0
[FM(146)]Cut Size: 141196, Current Best Cut: 141196, Repeat for: 2, Not Change for: 1
[FM(147)]Cut Size: 141195, Current Best Cut: 141195, Repeat for: 1, Not Change for: 0
[FM(148)]Cut Size: 141195, Current Best Cut: 141195, Repeat for: 2, Not Change for: 1
[FM(149)]Cut Size: 141195, Current Best Cut: 141195, Repeat for: 3, Not Change for: 2
[FM(150)]Cut Size: 141195, Current Best Cut: 141195, Repeat for: 4, Not Change for: 3
[FM(151)]Cut Size: 141195, Current Best Cut: 141195, Repeat for: 5, Not Change for: 4
[FM(152)]Cut Size: 141195, Current Best Cut: 141195, Repeat for: 6, Not Change for: 5
[FM(153)]Cut Size: 141199, Current Best Cut: 141195, Repeat for: 6, Not Change for: 6
[FM(154)]Cut Size: 141199, Current Best Cut: 141195, Repeat for: 6, Not Change for: 7
[FM(155)]Cut Size: 141199, Current Best Cut: 141195, Repeat for: 6, Not Change for: 8
[FM(156)]Cut Size: 141199, Current Best Cut: 141195, Repeat for: 6, Not Change for: 9
[FM(157)]Cut Size: 141191, Current Best Cut: 141191, Repeat for: 1, Not Change for: 0
[FM(158)]Cut Size: 141221, Current Best Cut: 141191, Repeat for: 1, Not Change for: 1
[FM(159)]Cut Size: 141189, Current Best Cut: 141189, Repeat for: 1, Not Change for: 0
[FM(160)]Cut Size: 141189, Current Best Cut: 141189, Repeat for: 2, Not Change for: 1
[FM(161)]Cut Size: 141189, Current Best Cut: 141189, Repeat for: 3, Not Change for: 2
[FM(162)]Cut Size: 141188, Current Best Cut: 141188, Repeat for: 1, Not Change for: 0
[FM(163)]Cut Size: 141188, Current Best Cut: 141188, Repeat for: 2, Not Change for: 1
[FM(164)]Cut Size: 141207, Current Best Cut: 141188, Repeat for: 2, Not Change for: 2
[FM(165)]Cut Size: 141188, Current Best Cut: 141188, Repeat for: 3, Not Change for: 3
[FM(166)]Cut Size: 141188, Current Best Cut: 141188, Repeat for: 4, Not Change for: 4
[FM(167)]Cut Size: 141233, Current Best Cut: 141188, Repeat for: 4, Not Change for: 5
[FM(168)]Cut Size: 141191, Current Best Cut: 141188, Repeat for: 4, Not Change for: 6
[FM(169)]Cut Size: 141203, Current Best Cut: 141188, Repeat for: 4, Not Change for: 7
[FM(170)]Cut Size: 141203, Current Best Cut: 141188, Repeat for: 4, Not Change for: 8
[FM(171)]Cut Size: 141203, Current Best Cut: 141188, Repeat for: 4, Not Change for: 9
[FM(172)]Cut Size: 141203, Current Best Cut: 141188, Repeat for: 4, Not Change for: 10
[FM(173)]Cut Size: 141203, Current Best Cut: 141188, Repeat for: 4, Not Change for: 11
[FM(174)]Cut Size: 141405, Current Best Cut: 141188, Repeat for: 4, Not Change for: 12
[FM(175)]Cut Size: 141192, Current Best Cut: 141188, Repeat for: 4, Not Change for: 13
[FM(176)]Cut Size: 141243, Current Best Cut: 141188, Repeat for: 4, Not Change for: 14
[FM(177)]Cut Size: 141156, Current Best Cut: 141156, Repeat for: 1, Not Change for: 0
[FM(178)]Cut Size: 141157, Current Best Cut: 141156, Repeat for: 1, Not Change for: 1
[FM(179)]Cut Size: 141134, Current Best Cut: 141134, Repeat for: 1, Not Change for: 0
[FM(180)]Cut Size: 141125, Current Best Cut: 141125, Repeat for: 1, Not Change for: 0
[FM(181)]Cut Size: 141149, Current Best Cut: 141125, Repeat for: 1, Not Change for: 1
[FM(182)]Cut Size: 141162, Current Best Cut: 141125, Repeat for: 1, Not Change for: 2
[FM(183)]Cut Size: 141120, Current Best Cut: 141120, Repeat for: 1, Not Change for: 0
[FM(184)]Cut Size: 141115, Current Best Cut: 141115, Repeat for: 1, Not Change for: 0
[FM(185)]Cut Size: 141114, Current Best Cut: 141114, Repeat for: 1, Not Change for: 0
[FM(186)]Cut Size: 141113, Current Best Cut: 141113, Repeat for: 1, Not Change for: 0
[FM(187)]Cut Size: 141113, Current Best Cut: 141113, Repeat for: 2, Not Change for: 1
[FM(188)]Cut Size: 141113, Current Best Cut: 141113, Repeat for: 3, Not Change for: 2
[FM(189)]Cut Size: 141110, Current Best Cut: 141110, Repeat for: 1, Not Change for: 0
[FM(190)]Cut Size: 141109, Current Best Cut: 141109, Repeat for: 1, Not Change for: 0
[FM(191)]Cut Size: 141109, Current Best Cut: 141109, Repeat for: 2, Not Change for: 1
[FM(192)]Cut Size: 141109, Current Best Cut: 141109, Repeat for: 3, Not Change for: 2
[FM(193)]Cut Size: 141109, Current Best Cut: 141109, Repeat for: 4, Not Change for: 3
[FM(194)]Cut Size: 141118, Current Best Cut: 141109, Repeat for: 4, Not Change for: 4
[FM(195)]Cut Size: 141119, Current Best Cut: 141109, Repeat for: 4, Not Change for: 5
[FM(196)]Cut Size: 141119, Current Best Cut: 141109, Repeat for: 4, Not Change for: 6
[FM(197)]Cut Size: 141113, Current Best Cut: 141109, Repeat for: 4, Not Change for: 7
[FM(198)]Cut Size: 141113, Current Best Cut: 141109, Repeat for: 4, Not Change for: 8
[FM(199)]Cut Size: 141113, Current Best Cut: 141109, Repeat for: 4, Not Change for: 9
[FM(200)]Cut Size: 141116, Current Best Cut: 141109, Repeat for: 4, Not Change for: 10
[FM(201)]Cut Size: 141120, Current Best Cut: 141109, Repeat for: 4, Not Change for: 11
[FM(202)]Cut Size: 141194, Current Best Cut: 141109, Repeat for: 4, Not Change for: 12
[FM(203)]Cut Size: 141103, Current Best Cut: 141103, Repeat for: 1, Not Change for: 0
[FM(204)]Cut Size: 141094, Current Best Cut: 141094, Repeat for: 1, Not Change for: 0
[FM(205)]Cut Size: 141084, Current Best Cut: 141084, Repeat for: 1, Not Change for: 0
[FM(206)]Cut Size: 141082, Current Best Cut: 141082, Repeat for: 1, Not Change for: 0
[FM(207)]Cut Size: 141078, Current Best Cut: 141078, Repeat for: 1, Not Change for: 0
[FM(208)]Cut Size: 141075, Current Best Cut: 141075, Repeat for: 1, Not Change for: 0
[FM(209)]Cut Size: 141074, Current Best Cut: 141074, Repeat for: 1, Not Change for: 0
[FM(210)]Cut Size: 141074, Current Best Cut: 141074, Repeat for: 2, Not Change for: 1
[FM(211)]Cut Size: 141074, Current Best Cut: 141074, Repeat for: 3, Not Change for: 2
[FM(212)]Cut Size: 141074, Current Best Cut: 141074, Repeat for: 4, Not Change for: 3
[FM(213)]Cut Size: 141074, Current Best Cut: 141074, Repeat for: 5, Not Change for: 4
[FM(214)]Cut Size: 141074, Current Best Cut: 141074, Repeat for: 6, Not Change for: 5
[FM(215)]Cut Size: 141074, Current Best Cut: 141074, Repeat for: 7, Not Change for: 6
[FM(216)]Cut Size: 141074, Current Best Cut: 141074, Repeat for: 8, Not Change for: 7
[FM(217)]Cut Size: 141274, Current Best Cut: 141074, Repeat for: 8, Not Change for: 8
[FM(218)]Cut Size: 141274, Current Best Cut: 141074, Repeat for: 8, Not Change for: 9
[FM(219)]Cut Size: 141383, Current Best Cut: 141074, Repeat for: 8, Not Change for: 10
[FM(220)]Cut Size: 142018, Current Best Cut: 141074, Repeat for: 8, Not Change for: 11
[FM(221)]Cut Size: 142077, Current Best Cut: 141074, Repeat for: 8, Not Change for: 12
[FM(222)]Cut Size: 142077, Current Best Cut: 141074, Repeat for: 8, Not Change for: 13
[FM(223)]Cut Size: 141623, Current Best Cut: 141074, Repeat for: 8, Not Change for: 14
[FM(224)]Cut Size: 141624, Current Best Cut: 141074, Repeat for: 8, Not Change for: 15
[FM(225)]Cut Size: 141114, Current Best Cut: 141074, Repeat for: 8, Not Change for: 16
[FM(226)]Cut Size: 141114, Current Best Cut: 141074, Repeat for: 8, Not Change for: 17
[FM(227)]Cut Size: 141114, Current Best Cut: 141074, Repeat for: 8, Not Change for: 18
[FM(228)]Cut Size: 141114, Current Best Cut: 141074, Repeat for: 8, Not Change for: 19
[FM(229)]Cut Size: 141460, Current Best Cut: 141074, Repeat for: 8, Not Change for: 20
[FM(230)]Cut Size: 141460, Current Best Cut: 141074, Repeat for: 8, Not Change for: 21
[FM(231)]Cut Size: 141460, Current Best Cut: 141074, Repeat for: 8, Not Change for: 22
[FM(232)]Cut Size: 141458, Current Best Cut: 141074, Repeat for: 8, Not Change for: 23
[FM(233)]Cut Size: 141458, Current Best Cut: 141074, Repeat for: 8, Not Change for: 24
[FM(234)]Cut Size: 141458, Current Best Cut: 141074, Repeat for: 8, Not Change for: 25
[FM(235)]Cut Size: 141458, Current Best Cut: 141074, Repeat for: 8, Not Change for: 26
[FM(236)]Cut Size: 141458, Current Best Cut: 141074, Repeat for: 8, Not Change for: 27
[FM(237)]Cut Size: 141783, Current Best Cut: 141074, Repeat for: 8, Not Change for: 28
[FM(238)]Cut Size: 141825, Current Best Cut: 141074, Repeat for: 8, Not Change for: 29
[FM(239)]Cut Size: 141930, Current Best Cut: 141074, Repeat for: 8, Not Change for: 30
[FM(240)]Cut Size: 141181, Current Best Cut: 141074, Repeat for: 8, Not Change for: 31
[FM(241)]Cut Size: 141181, Current Best Cut: 141074, Repeat for: 8, Not Change for: 32
[FM(242)]Cut Size: 141575, Current Best Cut: 141074, Repeat for: 8, Not Change for: 33
[FM(243)]Cut Size: 141461, Current Best Cut: 141074, Repeat for: 8, Not Change for: 34
[FM(244)]Cut Size: 140839, Current Best Cut: 140839, Repeat for: 1, Not Change for: 0
[FM(245)]Cut Size: 141001, Current Best Cut: 140839, Repeat for: 1, Not Change for: 1
[FM(246)]Cut Size: 140655, Current Best Cut: 140655, Repeat for: 1, Not Change for: 0
[FM(247)]Cut Size: 140765, Current Best Cut: 140655, Repeat for: 1, Not Change for: 1
[FM(248)]Cut Size: 140540, Current Best Cut: 140540, Repeat for: 1, Not Change for: 0
[FM(249)]Cut Size: 140611, Current Best Cut: 140540, Repeat for: 1, Not Change for: 1
[FM(250)]Cut Size: 140501, Current Best Cut: 140501, Repeat for: 1, Not Change for: 0
[FM(251)]Cut Size: 140476, Current Best Cut: 140476, Repeat for: 1, Not Change for: 0
[FM(252)]Cut Size: 140447, Current Best Cut: 140447, Repeat for: 1, Not Change for: 0
[FM(253)]Cut Size: 140461, Current Best Cut: 140447, Repeat for: 1, Not Change for: 1
[FM(254)]Cut Size: 140432, Current Best Cut: 140432, Repeat for: 1, Not Change for: 0
[FM(255)]Cut Size: 140449, Current Best Cut: 140432, Repeat for: 1, Not Change for: 1
[FM(256)]Cut Size: 140421, Current Best Cut: 140421, Repeat for: 1, Not Change for: 0
[FM(257)]Cut Size: 140413, Current Best Cut: 140413, Repeat for: 1, Not Change for: 0
[FM(258)]Cut Size: 140407, Current Best Cut: 140407, Repeat for: 1, Not Change for: 0
[FM(259)]Cut Size: 140406, Current Best Cut: 140406, Repeat for: 1, Not Change for: 0
[FM(260)]Cut Size: 140405, Current Best Cut: 140405, Repeat for: 1, Not Change for: 0
[FM(261)]Cut Size: 140405, Current Best Cut: 140405, Repeat for: 2, Not Change for: 1
[FM(262)]Cut Size: 140405, Current Best Cut: 140405, Repeat for: 3, Not Change for: 2
[FM(263)]Cut Size: 140405, Current Best Cut: 140405, Repeat for: 4, Not Change for: 3
[FM(264)]Cut Size: 140428, Current Best Cut: 140405, Repeat for: 4, Not Change for: 4
[FM(265)]Cut Size: 140428, Current Best Cut: 140405, Repeat for: 4, Not Change for: 5
[FM(266)]Cut Size: 140428, Current Best Cut: 140405, Repeat for: 4, Not Change for: 6
[FM(267)]Cut Size: 140658, Current Best Cut: 140405, Repeat for: 4, Not Change for: 7
[FM(268)]Cut Size: 140658, Current Best Cut: 140405, Repeat for: 4, Not Change for: 8
[FM(269)]Cut Size: 140975, Current Best Cut: 140405, Repeat for: 4, Not Change for: 9
[FM(270)]Cut Size: 140375, Current Best Cut: 140375, Repeat for: 1, Not Change for: 0
[FM(271)]Cut Size: 140514, Current Best Cut: 140375, Repeat for: 1, Not Change for: 1
[FM(272)]Cut Size: 140236, Current Best Cut: 140236, Repeat for: 1, Not Change for: 0
[FM(273)]Cut Size: 140328, Current Best Cut: 140236, Repeat for: 1, Not Change for: 1
[FM(274)]Cut Size: 140162, Current Best Cut: 140162, Repeat for: 1, Not Change for: 0
[FM(275)]Cut Size: 140251, Current Best Cut: 140162, Repeat for: 1, Not Change for: 1
[FM(276)]Cut Size: 140151, Current Best Cut: 140151, Repeat for: 1, Not Change for: 0
[FM(277)]Cut Size: 140259, Current Best Cut: 140151, Repeat for: 1, Not Change for: 1
[FM(278)]Cut Size: 140122, Current Best Cut: 140122, Repeat for: 1, Not Change for: 0
[FM(279)]Cut Size: 140108, Current Best Cut: 140108, Repeat for: 1, Not Change for: 0
[FM(280)]Cut Size: 140097, Current Best Cut: 140097, Repeat for: 1, Not Change for: 0
[FM(281)]Cut Size: 140096, Current Best Cut: 140096, Repeat for: 1, Not Change for: 0
[FM(282)]Cut Size: 140090, Current Best Cut: 140090, Repeat for: 1, Not Change for: 0
[FM(283)]Cut Size: 140093, Current Best Cut: 140090, Repeat for: 1, Not Change for: 1
[FM(284)]Cut Size: 140091, Current Best Cut: 140090, Repeat for: 1, Not Change for: 2
[FM(285)]Cut Size: 140093, Current Best Cut: 140090, Repeat for: 1, Not Change for: 3
[FM(286)]Cut Size: 140664, Current Best Cut: 140090, Repeat for: 1, Not Change for: 4
[FM(287)]Cut Size: 140903, Current Best Cut: 140090, Repeat for: 1, Not Change for: 5
[FM(288)]Cut Size: 140383, Current Best Cut: 140090, Repeat for: 1, Not Change for: 6
[FM(289)]Cut Size: 140357, Current Best Cut: 140090, Repeat for: 1, Not Change for: 7
[FM(290)]Cut Size: 140121, Current Best Cut: 140090, Repeat for: 1, Not Change for: 8
[FM(291)]Cut Size: 140212, Current Best Cut: 140090, Repeat for: 1, Not Change for: 9
[FM(292)]Cut Size: 140212, Current Best Cut: 140090, Repeat for: 1, Not Change for: 10
[FM(293)]Cut Size: 140050, Current Best Cut: 140050, Repeat for: 1, Not Change for: 0
[FM(294)]Cut Size: 139992, Current Best Cut: 139992, Repeat for: 1, Not Change for: 0
[FM(295)]Cut Size: 139961, Current Best Cut: 139961, Repeat for: 1, Not Change for: 0
[FM(296)]Cut Size: 140032, Current Best Cut: 139961, Repeat for: 1, Not Change for: 1
[FM(297)]Cut Size: 139946, Current Best Cut: 139946, Repeat for: 1, Not Change for: 0
[FM(298)]Cut Size: 139938, Current Best Cut: 139938, Repeat for: 1, Not Change for: 0
[FM(299)]Cut Size: 139923, Current Best Cut: 139923, Repeat for: 1, Not Change for: 0
[FM(300)]Cut Size: 139952, Current Best Cut: 139923, Repeat for: 1, Not Change for: 1
[FM(301)]Cut Size: 139917, Current Best Cut: 139917, Repeat for: 1, Not Change for: 0
[FM(302)]Cut Size: 139920, Current Best Cut: 139917, Repeat for: 1, Not Change for: 1
[FM(303)]Cut Size: 139908, Current Best Cut: 139908, Repeat for: 1, Not Change for: 0
[FM(304)]Cut Size: 139915, Current Best Cut: 139908, Repeat for: 1, Not Change for: 1
[FM(305)]Cut Size: 139908, Current Best Cut: 139908, Repeat for: 2, Not Change for: 2
[FM(306)]Cut Size: 139999, Current Best Cut: 139908, Repeat for: 2, Not Change for: 3
[FM(307)]Cut Size: 139920, Current Best Cut: 139908, Repeat for: 2, Not Change for: 4
[FM(308)]Cut Size: 139920, Current Best Cut: 139908, Repeat for: 2, Not Change for: 5
[FM(309)]Cut Size: 140012, Current Best Cut: 139908, Repeat for: 2, Not Change for: 6
[FM(310)]Cut Size: 140011, Current Best Cut: 139908, Repeat for: 2, Not Change for: 7
[FM(311)]Cut Size: 139911, Current Best Cut: 139908, Repeat for: 2, Not Change for: 8
[FM(312)]Cut Size: 139897, Current Best Cut: 139897, Repeat for: 1, Not Change for: 0
[FM(313)]Cut Size: 139891, Current Best Cut: 139891, Repeat for: 1, Not Change for: 0
[FM(314)]Cut Size: 139887, Current Best Cut: 139887, Repeat for: 1, Not Change for: 0
[FM(315)]Cut Size: 139886, Current Best Cut: 139886, Repeat for: 1, Not Change for: 0
[FM(316)]Cut Size: 139885, Current Best Cut: 139885, Repeat for: 1, Not Change for: 0
[FM(317)]Cut Size: 139884, Current Best Cut: 139884, Repeat for: 1, Not Change for: 0
[FM(318)]Cut Size: 139893, Current Best Cut: 139884, Repeat for: 1, Not Change for: 1
[FM(319)]Cut Size: 139886, Current Best Cut: 139884, Repeat for: 1, Not Change for: 2
[FM(320)]Cut Size: 139903, Current Best Cut: 139884, Repeat for: 1, Not Change for: 3
[FM(321)]Cut Size: 139903, Current Best Cut: 139884, Repeat for: 1, Not Change for: 4
[FM(322)]Cut Size: 139902, Current Best Cut: 139884, Repeat for: 1, Not Change for: 5
[FM(323)]Cut Size: 139884, Current Best Cut: 139884, Repeat for: 2, Not Change for: 6
[FM(324)]Cut Size: 140399, Current Best Cut: 139884, Repeat for: 2, Not Change for: 7
[FM(325)]Cut Size: 141712, Current Best Cut: 139884, Repeat for: 2, Not Change for: 8
[FM(326)]Cut Size: 141712, Current Best Cut: 139884, Repeat for: 2, Not Change for: 9
[FM(327)]Cut Size: 140131, Current Best Cut: 139884, Repeat for: 2, Not Change for: 10
[FM(328)]Cut Size: 140523, Current Best Cut: 139884, Repeat for: 2, Not Change for: 11
[FM(329)]Cut Size: 140550, Current Best Cut: 139884, Repeat for: 2, Not Change for: 12
[FM(330)]Cut Size: 140550, Current Best Cut: 139884, Repeat for: 2, Not Change for: 13
[FM(331)]Cut Size: 139826, Current Best Cut: 139826, Repeat for: 1, Not Change for: 0
[FM(332)]Cut Size: 140078, Current Best Cut: 139826, Repeat for: 1, Not Change for: 1
[FM(333)]Cut Size: 139702, Current Best Cut: 139702, Repeat for: 1, Not Change for: 0
[FM(334)]Cut Size: 139795, Current Best Cut: 139702, Repeat for: 1, Not Change for: 1
[FM(335)]Cut Size: 139606, Current Best Cut: 139606, Repeat for: 1, Not Change for: 0
[FM(336)]Cut Size: 139862, Current Best Cut: 139606, Repeat for: 1, Not Change for: 1
[FM(337)]Cut Size: 139599, Current Best Cut: 139599, Repeat for: 1, Not Change for: 0
[FM(338)]Cut Size: 139551, Current Best Cut: 139551, Repeat for: 1, Not Change for: 0
[FM(339)]Cut Size: 139521, Current Best Cut: 139521, Repeat for: 1, Not Change for: 0
[FM(340)]Cut Size: 139515, Current Best Cut: 139515, Repeat for: 1, Not Change for: 0
[FM(341)]Cut Size: 139514, Current Best Cut: 139514, Repeat for: 1, Not Change for: 0
[FM(342)]Cut Size: 139509, Current Best Cut: 139509, Repeat for: 1, Not Change for: 0
[FM(343)]Cut Size: 139506, Current Best Cut: 139506, Repeat for: 1, Not Change for: 0
[FM(344)]Cut Size: 139504, Current Best Cut: 139504, Repeat for: 1, Not Change for: 0
[FM(345)]Cut Size: 139503, Current Best Cut: 139503, Repeat for: 1, Not Change for: 0
[FM(346)]Cut Size: 139503, Current Best Cut: 139503, Repeat for: 2, Not Change for: 1
[FM(347)]Cut Size: 139500, Current Best Cut: 139500, Repeat for: 1, Not Change for: 0
[FM(348)]Cut Size: 139500, Current Best Cut: 139500, Repeat for: 2, Not Change for: 1
[FM(349)]Cut Size: 139500, Current Best Cut: 139500, Repeat for: 3, Not Change for: 2
[FM(350)]Cut Size: 139500, Current Best Cut: 139500, Repeat for: 4, Not Change for: 3
[FM(351)]Cut Size: 139928, Current Best Cut: 139500, Repeat for: 4, Not Change for: 4
[FM(352)]Cut Size: 139928, Current Best Cut: 139500, Repeat for: 4, Not Change for: 5
[FM(353)]Cut Size: 139928, Current Best Cut: 139500, Repeat for: 4, Not Change for: 6
[FM(354)]Cut Size: 139933, Current Best Cut: 139500, Repeat for: 4, Not Change for: 7
[FM(355)]Cut Size: 139933, Current Best Cut: 139500, Repeat for: 4, Not Change for: 8
[FM(356)]Cut Size: 139933, Current Best Cut: 139500, Repeat for: 4, Not Change for: 9
[FM(357)]Cut Size: 141101, Current Best Cut: 139500, Repeat for: 4, Not Change for: 10
[FM(358)]Cut Size: 141726, Current Best Cut: 139500, Repeat for: 4, Not Change for: 11
[FM(359)]Cut Size: 141726, Current Best Cut: 139500, Repeat for: 4, Not Change for: 12
[FM(360)]Cut Size: 141383, Current Best Cut: 139500, Repeat for: 4, Not Change for: 13
[FM(361)]Cut Size: 139927, Current Best Cut: 139500, Repeat for: 4, Not Change for: 14
[FM(362)]Cut Size: 139893, Current Best Cut: 139500, Repeat for: 4, Not Change for: 15
[FM(363)]Cut Size: 139526, Current Best Cut: 139500, Repeat for: 4, Not Change for: 16
[FM(364)]Cut Size: 139526, Current Best Cut: 139500, Repeat for: 4, Not Change for: 17
[FM(365)]Cut Size: 139470, Current Best Cut: 139470, Repeat for: 1, Not Change for: 0
[FM(366)]Cut Size: 139382, Current Best Cut: 139382, Repeat for: 1, Not Change for: 0
[FM(367)]Cut Size: 139348, Current Best Cut: 139348, Repeat for: 1, Not Change for: 0
[FM(368)]Cut Size: 139323, Current Best Cut: 139323, Repeat for: 1, Not Change for: 0
[FM(369)]Cut Size: 139314, Current Best Cut: 139314, Repeat for: 1, Not Change for: 0
[FM(370)]Cut Size: 139302, Current Best Cut: 139302, Repeat for: 1, Not Change for: 0
[FM(371)]Cut Size: 139297, Current Best Cut: 139297, Repeat for: 1, Not Change for: 0
[FM(372)]Cut Size: 139289, Current Best Cut: 139289, Repeat for: 1, Not Change for: 0
[FM(373)]Cut Size: 139286, Current Best Cut: 139286, Repeat for: 1, Not Change for: 0
[FM(374)]Cut Size: 139283, Current Best Cut: 139283, Repeat for: 1, Not Change for: 0
[FM(375)]Cut Size: 139281, Current Best Cut: 139281, Repeat for: 1, Not Change for: 0
[FM(376)]Cut Size: 139280, Current Best Cut: 139280, Repeat for: 1, Not Change for: 0
[FM(377)]Cut Size: 139280, Current Best Cut: 139280, Repeat for: 2, Not Change for: 1
[FM(378)]Cut Size: 139280, Current Best Cut: 139280, Repeat for: 3, Not Change for: 2
[FM(379)]Cut Size: 139280, Current Best Cut: 139280, Repeat for: 4, Not Change for: 3
[FM(380)]Cut Size: 139280, Current Best Cut: 139280, Repeat for: 5, Not Change for: 4
[FM(381)]Cut Size: 139280, Current Best Cut: 139280, Repeat for: 6, Not Change for: 5
[FM(382)]Cut Size: 139280, Current Best Cut: 139280, Repeat for: 7, Not Change for: 6
[FM(383)]Cut Size: 139280, Current Best Cut: 139280, Repeat for: 8, Not Change for: 7
[FM(384)]Cut Size: 139280, Current Best Cut: 139280, Repeat for: 9, Not Change for: 8
[FM(385)]Cut Size: 139280, Current Best Cut: 139280, Repeat for: 10, Not Change for: 9
[FM(386)]Cut Size: 139280, Current Best Cut: 139280, Repeat for: 11, Not Change for: 10
[FM(387)]Cut Size: 139558, Current Best Cut: 139280, Repeat for: 11, Not Change for: 11
[FM(388)]Cut Size: 139558, Current Best Cut: 139280, Repeat for: 11, Not Change for: 12
[FM(389)]Cut Size: 140250, Current Best Cut: 139280, Repeat for: 11, Not Change for: 13
[FM(390)]Cut Size: 140250, Current Best Cut: 139280, Repeat for: 11, Not Change for: 14
[FM(391)]Cut Size: 140250, Current Best Cut: 139280, Repeat for: 11, Not Change for: 15
[FM(392)]Cut Size: 139375, Current Best Cut: 139280, Repeat for: 11, Not Change for: 16
[FM(393)]Cut Size: 139491, Current Best Cut: 139280, Repeat for: 11, Not Change for: 17
[FM(394)]Cut Size: 139491, Current Best Cut: 139280, Repeat for: 11, Not Change for: 18
[FM(395)]Cut Size: 139491, Current Best Cut: 139280, Repeat for: 11, Not Change for: 19
[FM(396)]Cut Size: 139539, Current Best Cut: 139280, Repeat for: 11, Not Change for: 20
[FM(397)]Cut Size: 139539, Current Best Cut: 139280, Repeat for: 11, Not Change for: 21
[FM(398)]Cut Size: 139539, Current Best Cut: 139280, Repeat for: 11, Not Change for: 22
[FM(399)]Cut Size: 139539, Current Best Cut: 139280, Repeat for: 11, Not Change for: 23
[FM(400)]Cut Size: 139539, Current Best Cut: 139280, Repeat for: 11, Not Change for: 24
[FM(401)]Cut Size: 140179, Current Best Cut: 139280, Repeat for: 11, Not Change for: 25
[FM(402)]Cut Size: 140950, Current Best Cut: 139280, Repeat for: 11, Not Change for: 26
[FM(403)]Cut Size: 140950, Current Best Cut: 139280, Repeat for: 11, Not Change for: 27
[FM(404)]Cut Size: 140950, Current Best Cut: 139280, Repeat for: 11, Not Change for: 28
[FM(405)]Cut Size: 140950, Current Best Cut: 139280, Repeat for: 11, Not Change for: 29
[FM(406)]Cut Size: 139571, Current Best Cut: 139280, Repeat for: 11, Not Change for: 30
[FM(407)]Cut Size: 139571, Current Best Cut: 139280, Repeat for: 11, Not Change for: 31
[FM(408)]Cut Size: 139571, Current Best Cut: 139280, Repeat for: 11, Not Change for: 32
[FM(409)]Cut Size: 139721, Current Best Cut: 139280, Repeat for: 11, Not Change for: 33
[FM(410)]Cut Size: 139721, Current Best Cut: 139280, Repeat for: 11, Not Change for: 34
[FM(411)]Cut Size: 140600, Current Best Cut: 139280, Repeat for: 11, Not Change for: 35
[FM(412)]Cut Size: 140600, Current Best Cut: 139280, Repeat for: 11, Not Change for: 36
[FM(413)]Cut Size: 140600, Current Best Cut: 139280, Repeat for: 11, Not Change for: 37
[FM(414)]Cut Size: 140754, Current Best Cut: 139280, Repeat for: 11, Not Change for: 38
[FM(415)]Cut Size: 140813, Current Best Cut: 139280, Repeat for: 11, Not Change for: 39
[FM(416)]Cut Size: 140813, Current Best Cut: 139280, Repeat for: 11, Not Change for: 40
[FM(417)]Cut Size: 140813, Current Best Cut: 139280, Repeat for: 11, Not Change for: 41
[FM(418)]Cut Size: 139510, Current Best Cut: 139280, Repeat for: 11, Not Change for: 42
[FM(419)]Cut Size: 139637, Current Best Cut: 139280, Repeat for: 11, Not Change for: 43
[FM(420)]Cut Size: 139637, Current Best Cut: 139280, Repeat for: 11, Not Change for: 44
[FM(421)]Cut Size: 139637, Current Best Cut: 139280, Repeat for: 11, Not Change for: 45
[FM(422)]Cut Size: 139637, Current Best Cut: 139280, Repeat for: 11, Not Change for: 46
[FM(423)]Cut Size: 139940, Current Best Cut: 139280, Repeat for: 11, Not Change for: 47
[FM(424)]Cut Size: 139938, Current Best Cut: 139280, Repeat for: 11, Not Change for: 48
[FM(425)]Cut Size: 139938, Current Best Cut: 139280, Repeat for: 11, Not Change for: 49
[FM(426)]Cut Size: 139938, Current Best Cut: 139280, Repeat for: 11, Not Change for: 50
[FM(427)]Cut Size: 139938, Current Best Cut: 139280, Repeat for: 11, Not Change for: 51
[FM(428)]Cut Size: 140140, Current Best Cut: 139280, Repeat for: 11, Not Change for: 52
[FM(429)]Cut Size: 139268, Current Best Cut: 139268, Repeat for: 1, Not Change for: 0
[FM(430)]Cut Size: 139473, Current Best Cut: 139268, Repeat for: 1, Not Change for: 1
[FM(431)]Cut Size: 139069, Current Best Cut: 139069, Repeat for: 1, Not Change for: 0
[FM(432)]Cut Size: 139363, Current Best Cut: 139069, Repeat for: 1, Not Change for: 1
[FM(433)]Cut Size: 138967, Current Best Cut: 138967, Repeat for: 1, Not Change for: 0
[FM(434)]Cut Size: 139081, Current Best Cut: 138967, Repeat for: 1, Not Change for: 1
[FM(435)]Cut Size: 138889, Current Best Cut: 138889, Repeat for: 1, Not Change for: 0
[FM(436)]Cut Size: 138874, Current Best Cut: 138874, Repeat for: 1, Not Change for: 0
[FM(437)]Cut Size: 138831, Current Best Cut: 138831, Repeat for: 1, Not Change for: 0
[FM(438)]Cut Size: 138820, Current Best Cut: 138820, Repeat for: 1, Not Change for: 0
[FM(439)]Cut Size: 138809, Current Best Cut: 138809, Repeat for: 1, Not Change for: 0
[FM(440)]Cut Size: 138807, Current Best Cut: 138807, Repeat for: 1, Not Change for: 0
[FM(441)]Cut Size: 138806, Current Best Cut: 138806, Repeat for: 1, Not Change for: 0
[FM(442)]Cut Size: 138804, Current Best Cut: 138804, Repeat for: 1, Not Change for: 0
[FM(443)]Cut Size: 138801, Current Best Cut: 138801, Repeat for: 1, Not Change for: 0
[FM(444)]Cut Size: 138800, Current Best Cut: 138800, Repeat for: 1, Not Change for: 0
[FM(445)]Cut Size: 138800, Current Best Cut: 138800, Repeat for: 2, Not Change for: 1
[FM(446)]Cut Size: 138800, Current Best Cut: 138800, Repeat for: 3, Not Change for: 2
[FM(447)]Cut Size: 138800, Current Best Cut: 138800, Repeat for: 4, Not Change for: 3
[FM(448)]Cut Size: 138800, Current Best Cut: 138800, Repeat for: 5, Not Change for: 4
[FM(449)]Cut Size: 138800, Current Best Cut: 138800, Repeat for: 6, Not Change for: 5
[FM(450)]Cut Size: 138800, Current Best Cut: 138800, Repeat for: 7, Not Change for: 6
[FM(451)]Cut Size: 138895, Current Best Cut: 138800, Repeat for: 7, Not Change for: 7
[FM(452)]Cut Size: 138897, Current Best Cut: 138800, Repeat for: 7, Not Change for: 8
[FM(453)]Cut Size: 138913, Current Best Cut: 138800, Repeat for: 7, Not Change for: 9
[FM(454)]Cut Size: 138913, Current Best Cut: 138800, Repeat for: 7, Not Change for: 10
[FM(455)]Cut Size: 138913, Current Best Cut: 138800, Repeat for: 7, Not Change for: 11
[FM(456)]Cut Size: 138913, Current Best Cut: 138800, Repeat for: 7, Not Change for: 12
[FM(457)]Cut Size: 138913, Current Best Cut: 138800, Repeat for: 7, Not Change for: 13
[FM(458)]Cut Size: 139035, Current Best Cut: 138800, Repeat for: 7, Not Change for: 14
[FM(459)]Cut Size: 139035, Current Best Cut: 138800, Repeat for: 7, Not Change for: 15
[FM(460)]Cut Size: 138820, Current Best Cut: 138800, Repeat for: 7, Not Change for: 16
[FM(461)]Cut Size: 138820, Current Best Cut: 138800, Repeat for: 7, Not Change for: 17
[FM(462)]Cut Size: 138820, Current Best Cut: 138800, Repeat for: 7, Not Change for: 18
[FM(463)]Cut Size: 138902, Current Best Cut: 138800, Repeat for: 7, Not Change for: 19
[FM(464)]Cut Size: 138749, Current Best Cut: 138749, Repeat for: 1, Not Change for: 0
[FM(465)]Cut Size: 138704, Current Best Cut: 138704, Repeat for: 1, Not Change for: 0
[FM(466)]Cut Size: 138676, Current Best Cut: 138676, Repeat for: 1, Not Change for: 0
[FM(467)]Cut Size: 138667, Current Best Cut: 138667, Repeat for: 1, Not Change for: 0
[FM(468)]Cut Size: 138662, Current Best Cut: 138662, Repeat for: 1, Not Change for: 0
[FM(469)]Cut Size: 138660, Current Best Cut: 138660, Repeat for: 1, Not Change for: 0
[FM(470)]Cut Size: 138659, Current Best Cut: 138659, Repeat for: 1, Not Change for: 0
[FM(471)]Cut Size: 138659, Current Best Cut: 138659, Repeat for: 2, Not Change for: 1
[FM(472)]Cut Size: 138659, Current Best Cut: 138659, Repeat for: 3, Not Change for: 2
[FM(473)]Cut Size: 138659, Current Best Cut: 138659, Repeat for: 4, Not Change for: 3
[FM(474)]Cut Size: 138659, Current Best Cut: 138659, Repeat for: 5, Not Change for: 4
[FM(475)]Cut Size: 138659, Current Best Cut: 138659, Repeat for: 6, Not Change for: 5
[FM(476)]Cut Size: 138673, Current Best Cut: 138659, Repeat for: 6, Not Change for: 6
[FM(477)]Cut Size: 138774, Current Best Cut: 138659, Repeat for: 6, Not Change for: 7
[FM(478)]Cut Size: 138773, Current Best Cut: 138659, Repeat for: 6, Not Change for: 8
[FM(479)]Cut Size: 138773, Current Best Cut: 138659, Repeat for: 6, Not Change for: 9
[FM(480)]Cut Size: 138990, Current Best Cut: 138659, Repeat for: 6, Not Change for: 10
[FM(481)]Cut Size: 138990, Current Best Cut: 138659, Repeat for: 6, Not Change for: 11
[FM(482)]Cut Size: 138990, Current Best Cut: 138659, Repeat for: 6, Not Change for: 12
[FM(483)]Cut Size: 138990, Current Best Cut: 138659, Repeat for: 6, Not Change for: 13
[FM(484)]Cut Size: 139312, Current Best Cut: 138659, Repeat for: 6, Not Change for: 14
[FM(485)]Cut Size: 139312, Current Best Cut: 138659, Repeat for: 6, Not Change for: 15
[FM(486)]Cut Size: 139312, Current Best Cut: 138659, Repeat for: 6, Not Change for: 16
[FM(487)]Cut Size: 139312, Current Best Cut: 138659, Repeat for: 6, Not Change for: 17
[FM(488)]Cut Size: 139312, Current Best Cut: 138659, Repeat for: 6, Not Change for: 18
[FM(489)]Cut Size: 139312, Current Best Cut: 138659, Repeat for: 6, Not Change for: 19
[FM(490)]Cut Size: 139312, Current Best Cut: 138659, Repeat for: 6, Not Change for: 20
[FM(491)]Cut Size: 139312, Current Best Cut: 138659, Repeat for: 6, Not Change for: 21
[FM(492)]Cut Size: 139312, Current Best Cut: 138659, Repeat for: 6, Not Change for: 22
[FM(493)]Cut Size: 139831, Current Best Cut: 138659, Repeat for: 6, Not Change for: 23
[FM(494)]Cut Size: 139831, Current Best Cut: 138659, Repeat for: 6, Not Change for: 24
[FM(495)]Cut Size: 139831, Current Best Cut: 138659, Repeat for: 6, Not Change for: 25
[FM(496)]Cut Size: 138810, Current Best Cut: 138659, Repeat for: 6, Not Change for: 26
[FM(497)]Cut Size: 138810, Current Best Cut: 138659, Repeat for: 6, Not Change for: 27
[FM(498)]Cut Size: 138947, Current Best Cut: 138659, Repeat for: 6, Not Change for: 28
[FM(499)]Cut Size: 139317, Current Best Cut: 138659, Repeat for: 6, Not Change for: 29
[FM(500)]Cut Size: 139317, Current Best Cut: 138659, Repeat for: 6, Not Change for: 30
[FM(501)]Cut Size: 139333, Current Best Cut: 138659, Repeat for: 6, Not Change for: 31
[FM(502)]Cut Size: 139389, Current Best Cut: 138659, Repeat for: 6, Not Change for: 32
[FM(503)]Cut Size: 139389, Current Best Cut: 138659, Repeat for: 6, Not Change for: 33
[FM(504)]Cut Size: 139678, Current Best Cut: 138659, Repeat for: 6, Not Change for: 34
[FM(505)]Cut Size: 138981, Current Best Cut: 138659, Repeat for: 6, Not Change for: 35
[FM(506)]Cut Size: 138981, Current Best Cut: 138659, Repeat for: 6, Not Change for: 36
[FM(507)]Cut Size: 138981, Current Best Cut: 138659, Repeat for: 6, Not Change for: 37
[FM(508)]Cut Size: 139322, Current Best Cut: 138659, Repeat for: 6, Not Change for: 38
[FM(509)]Cut Size: 138975, Current Best Cut: 138659, Repeat for: 6, Not Change for: 39
[FM(510)]Cut Size: 138975, Current Best Cut: 138659, Repeat for: 6, Not Change for: 40
[FM(511)]Cut Size: 139047, Current Best Cut: 138659, Repeat for: 6, Not Change for: 41
[FM(512)]Cut Size: 139047, Current Best Cut: 138659, Repeat for: 6, Not Change for: 42
[FM(513)]Cut Size: 139106, Current Best Cut: 138659, Repeat for: 6, Not Change for: 43
[FM(514)]Cut Size: 138761, Current Best Cut: 138659, Repeat for: 6, Not Change for: 44
[FM(515)]Cut Size: 138761, Current Best Cut: 138659, Repeat for: 6, Not Change for: 45
[FM(516)]Cut Size: 138767, Current Best Cut: 138659, Repeat for: 6, Not Change for: 46
[FM(517)]Cut Size: 138767, Current Best Cut: 138659, Repeat for: 6, Not Change for: 47
[FM(518)]Cut Size: 138767, Current Best Cut: 138659, Repeat for: 6, Not Change for: 48
[FM(519)]Cut Size: 138767, Current Best Cut: 138659, Repeat for: 6, Not Change for: 49
[FM(520)]Cut Size: 138767, Current Best Cut: 138659, Repeat for: 6, Not Change for: 50
[FM(521)]Cut Size: 138800, Current Best Cut: 138659, Repeat for: 6, Not Change for: 51
[FM(522)]Cut Size: 138800, Current Best Cut: 138659, Repeat for: 6, Not Change for: 52
[FM(523)]Cut Size: 138592, Current Best Cut: 138592, Repeat for: 1, Not Change for: 0
[FM(524)]Cut Size: 138720, Current Best Cut: 138592, Repeat for: 1, Not Change for: 1
[FM(525)]Cut Size: 138552, Current Best Cut: 138552, Repeat for: 1, Not Change for: 0
[FM(526)]Cut Size: 138709, Current Best Cut: 138552, Repeat for: 1, Not Change for: 1
[FM(527)]Cut Size: 138522, Current Best Cut: 138522, Repeat for: 1, Not Change for: 0
[FM(528)]Cut Size: 138580, Current Best Cut: 138522, Repeat for: 1, Not Change for: 1
[FM(529)]Cut Size: 138499, Current Best Cut: 138499, Repeat for: 1, Not Change for: 0
[FM(530)]Cut Size: 138598, Current Best Cut: 138499, Repeat for: 1, Not Change for: 1
[FM(531)]Cut Size: 138499, Current Best Cut: 138499, Repeat for: 2, Not Change for: 2
[FM(532)]Cut Size: 138547, Current Best Cut: 138499, Repeat for: 2, Not Change for: 3
[FM(533)]Cut Size: 138547, Current Best Cut: 138499, Repeat for: 2, Not Change for: 4
[FM(534)]Cut Size: 138478, Current Best Cut: 138478, Repeat for: 1, Not Change for: 0
[FM(535)]Cut Size: 138531, Current Best Cut: 138478, Repeat for: 1, Not Change for: 1
[FM(536)]Cut Size: 138471, Current Best Cut: 138471, Repeat for: 1, Not Change for: 0
[FM(537)]Cut Size: 138497, Current Best Cut: 138471, Repeat for: 1, Not Change for: 1
[FM(538)]Cut Size: 138464, Current Best Cut: 138464, Repeat for: 1, Not Change for: 0
[FM(539)]Cut Size: 138478, Current Best Cut: 138464, Repeat for: 1, Not Change for: 1
[FM(540)]Cut Size: 138463, Current Best Cut: 138463, Repeat for: 1, Not Change for: 0
[FM(541)]Cut Size: 138486, Current Best Cut: 138463, Repeat for: 1, Not Change for: 1
[FM(542)]Cut Size: 138452, Current Best Cut: 138452, Repeat for: 1, Not Change for: 0
[FM(543)]Cut Size: 138500, Current Best Cut: 138452, Repeat for: 1, Not Change for: 1
[FM(544)]Cut Size: 138454, Current Best Cut: 138452, Repeat for: 1, Not Change for: 2
[FM(545)]Cut Size: 138463, Current Best Cut: 138452, Repeat for: 1, Not Change for: 3
[FM(546)]Cut Size: 138463, Current Best Cut: 138452, Repeat for: 1, Not Change for: 4
[FM(547)]Cut Size: 138447, Current Best Cut: 138447, Repeat for: 1, Not Change for: 0
[FM(548)]Cut Size: 138442, Current Best Cut: 138442, Repeat for: 1, Not Change for: 0
[FM(549)]Cut Size: 138442, Current Best Cut: 138442, Repeat for: 2, Not Change for: 1
[FM(550)]Cut Size: 138459, Current Best Cut: 138442, Repeat for: 2, Not Change for: 2
[FM(551)]Cut Size: 138442, Current Best Cut: 138442, Repeat for: 3, Not Change for: 3
[FM(552)]Cut Size: 138914, Current Best Cut: 138442, Repeat for: 3, Not Change for: 4
[FM(553)]Cut Size: 138914, Current Best Cut: 138442, Repeat for: 3, Not Change for: 5
[FM(554)]Cut Size: 138914, Current Best Cut: 138442, Repeat for: 3, Not Change for: 6
[FM(555)]Cut Size: 138914, Current Best Cut: 138442, Repeat for: 3, Not Change for: 7
[FM(556)]Cut Size: 138914, Current Best Cut: 138442, Repeat for: 3, Not Change for: 8
[FM(557)]Cut Size: 139946, Current Best Cut: 138442, Repeat for: 3, Not Change for: 9
[FM(558)]Cut Size: 139946, Current Best Cut: 138442, Repeat for: 3, Not Change for: 10
[FM(559)]Cut Size: 139946, Current Best Cut: 138442, Repeat for: 3, Not Change for: 11
[FM(560)]Cut Size: 139946, Current Best Cut: 138442, Repeat for: 3, Not Change for: 12
[FM(561)]Cut Size: 138778, Current Best Cut: 138442, Repeat for: 3, Not Change for: 13
[FM(562)]Cut Size: 138778, Current Best Cut: 138442, Repeat for: 3, Not Change for: 14
[FM(563)]Cut Size: 138778, Current Best Cut: 138442, Repeat for: 3, Not Change for: 15
[FM(564)]Cut Size: 138778, Current Best Cut: 138442, Repeat for: 3, Not Change for: 16
[FM(565)]Cut Size: 138778, Current Best Cut: 138442, Repeat for: 3, Not Change for: 17
[FM(566)]Cut Size: 138778, Current Best Cut: 138442, Repeat for: 3, Not Change for: 18
[FM(567)]Cut Size: 138833, Current Best Cut: 138442, Repeat for: 3, Not Change for: 19
[FM(568)]Cut Size: 139376, Current Best Cut: 138442, Repeat for: 3, Not Change for: 20
[FM(569)]Cut Size: 138582, Current Best Cut: 138442, Repeat for: 3, Not Change for: 21
[FM(570)]Cut Size: 138710, Current Best Cut: 138442, Repeat for: 3, Not Change for: 22
[FM(571)]Cut Size: 138710, Current Best Cut: 138442, Repeat for: 3, Not Change for: 23
[FM(572)]Cut Size: 138846, Current Best Cut: 138442, Repeat for: 3, Not Change for: 24
[FM(573)]Cut Size: 138845, Current Best Cut: 138442, Repeat for: 3, Not Change for: 25
[FM(574)]Cut Size: 138845, Current Best Cut: 138442, Repeat for: 3, Not Change for: 26
[FM(575)]Cut Size: 138717, Current Best Cut: 138442, Repeat for: 3, Not Change for: 27
[FM(576)]Cut Size: 138717, Current Best Cut: 138442, Repeat for: 3, Not Change for: 28
[FM(577)]Cut Size: 138717, Current Best Cut: 138442, Repeat for: 3, Not Change for: 29
[FM(578)]Cut Size: 138717, Current Best Cut: 138442, Repeat for: 3, Not Change for: 30
[FM(579)]Cut Size: 138717, Current Best Cut: 138442, Repeat for: 3, Not Change for: 31
[FM(580)]Cut Size: 138428, Current Best Cut: 138428, Repeat for: 1, Not Change for: 0
[FM(581)]Cut Size: 138642, Current Best Cut: 138428, Repeat for: 1, Not Change for: 1
[FM(582)]Cut Size: 138322, Current Best Cut: 138322, Repeat for: 1, Not Change for: 0
[FM(583)]Cut Size: 138537, Current Best Cut: 138322, Repeat for: 1, Not Change for: 1
[FM(584)]Cut Size: 138343, Current Best Cut: 138322, Repeat for: 1, Not Change for: 2
[FM(585)]Cut Size: 138458, Current Best Cut: 138322, Repeat for: 1, Not Change for: 3
[FM(586)]Cut Size: 138458, Current Best Cut: 138322, Repeat for: 1, Not Change for: 4
[FM(587)]Cut Size: 138389, Current Best Cut: 138322, Repeat for: 1, Not Change for: 5
[FM(588)]Cut Size: 138389, Current Best Cut: 138322, Repeat for: 1, Not Change for: 6
[FM(589)]Cut Size: 138389, Current Best Cut: 138322, Repeat for: 1, Not Change for: 7
[FM(590)]Cut Size: 138398, Current Best Cut: 138322, Repeat for: 1, Not Change for: 8
[FM(591)]Cut Size: 138728, Current Best Cut: 138322, Repeat for: 1, Not Change for: 9
[FM(592)]Cut Size: 138728, Current Best Cut: 138322, Repeat for: 1, Not Change for: 10
[FM(593)]Cut Size: 139555, Current Best Cut: 138322, Repeat for: 1, Not Change for: 11
[FM(594)]Cut Size: 138426, Current Best Cut: 138322, Repeat for: 1, Not Change for: 12
[FM(595)]Cut Size: 138454, Current Best Cut: 138322, Repeat for: 1, Not Change for: 13
[FM(596)]Cut Size: 138842, Current Best Cut: 138322, Repeat for: 1, Not Change for: 14
[FM(597)]Cut Size: 138842, Current Best Cut: 138322, Repeat for: 1, Not Change for: 15
[FM(598)]Cut Size: 138842, Current Best Cut: 138322, Repeat for: 1, Not Change for: 16
[FM(599)]Cut Size: 138842, Current Best Cut: 138322, Repeat for: 1, Not Change for: 17
[FM(600)]Cut Size: 138258, Current Best Cut: 138258, Repeat for: 1, Not Change for: 0
[FM(601)]Cut Size: 138573, Current Best Cut: 138258, Repeat for: 1, Not Change for: 1
[FM(602)]Cut Size: 138213, Current Best Cut: 138213, Repeat for: 1, Not Change for: 0
[FM(603)]Cut Size: 138388, Current Best Cut: 138213, Repeat for: 1, Not Change for: 1
[FM(604)]Cut Size: 138234, Current Best Cut: 138213, Repeat for: 1, Not Change for: 2
[FM(605)]Cut Size: 138349, Current Best Cut: 138213, Repeat for: 1, Not Change for: 3
[FM(606)]Cut Size: 138349, Current Best Cut: 138213, Repeat for: 1, Not Change for: 4
[FM(607)]Cut Size: 138349, Current Best Cut: 138213, Repeat for: 1, Not Change for: 5
[FM(608)]Cut Size: 138349, Current Best Cut: 138213, Repeat for: 1, Not Change for: 6
[FM(609)]Cut Size: 138349, Current Best Cut: 138213, Repeat for: 1, Not Change for: 7
[FM(610)]Cut Size: 138349, Current Best Cut: 138213, Repeat for: 1, Not Change for: 8
[FM(611)]Cut Size: 139025, Current Best Cut: 138213, Repeat for: 1, Not Change for: 9
[FM(612)]Cut Size: 139255, Current Best Cut: 138213, Repeat for: 1, Not Change for: 10
[FM(613)]Cut Size: 138587, Current Best Cut: 138213, Repeat for: 1, Not Change for: 11
[FM(614)]Cut Size: 138418, Current Best Cut: 138213, Repeat for: 1, Not Change for: 12
[FM(615)]Cut Size: 138279, Current Best Cut: 138213, Repeat for: 1, Not Change for: 13
[FM(616)]Cut Size: 138465, Current Best Cut: 138213, Repeat for: 1, Not Change for: 14
[FM(617)]Cut Size: 138465, Current Best Cut: 138213, Repeat for: 1, Not Change for: 15
[FM(618)]Cut Size: 138465, Current Best Cut: 138213, Repeat for: 1, Not Change for: 16
[FM(619)]Cut Size: 138380, Current Best Cut: 138213, Repeat for: 1, Not Change for: 17
[FM(620)]Cut Size: 138484, Current Best Cut: 138213, Repeat for: 1, Not Change for: 18
[FM(621)]Cut Size: 138484, Current Best Cut: 138213, Repeat for: 1, Not Change for: 19
[FM(622)]Cut Size: 138468, Current Best Cut: 138213, Repeat for: 1, Not Change for: 20
[FM(623)]Cut Size: 138468, Current Best Cut: 138213, Repeat for: 1, Not Change for: 21
[FM(624)]Cut Size: 138509, Current Best Cut: 138213, Repeat for: 1, Not Change for: 22
[FM(625)]Cut Size: 138509, Current Best Cut: 138213, Repeat for: 1, Not Change for: 23
[FM(626)]Cut Size: 138509, Current Best Cut: 138213, Repeat for: 1, Not Change for: 24
[FM(627)]Cut Size: 138509, Current Best Cut: 138213, Repeat for: 1, Not Change for: 25
[FM(628)]Cut Size: 138509, Current Best Cut: 138213, Repeat for: 1, Not Change for: 26
[FM(629)]Cut Size: 138982, Current Best Cut: 138213, Repeat for: 1, Not Change for: 27
[FM(630)]Cut Size: 138982, Current Best Cut: 138213, Repeat for: 1, Not Change for: 28
[FM(631)]Cut Size: 138982, Current Best Cut: 138213, Repeat for: 1, Not Change for: 29
[FM(632)]Cut Size: 139235, Current Best Cut: 138213, Repeat for: 1, Not Change for: 30
[FM(633)]Cut Size: 139300, Current Best Cut: 138213, Repeat for: 1, Not Change for: 31
[FM(634)]Cut Size: 139300, Current Best Cut: 138213, Repeat for: 1, Not Change for: 32
[FM(635)]Cut Size: 139300, Current Best Cut: 138213, Repeat for: 1, Not Change for: 33
[FM(636)]Cut Size: 139300, Current Best Cut: 138213, Repeat for: 1, Not Change for: 34
[FM(637)]Cut Size: 139947, Current Best Cut: 138213, Repeat for: 1, Not Change for: 35
[FM(638)]Cut Size: 139947, Current Best Cut: 138213, Repeat for: 1, Not Change for: 36
[FM(639)]Cut Size: 138470, Current Best Cut: 138213, Repeat for: 1, Not Change for: 37
[FM(640)]Cut Size: 138470, Current Best Cut: 138213, Repeat for: 1, Not Change for: 38
[FM(641)]Cut Size: 138617, Current Best Cut: 138213, Repeat for: 1, Not Change for: 39
[FM(642)]Cut Size: 138624, Current Best Cut: 138213, Repeat for: 1, Not Change for: 40
[FM(643)]Cut Size: 139265, Current Best Cut: 138213, Repeat for: 1, Not Change for: 41
[FM(644)]Cut Size: 139265, Current Best Cut: 138213, Repeat for: 1, Not Change for: 42
[FM(645)]Cut Size: 139265, Current Best Cut: 138213, Repeat for: 1, Not Change for: 43
[FM(646)]Cut Size: 139265, Current Best Cut: 138213, Repeat for: 1, Not Change for: 44
[FM(647)]Cut Size: 139994, Current Best Cut: 138213, Repeat for: 1, Not Change for: 45
[FM(648)]Cut Size: 138527, Current Best Cut: 138213, Repeat for: 1, Not Change for: 46
[FM(649)]Cut Size: 138566, Current Best Cut: 138213, Repeat for: 1, Not Change for: 47
[FM(650)]Cut Size: 138807, Current Best Cut: 138213, Repeat for: 1, Not Change for: 48
[FM(651)]Cut Size: 138819, Current Best Cut: 138213, Repeat for: 1, Not Change for: 49
[FM(652)]Cut Size: 138212, Current Best Cut: 138212, Repeat for: 1, Not Change for: 0
[FM(653)]Cut Size: 138359, Current Best Cut: 138212, Repeat for: 1, Not Change for: 1
[FM(654)]Cut Size: 138090, Current Best Cut: 138090, Repeat for: 1, Not Change for: 0
[FM(655)]Cut Size: 138164, Current Best Cut: 138090, Repeat for: 1, Not Change for: 1
[FM(656)]Cut Size: 138034, Current Best Cut: 138034, Repeat for: 1, Not Change for: 0
[FM(657)]Cut Size: 138091, Current Best Cut: 138034, Repeat for: 1, Not Change for: 1
[FM(658)]Cut Size: 138020, Current Best Cut: 138020, Repeat for: 1, Not Change for: 0
[FM(659)]Cut Size: 138124, Current Best Cut: 138020, Repeat for: 1, Not Change for: 1
[FM(660)]Cut Size: 138012, Current Best Cut: 138012, Repeat for: 1, Not Change for: 0
[FM(661)]Cut Size: 137997, Current Best Cut: 137997, Repeat for: 1, Not Change for: 0
[FM(662)]Cut Size: 137994, Current Best Cut: 137994, Repeat for: 1, Not Change for: 0
[FM(663)]Cut Size: 137993, Current Best Cut: 137993, Repeat for: 1, Not Change for: 0
[FM(664)]Cut Size: 137988, Current Best Cut: 137988, Repeat for: 1, Not Change for: 0
[FM(665)]Cut Size: 137998, Current Best Cut: 137988, Repeat for: 1, Not Change for: 1
[FM(666)]Cut Size: 137991, Current Best Cut: 137988, Repeat for: 1, Not Change for: 2
[FM(667)]Cut Size: 138005, Current Best Cut: 137988, Repeat for: 1, Not Change for: 3
[FM(668)]Cut Size: 137987, Current Best Cut: 137987, Repeat for: 1, Not Change for: 0
[FM(669)]Cut Size: 137977, Current Best Cut: 137977, Repeat for: 1, Not Change for: 0
[FM(670)]Cut Size: 137974, Current Best Cut: 137974, Repeat for: 1, Not Change for: 0
[FM(671)]Cut Size: 137974, Current Best Cut: 137974, Repeat for: 2, Not Change for: 1
[FM(672)]Cut Size: 137974, Current Best Cut: 137974, Repeat for: 3, Not Change for: 2
[FM(673)]Cut Size: 137974, Current Best Cut: 137974, Repeat for: 4, Not Change for: 3
[FM(674)]Cut Size: 137971, Current Best Cut: 137971, Repeat for: 1, Not Change for: 0
[FM(675)]Cut Size: 137988, Current Best Cut: 137971, Repeat for: 1, Not Change for: 1
[FM(676)]Cut Size: 137973, Current Best Cut: 137971, Repeat for: 1, Not Change for: 2
[FM(677)]Cut Size: 137971, Current Best Cut: 137971, Repeat for: 2, Not Change for: 3
[FM(678)]Cut Size: 137970, Current Best Cut: 137970, Repeat for: 1, Not Change for: 0
[FM(679)]Cut Size: 137969, Current Best Cut: 137969, Repeat for: 1, Not Change for: 0
[FM(680)]Cut Size: 137998, Current Best Cut: 137969, Repeat for: 1, Not Change for: 1
[FM(681)]Cut Size: 137971, Current Best Cut: 137969, Repeat for: 1, Not Change for: 2
[FM(682)]Cut Size: 137968, Current Best Cut: 137968, Repeat for: 1, Not Change for: 0
[FM(683)]Cut Size: 137967, Current Best Cut: 137967, Repeat for: 1, Not Change for: 0
[FM(684)]Cut Size: 137974, Current Best Cut: 137967, Repeat for: 1, Not Change for: 1
[FM(685)]Cut Size: 137970, Current Best Cut: 137967, Repeat for: 1, Not Change for: 2
[FM(686)]Cut Size: 137979, Current Best Cut: 137967, Repeat for: 1, Not Change for: 3
[FM(687)]Cut Size: 137978, Current Best Cut: 137967, Repeat for: 1, Not Change for: 4
[FM(688)]Cut Size: 137978, Current Best Cut: 137967, Repeat for: 1, Not Change for: 5
[FM(689)]Cut Size: 137978, Current Best Cut: 137967, Repeat for: 1, Not Change for: 6
[FM(690)]Cut Size: 137966, Current Best Cut: 137966, Repeat for: 1, Not Change for: 0
[FM(691)]Cut Size: 137964, Current Best Cut: 137964, Repeat for: 1, Not Change for: 0
[FM(692)]Cut Size: 137964, Current Best Cut: 137964, Repeat for: 2, Not Change for: 1
[FM(693)]Cut Size: 137971, Current Best Cut: 137964, Repeat for: 2, Not Change for: 2
[FM(694)]Cut Size: 137966, Current Best Cut: 137964, Repeat for: 2, Not Change for: 3
[FM(695)]Cut Size: 137966, Current Best Cut: 137964, Repeat for: 2, Not Change for: 4
[FM(696)]Cut Size: 137975, Current Best Cut: 137964, Repeat for: 2, Not Change for: 5
[FM(697)]Cut Size: 137984, Current Best Cut: 137964, Repeat for: 2, Not Change for: 6
[FM(698)]Cut Size: 137983, Current Best Cut: 137964, Repeat for: 2, Not Change for: 7
[FM(699)]Cut Size: 137989, Current Best Cut: 137964, Repeat for: 2, Not Change for: 8
[FM(700)]Cut Size: 137989, Current Best Cut: 137964, Repeat for: 2, Not Change for: 9
[FM(701)]Cut Size: 137989, Current Best Cut: 137964, Repeat for: 2, Not Change for: 10
[FM(702)]Cut Size: 137989, Current Best Cut: 137964, Repeat for: 2, Not Change for: 11
[FM(703)]Cut Size: 137994, Current Best Cut: 137964, Repeat for: 2, Not Change for: 12
[FM(704)]Cut Size: 137997, Current Best Cut: 137964, Repeat for: 2, Not Change for: 13
[FM(705)]Cut Size: 137997, Current Best Cut: 137964, Repeat for: 2, Not Change for: 14
[FM(706)]Cut Size: 137997, Current Best Cut: 137964, Repeat for: 2, Not Change for: 15
[FM(707)]Cut Size: 138058, Current Best Cut: 137964, Repeat for: 2, Not Change for: 16
[FM(708)]Cut Size: 138058, Current Best Cut: 137964, Repeat for: 2, Not Change for: 17
[FM(709)]Cut Size: 138011, Current Best Cut: 137964, Repeat for: 2, Not Change for: 18
[FM(710)]Cut Size: 138010, Current Best Cut: 137964, Repeat for: 2, Not Change for: 19
[FM(711)]Cut Size: 138008, Current Best Cut: 137964, Repeat for: 2, Not Change for: 20
[FM(712)]Cut Size: 138008, Current Best Cut: 137964, Repeat for: 2, Not Change for: 21
[FM(713)]Cut Size: 138008, Current Best Cut: 137964, Repeat for: 2, Not Change for: 22
[FM(714)]Cut Size: 138758, Current Best Cut: 137964, Repeat for: 2, Not Change for: 23
[FM(715)]Cut Size: 140107, Current Best Cut: 137964, Repeat for: 2, Not Change for: 24
[FM(716)]Cut Size: 138433, Current Best Cut: 137964, Repeat for: 2, Not Change for: 25
[FM(717)]Cut Size: 138762, Current Best Cut: 137964, Repeat for: 2, Not Change for: 26
[FM(718)]Cut Size: 139801, Current Best Cut: 137964, Repeat for: 2, Not Change for: 27
[FM(719)]Cut Size: 138372, Current Best Cut: 137964, Repeat for: 2, Not Change for: 28
[FM(720)]Cut Size: 138372, Current Best Cut: 137964, Repeat for: 2, Not Change for: 29
[FM(721)]Cut Size: 138829, Current Best Cut: 137964, Repeat for: 2, Not Change for: 30
[FM(722)]Cut Size: 139000, Current Best Cut: 137964, Repeat for: 2, Not Change for: 31
[FM(723)]Cut Size: 138724, Current Best Cut: 137964, Repeat for: 2, Not Change for: 32
[FM(724)]Cut Size: 138724, Current Best Cut: 137964, Repeat for: 2, Not Change for: 33
[FM(725)]Cut Size: 138724, Current Best Cut: 137964, Repeat for: 2, Not Change for: 34
[FM(726)]Cut Size: 138724, Current Best Cut: 137964, Repeat for: 2, Not Change for: 35
[FM(727)]Cut Size: 138724, Current Best Cut: 137964, Repeat for: 2, Not Change for: 36
[FM(728)]Cut Size: 138728, Current Best Cut: 137964, Repeat for: 2, Not Change for: 37
[FM(729)]Cut Size: 138985, Current Best Cut: 137964, Repeat for: 2, Not Change for: 38
[FM(730)]Cut Size: 138985, Current Best Cut: 137964, Repeat for: 2, Not Change for: 39
[FM(731)]Cut Size: 138985, Current Best Cut: 137964, Repeat for: 2, Not Change for: 40
[FM(732)]Cut Size: 139047, Current Best Cut: 137964, Repeat for: 2, Not Change for: 41
[FM(733)]Cut Size: 138138, Current Best Cut: 137964, Repeat for: 2, Not Change for: 42
[FM(734)]Cut Size: 138289, Current Best Cut: 137964, Repeat for: 2, Not Change for: 43
[FM(735)]Cut Size: 138301, Current Best Cut: 137964, Repeat for: 2, Not Change for: 44
[FM(736)]Cut Size: 138022, Current Best Cut: 137964, Repeat for: 2, Not Change for: 45
[FM(737)]Cut Size: 138022, Current Best Cut: 137964, Repeat for: 2, Not Change for: 46
[FM(738)]Cut Size: 138022, Current Best Cut: 137964, Repeat for: 2, Not Change for: 47
[FM(739)]Cut Size: 138022, Current Best Cut: 137964, Repeat for: 2, Not Change for: 48
[FM(740)]Cut Size: 138022, Current Best Cut: 137964, Repeat for: 2, Not Change for: 49
[FM(741)]Cut Size: 138031, Current Best Cut: 137964, Repeat for: 2, Not Change for: 50
[FM(742)]Cut Size: 137880, Current Best Cut: 137880, Repeat for: 1, Not Change for: 0
[FM(743)]Cut Size: 137911, Current Best Cut: 137880, Repeat for: 1, Not Change for: 1
[FM(744)]Cut Size: 137823, Current Best Cut: 137823, Repeat for: 1, Not Change for: 0
[FM(745)]Cut Size: 137802, Current Best Cut: 137802, Repeat for: 1, Not Change for: 0
[FM(746)]Cut Size: 137796, Current Best Cut: 137796, Repeat for: 1, Not Change for: 0
[FM(747)]Cut Size: 137793, Current Best Cut: 137793, Repeat for: 1, Not Change for: 0
[FM(748)]Cut Size: 137789, Current Best Cut: 137789, Repeat for: 1, Not Change for: 0
[FM(749)]Cut Size: 137787, Current Best Cut: 137787, Repeat for: 1, Not Change for: 0
[FM(750)]Cut Size: 137807, Current Best Cut: 137787, Repeat for: 1, Not Change for: 1
[FM(751)]Cut Size: 137822, Current Best Cut: 137787, Repeat for: 1, Not Change for: 2
[FM(752)]Cut Size: 137807, Current Best Cut: 137787, Repeat for: 1, Not Change for: 3
[FM(753)]Cut Size: 137807, Current Best Cut: 137787, Repeat for: 1, Not Change for: 4
[FM(754)]Cut Size: 137807, Current Best Cut: 137787, Repeat for: 1, Not Change for: 5
[FM(755)]Cut Size: 137983, Current Best Cut: 137787, Repeat for: 1, Not Change for: 6
[FM(756)]Cut Size: 138355, Current Best Cut: 137787, Repeat for: 1, Not Change for: 7
[FM(757)]Cut Size: 139803, Current Best Cut: 137787, Repeat for: 1, Not Change for: 8
[FM(758)]Cut Size: 139803, Current Best Cut: 137787, Repeat for: 1, Not Change for: 9
[FM(759)]Cut Size: 140404, Current Best Cut: 137787, Repeat for: 1, Not Change for: 10
[FM(760)]Cut Size: 140404, Current Best Cut: 137787, Repeat for: 1, Not Change for: 11
[FM(761)]Cut Size: 140706, Current Best Cut: 137787, Repeat for: 1, Not Change for: 12
[FM(762)]Cut Size: 141139, Current Best Cut: 137787, Repeat for: 1, Not Change for: 13
[FM(763)]Cut Size: 139668, Current Best Cut: 137787, Repeat for: 1, Not Change for: 14
[FM(764)]Cut Size: 138459, Current Best Cut: 137787, Repeat for: 1, Not Change for: 15
[FM(765)]Cut Size: 138579, Current Best Cut: 137787, Repeat for: 1, Not Change for: 16
[FM(766)]Cut Size: 138579, Current Best Cut: 137787, Repeat for: 1, Not Change for: 17
[FM(767)]Cut Size: 138578, Current Best Cut: 137787, Repeat for: 1, Not Change for: 18
[FM(768)]Cut Size: 138578, Current Best Cut: 137787, Repeat for: 1, Not Change for: 19
[FM(769)]Cut Size: 138578, Current Best Cut: 137787, Repeat for: 1, Not Change for: 20
[FM(770)]Cut Size: 138578, Current Best Cut: 137787, Repeat for: 1, Not Change for: 21
[FM(771)]Cut Size: 138578, Current Best Cut: 137787, Repeat for: 1, Not Change for: 22
[FM(772)]Cut Size: 138578, Current Best Cut: 137787, Repeat for: 1, Not Change for: 23
[FM(773)]Cut Size: 139083, Current Best Cut: 137787, Repeat for: 1, Not Change for: 24
[FM(774)]Cut Size: 139396, Current Best Cut: 137787, Repeat for: 1, Not Change for: 25
[FM(775)]Cut Size: 138300, Current Best Cut: 137787, Repeat for: 1, Not Change for: 26
[FM(776)]Cut Size: 138300, Current Best Cut: 137787, Repeat for: 1, Not Change for: 27
[FM(777)]Cut Size: 138319, Current Best Cut: 137787, Repeat for: 1, Not Change for: 28
[FM(778)]Cut Size: 138323, Current Best Cut: 137787, Repeat for: 1, Not Change for: 29
[FM(779)]Cut Size: 138138, Current Best Cut: 137787, Repeat for: 1, Not Change for: 30
[FM(780)]Cut Size: 138023, Current Best Cut: 137787, Repeat for: 1, Not Change for: 31
[FM(781)]Cut Size: 138203, Current Best Cut: 137787, Repeat for: 1, Not Change for: 32
[FM(782)]Cut Size: 138220, Current Best Cut: 137787, Repeat for: 1, Not Change for: 33
[FM(783)]Cut Size: 138551, Current Best Cut: 137787, Repeat for: 1, Not Change for: 34
[FM(784)]Cut Size: 138551, Current Best Cut: 137787, Repeat for: 1, Not Change for: 35
[FM(785)]Cut Size: 138551, Current Best Cut: 137787, Repeat for: 1, Not Change for: 36
[FM(786)]Cut Size: 138551, Current Best Cut: 137787, Repeat for: 1, Not Change for: 37
[FM(787)]Cut Size: 140110, Current Best Cut: 137787, Repeat for: 1, Not Change for: 38
[FM(788)]Cut Size: 140110, Current Best Cut: 137787, Repeat for: 1, Not Change for: 39
[FM(789)]Cut Size: 138285, Current Best Cut: 137787, Repeat for: 1, Not Change for: 40
[FM(790)]Cut Size: 138285, Current Best Cut: 137787, Repeat for: 1, Not Change for: 41
[FM(791)]Cut Size: 138285, Current Best Cut: 137787, Repeat for: 1, Not Change for: 42
[FM(792)]Cut Size: 138285, Current Best Cut: 137787, Repeat for: 1, Not Change for: 43
[FM(793)]Cut Size: 138543, Current Best Cut: 137787, Repeat for: 1, Not Change for: 44
[FM(794)]Cut Size: 138540, Current Best Cut: 137787, Repeat for: 1, Not Change for: 45
[FM(795)]Cut Size: 138540, Current Best Cut: 137787, Repeat for: 1, Not Change for: 46
[FM(796)]Cut Size: 139159, Current Best Cut: 137787, Repeat for: 1, Not Change for: 47
[FM(797)]Cut Size: 139161, Current Best Cut: 137787, Repeat for: 1, Not Change for: 48
[FM(798)]Cut Size: 139474, Current Best Cut: 137787, Repeat for: 1, Not Change for: 49
[FM(799)]Cut Size: 138606, Current Best Cut: 137787, Repeat for: 1, Not Change for: 50
[FM(800)]Cut Size: 138606, Current Best Cut: 137787, Repeat for: 1, Not Change for: 51
[FM(801)]Cut Size: 138606, Current Best Cut: 137787, Repeat for: 1, Not Change for: 52
[FM(802)]Cut Size: 138606, Current Best Cut: 137787, Repeat for: 1, Not Change for: 53
[FM(803)]Cut Size: 137851, Current Best Cut: 137787, Repeat for: 1, Not Change for: 54
[FM(804)]Cut Size: 137851, Current Best Cut: 137787, Repeat for: 1, Not Change for: 55
[FM(805)]Cut Size: 137835, Current Best Cut: 137787, Repeat for: 1, Not Change for: 56
[FM(806)]Cut Size: 137835, Current Best Cut: 137787, Repeat for: 1, Not Change for: 57
[FM(807)]Cut Size: 137835, Current Best Cut: 137787, Repeat for: 1, Not Change for: 58
[FM(808)]Cut Size: 137835, Current Best Cut: 137787, Repeat for: 1, Not Change for: 59
[FM(809)]Cut Size: 138517, Current Best Cut: 137787, Repeat for: 1, Not Change for: 60
[FM(810)]Cut Size: 138517, Current Best Cut: 137787, Repeat for: 1, Not Change for: 61
[FM(811)]Cut Size: 139952, Current Best Cut: 137787, Repeat for: 1, Not Change for: 62
[FM(812)]Cut Size: 138189, Current Best Cut: 137787, Repeat for: 1, Not Change for: 63
[FM(813)]Cut Size: 138218, Current Best Cut: 137787, Repeat for: 1, Not Change for: 64
[FM(814)]Cut Size: 138218, Current Best Cut: 137787, Repeat for: 1, Not Change for: 65
[FM(815)]Cut Size: 139108, Current Best Cut: 137787, Repeat for: 1, Not Change for: 66
[FM(816)]Cut Size: 139207, Current Best Cut: 137787, Repeat for: 1, Not Change for: 67
[FM(817)]Cut Size: 139207, Current Best Cut: 137787, Repeat for: 1, Not Change for: 68
[FM(818)]Cut Size: 139474, Current Best Cut: 137787, Repeat for: 1, Not Change for: 69
[FM(819)]Cut Size: 139474, Current Best Cut: 137787, Repeat for: 1, Not Change for: 70
[FM(820)]Cut Size: 139474, Current Best Cut: 137787, Repeat for: 1, Not Change for: 71
[FM(821)]Cut Size: 139208, Current Best Cut: 137787, Repeat for: 1, Not Change for: 72
[FM(822)]Cut Size: 139208, Current Best Cut: 137787, Repeat for: 1, Not Change for: 73
[FM(823)]Cut Size: 137888, Current Best Cut: 137787, Repeat for: 1, Not Change for: 74
[FM(824)]Cut Size: 137976, Current Best Cut: 137787, Repeat for: 1, Not Change for: 75
[FM(825)]Cut Size: 137976, Current Best Cut: 137787, Repeat for: 1, Not Change for: 76
[FM(826)]Cut Size: 137976, Current Best Cut: 137787, Repeat for: 1, Not Change for: 77
[FM(827)]Cut Size: 137976, Current Best Cut: 137787, Repeat for: 1, Not Change for: 78
[FM(828)]Cut Size: 137581, Current Best Cut: 137581, Repeat for: 1, Not Change for: 0
[FM(829)]Cut Size: 137775, Current Best Cut: 137581, Repeat for: 1, Not Change for: 1
[FM(830)]Cut Size: 137488, Current Best Cut: 137488, Repeat for: 1, Not Change for: 0
[FM(831)]Cut Size: 137442, Current Best Cut: 137442, Repeat for: 1, Not Change for: 0
[FM(832)]Cut Size: 137419, Current Best Cut: 137419, Repeat for: 1, Not Change for: 0
[FM(833)]Cut Size: 137403, Current Best Cut: 137403, Repeat for: 1, Not Change for: 0
[FM(834)]Cut Size: 137398, Current Best Cut: 137398, Repeat for: 1, Not Change for: 0
[FM(835)]Cut Size: 137419, Current Best Cut: 137398, Repeat for: 1, Not Change for: 1
[FM(836)]Cut Size: 137393, Current Best Cut: 137393, Repeat for: 1, Not Change for: 0
[FM(837)]Cut Size: 137386, Current Best Cut: 137386, Repeat for: 1, Not Change for: 0
[FM(838)]Cut Size: 137385, Current Best Cut: 137385, Repeat for: 1, Not Change for: 0
[FM(839)]Cut Size: 137385, Current Best Cut: 137385, Repeat for: 2, Not Change for: 1
[FM(840)]Cut Size: 137385, Current Best Cut: 137385, Repeat for: 3, Not Change for: 2
[FM(841)]Cut Size: 137449, Current Best Cut: 137385, Repeat for: 3, Not Change for: 3
[FM(842)]Cut Size: 137449, Current Best Cut: 137385, Repeat for: 3, Not Change for: 4
[FM(843)]Cut Size: 137449, Current Best Cut: 137385, Repeat for: 3, Not Change for: 5
[FM(844)]Cut Size: 137449, Current Best Cut: 137385, Repeat for: 3, Not Change for: 6
[FM(845)]Cut Size: 137449, Current Best Cut: 137385, Repeat for: 3, Not Change for: 7
[FM(846)]Cut Size: 137449, Current Best Cut: 137385, Repeat for: 3, Not Change for: 8
[FM(847)]Cut Size: 137461, Current Best Cut: 137385, Repeat for: 3, Not Change for: 9
[FM(848)]Cut Size: 137461, Current Best Cut: 137385, Repeat for: 3, Not Change for: 10
[FM(849)]Cut Size: 137372, Current Best Cut: 137372, Repeat for: 1, Not Change for: 0
[FM(850)]Cut Size: 137362, Current Best Cut: 137362, Repeat for: 1, Not Change for: 0
[FM(851)]Cut Size: 137408, Current Best Cut: 137362, Repeat for: 1, Not Change for: 1
[FM(852)]Cut Size: 137366, Current Best Cut: 137362, Repeat for: 1, Not Change for: 2
[FM(853)]Cut Size: 137362, Current Best Cut: 137362, Repeat for: 2, Not Change for: 3
[FM(854)]Cut Size: 137355, Current Best Cut: 137355, Repeat for: 1, Not Change for: 0
[FM(855)]Cut Size: 137384, Current Best Cut: 137355, Repeat for: 1, Not Change for: 1
[FM(856)]Cut Size: 137361, Current Best Cut: 137355, Repeat for: 1, Not Change for: 2
[FM(857)]Cut Size: 137356, Current Best Cut: 137355, Repeat for: 1, Not Change for: 3
[FM(858)]Cut Size: 137356, Current Best Cut: 137355, Repeat for: 1, Not Change for: 4
[FM(859)]Cut Size: 137650, Current Best Cut: 137355, Repeat for: 1, Not Change for: 5
[FM(860)]Cut Size: 138602, Current Best Cut: 137355, Repeat for: 1, Not Change for: 6
[FM(861)]Cut Size: 137571, Current Best Cut: 137355, Repeat for: 1, Not Change for: 7
[FM(862)]Cut Size: 137571, Current Best Cut: 137355, Repeat for: 1, Not Change for: 8
[FM(863)]Cut Size: 137796, Current Best Cut: 137355, Repeat for: 1, Not Change for: 9
[FM(864)]Cut Size: 137796, Current Best Cut: 137355, Repeat for: 1, Not Change for: 10
[FM(865)]Cut Size: 137796, Current Best Cut: 137355, Repeat for: 1, Not Change for: 11
[FM(866)]Cut Size: 137355, Current Best Cut: 137355, Repeat for: 2, Not Change for: 12
[FM(867)]Cut Size: 137355, Current Best Cut: 137355, Repeat for: 3, Not Change for: 13
[FM(868)]Cut Size: 137378, Current Best Cut: 137355, Repeat for: 3, Not Change for: 14
[FM(869)]Cut Size: 137378, Current Best Cut: 137355, Repeat for: 3, Not Change for: 15
[FM(870)]Cut Size: 137281, Current Best Cut: 137281, Repeat for: 1, Not Change for: 0
[FM(871)]Cut Size: 137250, Current Best Cut: 137250, Repeat for: 1, Not Change for: 0
[FM(872)]Cut Size: 137246, Current Best Cut: 137246, Repeat for: 1, Not Change for: 0
[FM(873)]Cut Size: 137241, Current Best Cut: 137241, Repeat for: 1, Not Change for: 0
[FM(874)]Cut Size: 137240, Current Best Cut: 137240, Repeat for: 1, Not Change for: 0
[FM(875)]Cut Size: 137236, Current Best Cut: 137236, Repeat for: 1, Not Change for: 0
[FM(876)]Cut Size: 137235, Current Best Cut: 137235, Repeat for: 1, Not Change for: 0
[FM(877)]Cut Size: 137235, Current Best Cut: 137235, Repeat for: 2, Not Change for: 1
[FM(878)]Cut Size: 137234, Current Best Cut: 137234, Repeat for: 1, Not Change for: 0
[FM(879)]Cut Size: 137234, Current Best Cut: 137234, Repeat for: 2, Not Change for: 1
[FM(880)]Cut Size: 137234, Current Best Cut: 137234, Repeat for: 3, Not Change for: 2
[FM(881)]Cut Size: 137234, Current Best Cut: 137234, Repeat for: 4, Not Change for: 3
[FM(882)]Cut Size: 137422, Current Best Cut: 137234, Repeat for: 4, Not Change for: 4
[FM(883)]Cut Size: 138186, Current Best Cut: 137234, Repeat for: 4, Not Change for: 5
[FM(884)]Cut Size: 138186, Current Best Cut: 137234, Repeat for: 4, Not Change for: 6
[FM(885)]Cut Size: 138186, Current Best Cut: 137234, Repeat for: 4, Not Change for: 7
[FM(886)]Cut Size: 137386, Current Best Cut: 137234, Repeat for: 4, Not Change for: 8
[FM(887)]Cut Size: 137429, Current Best Cut: 137234, Repeat for: 4, Not Change for: 9
[FM(888)]Cut Size: 137429, Current Best Cut: 137234, Repeat for: 4, Not Change for: 10
[FM(889)]Cut Size: 137281, Current Best Cut: 137234, Repeat for: 4, Not Change for: 11
[FM(890)]Cut Size: 137281, Current Best Cut: 137234, Repeat for: 4, Not Change for: 12
[FM(891)]Cut Size: 137289, Current Best Cut: 137234, Repeat for: 4, Not Change for: 13
[FM(892)]Cut Size: 137289, Current Best Cut: 137234, Repeat for: 4, Not Change for: 14
[FM(893)]Cut Size: 137303, Current Best Cut: 137234, Repeat for: 4, Not Change for: 15
[FM(894)]Cut Size: 137218, Current Best Cut: 137218, Repeat for: 1, Not Change for: 0
[FM(895)]Cut Size: 137234, Current Best Cut: 137218, Repeat for: 1, Not Change for: 1
[FM(896)]Cut Size: 137198, Current Best Cut: 137198, Repeat for: 1, Not Change for: 0
[FM(897)]Cut Size: 137250, Current Best Cut: 137198, Repeat for: 1, Not Change for: 1
[FM(898)]Cut Size: 137191, Current Best Cut: 137191, Repeat for: 1, Not Change for: 0
[FM(899)]Cut Size: 137227, Current Best Cut: 137191, Repeat for: 1, Not Change for: 1
[FM(900)]Cut Size: 137183, Current Best Cut: 137183, Repeat for: 1, Not Change for: 0
[FM(901)]Cut Size: 137217, Current Best Cut: 137183, Repeat for: 1, Not Change for: 1
[FM(902)]Cut Size: 137180, Current Best Cut: 137180, Repeat for: 1, Not Change for: 0
[FM(903)]Cut Size: 137231, Current Best Cut: 137180, Repeat for: 1, Not Change for: 1
[FM(904)]Cut Size: 137178, Current Best Cut: 137178, Repeat for: 1, Not Change for: 0
[FM(905)]Cut Size: 137186, Current Best Cut: 137178, Repeat for: 1, Not Change for: 1
[FM(906)]Cut Size: 137171, Current Best Cut: 137171, Repeat for: 1, Not Change for: 0
[FM(907)]Cut Size: 137221, Current Best Cut: 137171, Repeat for: 1, Not Change for: 1
[FM(908)]Cut Size: 137171, Current Best Cut: 137171, Repeat for: 2, Not Change for: 2
[FM(909)]Cut Size: 137182, Current Best Cut: 137171, Repeat for: 2, Not Change for: 3
[FM(910)]Cut Size: 137182, Current Best Cut: 137171, Repeat for: 2, Not Change for: 4
[FM(911)]Cut Size: 137181, Current Best Cut: 137171, Repeat for: 2, Not Change for: 5
[FM(912)]Cut Size: 137155, Current Best Cut: 137155, Repeat for: 1, Not Change for: 0
[FM(913)]Cut Size: 137193, Current Best Cut: 137155, Repeat for: 1, Not Change for: 1
[FM(914)]Cut Size: 137155, Current Best Cut: 137155, Repeat for: 2, Not Change for: 2
[FM(915)]Cut Size: 137169, Current Best Cut: 137155, Repeat for: 2, Not Change for: 3
[FM(916)]Cut Size: 137149, Current Best Cut: 137149, Repeat for: 1, Not Change for: 0
[FM(917)]Cut Size: 137160, Current Best Cut: 137149, Repeat for: 1, Not Change for: 1
[FM(918)]Cut Size: 137148, Current Best Cut: 137148, Repeat for: 1, Not Change for: 0
[FM(919)]Cut Size: 137150, Current Best Cut: 137148, Repeat for: 1, Not Change for: 1
[FM(920)]Cut Size: 137145, Current Best Cut: 137145, Repeat for: 1, Not Change for: 0
[FM(921)]Cut Size: 137184, Current Best Cut: 137145, Repeat for: 1, Not Change for: 1
[FM(922)]Cut Size: 137151, Current Best Cut: 137145, Repeat for: 1, Not Change for: 2
[FM(923)]Cut Size: 137156, Current Best Cut: 137145, Repeat for: 1, Not Change for: 3
[FM(924)]Cut Size: 137227, Current Best Cut: 137145, Repeat for: 1, Not Change for: 4
[FM(925)]Cut Size: 137548, Current Best Cut: 137145, Repeat for: 1, Not Change for: 5
[FM(926)]Cut Size: 137183, Current Best Cut: 137145, Repeat for: 1, Not Change for: 6
[FM(927)]Cut Size: 137183, Current Best Cut: 137145, Repeat for: 1, Not Change for: 7
[FM(928)]Cut Size: 137199, Current Best Cut: 137145, Repeat for: 1, Not Change for: 8
[FM(929)]Cut Size: 137296, Current Best Cut: 137145, Repeat for: 1, Not Change for: 9
[FM(930)]Cut Size: 137736, Current Best Cut: 137145, Repeat for: 1, Not Change for: 10
[FM(931)]Cut Size: 137892, Current Best Cut: 137145, Repeat for: 1, Not Change for: 11
[FM(932)]Cut Size: 137892, Current Best Cut: 137145, Repeat for: 1, Not Change for: 12
[FM(933)]Cut Size: 137892, Current Best Cut: 137145, Repeat for: 1, Not Change for: 13
[FM(934)]Cut Size: 137376, Current Best Cut: 137145, Repeat for: 1, Not Change for: 14
[FM(935)]Cut Size: 137248, Current Best Cut: 137145, Repeat for: 1, Not Change for: 15
[FM(936)]Cut Size: 137248, Current Best Cut: 137145, Repeat for: 1, Not Change for: 16
[FM(937)]Cut Size: 137631, Current Best Cut: 137145, Repeat for: 1, Not Change for: 17
[FM(938)]Cut Size: 137631, Current Best Cut: 137145, Repeat for: 1, Not Change for: 18
[FM(939)]Cut Size: 137632, Current Best Cut: 137145, Repeat for: 1, Not Change for: 19
[FM(940)]Cut Size: 137632, Current Best Cut: 137145, Repeat for: 1, Not Change for: 20
[FM(941)]Cut Size: 138446, Current Best Cut: 137145, Repeat for: 1, Not Change for: 21
[FM(942)]Cut Size: 139117, Current Best Cut: 137145, Repeat for: 1, Not Change for: 22
[FM(943)]Cut Size: 139023, Current Best Cut: 137145, Repeat for: 1, Not Change for: 23
[FM(944)]Cut Size: 137677, Current Best Cut: 137145, Repeat for: 1, Not Change for: 24
[FM(945)]Cut Size: 137718, Current Best Cut: 137145, Repeat for: 1, Not Change for: 25
[FM(946)]Cut Size: 138130, Current Best Cut: 137145, Repeat for: 1, Not Change for: 26
[FM(947)]Cut Size: 137454, Current Best Cut: 137145, Repeat for: 1, Not Change for: 27
[FM(948)]Cut Size: 137454, Current Best Cut: 137145, Repeat for: 1, Not Change for: 28
[FM(949)]Cut Size: 137522, Current Best Cut: 137145, Repeat for: 1, Not Change for: 29
[FM(950)]Cut Size: 137522, Current Best Cut: 137145, Repeat for: 1, Not Change for: 30
[FM(951)]Cut Size: 137742, Current Best Cut: 137145, Repeat for: 1, Not Change for: 31
[FM(952)]Cut Size: 137697, Current Best Cut: 137145, Repeat for: 1, Not Change for: 32
[FM(953)]Cut Size: 137697, Current Best Cut: 137145, Repeat for: 1, Not Change for: 33
[FM(954)]Cut Size: 137349, Current Best Cut: 137145, Repeat for: 1, Not Change for: 34
[FM(955)]Cut Size: 137349, Current Best Cut: 137145, Repeat for: 1, Not Change for: 35
[FM(956)]Cut Size: 137222, Current Best Cut: 137145, Repeat for: 1, Not Change for: 36
[FM(957)]Cut Size: 137271, Current Best Cut: 137145, Repeat for: 1, Not Change for: 37
[FM(958)]Cut Size: 137271, Current Best Cut: 137145, Repeat for: 1, Not Change for: 38
[FM(959)]Cut Size: 137271, Current Best Cut: 137145, Repeat for: 1, Not Change for: 39
[FM(960)]Cut Size: 137271, Current Best Cut: 137145, Repeat for: 1, Not Change for: 40
[FM(961)]Cut Size: 137938, Current Best Cut: 137145, Repeat for: 1, Not Change for: 41
[FM(962)]Cut Size: 137938, Current Best Cut: 137145, Repeat for: 1, Not Change for: 42
[FM(963)]Cut Size: 137938, Current Best Cut: 137145, Repeat for: 1, Not Change for: 43
[FM(964)]Cut Size: 137938, Current Best Cut: 137145, Repeat for: 1, Not Change for: 44
[FM(965)]Cut Size: 137921, Current Best Cut: 137145, Repeat for: 1, Not Change for: 45
[FM(966)]Cut Size: 137956, Current Best Cut: 137145, Repeat for: 1, Not Change for: 46
[FM(967)]Cut Size: 137956, Current Best Cut: 137145, Repeat for: 1, Not Change for: 47
[FM(968)]Cut Size: 137956, Current Best Cut: 137145, Repeat for: 1, Not Change for: 48
[FM(969)]Cut Size: 137956, Current Best Cut: 137145, Repeat for: 1, Not Change for: 49
[FM(970)]Cut Size: 137956, Current Best Cut: 137145, Repeat for: 1, Not Change for: 50
[FM(971)]Cut Size: 137956, Current Best Cut: 137145, Repeat for: 1, Not Change for: 51
[FM(972)]Cut Size: 137956, Current Best Cut: 137145, Repeat for: 1, Not Change for: 52
[FM(973)]Cut Size: 137954, Current Best Cut: 137145, Repeat for: 1, Not Change for: 53
[FM(974)]Cut Size: 137953, Current Best Cut: 137145, Repeat for: 1, Not Change for: 54
[FM(975)]Cut Size: 138441, Current Best Cut: 137145, Repeat for: 1, Not Change for: 55
[FM(976)]Cut Size: 138441, Current Best Cut: 137145, Repeat for: 1, Not Change for: 56
[FM(977)]Cut Size: 138440, Current Best Cut: 137145, Repeat for: 1, Not Change for: 57
[FM(978)]Cut Size: 137428, Current Best Cut: 137145, Repeat for: 1, Not Change for: 58
[FM(979)]Cut Size: 137428, Current Best Cut: 137145, Repeat for: 1, Not Change for: 59
[FM(980)]Cut Size: 137740, Current Best Cut: 137145, Repeat for: 1, Not Change for: 60
[FM(981)]Cut Size: 137357, Current Best Cut: 137145, Repeat for: 1, Not Change for: 61
[FM(982)]Cut Size: 137357, Current Best Cut: 137145, Repeat for: 1, Not Change for: 62
[FM(983)]Cut Size: 137227, Current Best Cut: 137145, Repeat for: 1, Not Change for: 63
[FM(984)]Cut Size: 137178, Current Best Cut: 137145, Repeat for: 1, Not Change for: 64
[FM(985)]Cut Size: 137178, Current Best Cut: 137145, Repeat for: 1, Not Change for: 65
[FM(986)]Cut Size: 137178, Current Best Cut: 137145, Repeat for: 1, Not Change for: 66
[FM(987)]Cut Size: 137163, Current Best Cut: 137145, Repeat for: 1, Not Change for: 67
[FM(988)]Cut Size: 137163, Current Best Cut: 137145, Repeat for: 1, Not Change for: 68
[FM(989)]Cut Size: 137156, Current Best Cut: 137145, Repeat for: 1, Not Change for: 69
[FM(990)]Cut Size: 137146, Current Best Cut: 137145, Repeat for: 1, Not Change for: 70
[FM(991)]Cut Size: 137146, Current Best Cut: 137145, Repeat for: 1, Not Change for: 71
[FM(992)]Cut Size: 137146, Current Best Cut: 137145, Repeat for: 1, Not Change for: 72
[FM(993)]Cut Size: 137150, Current Best Cut: 137145, Repeat for: 1, Not Change for: 73
[FM(994)]Cut Size: 137154, Current Best Cut: 137145, Repeat for: 1, Not Change for: 74
[FM(995)]Cut Size: 137154, Current Best Cut: 137145, Repeat for: 1, Not Change for: 75
[FM(996)]Cut Size: 137154, Current Best Cut: 137145, Repeat for: 1, Not Change for: 76
[FM(997)]Cut Size: 137154, Current Best Cut: 137145, Repeat for: 1, Not Change for: 77
[FM(998)]Cut Size: 137154, Current Best Cut: 137145, Repeat for: 1, Not Change for: 78
[FM(999)]Cut Size: 137276, Current Best Cut: 137145, Repeat for: 1, Not Change for: 79
[FM(1000)]Cut Size: 137189, Current Best Cut: 137145, Repeat for: 1, Not Change for: 80
[FM(1001)]Cut Size: 137189, Current Best Cut: 137145, Repeat for: 1, Not Change for: 81
[FM(1002)]Cut Size: 137120, Current Best Cut: 137120, Repeat for: 1, Not Change for: 0
[FM(1003)]Cut Size: 137181, Current Best Cut: 137120, Repeat for: 1, Not Change for: 1
[FM(1004)]Cut Size: 137102, Current Best Cut: 137102, Repeat for: 1, Not Change for: 0
[FM(1005)]Cut Size: 137164, Current Best Cut: 137102, Repeat for: 1, Not Change for: 1
[FM(1006)]Cut Size: 137079, Current Best Cut: 137079, Repeat for: 1, Not Change for: 0
[FM(1007)]Cut Size: 137152, Current Best Cut: 137079, Repeat for: 1, Not Change for: 1
[FM(1008)]Cut Size: 137082, Current Best Cut: 137079, Repeat for: 1, Not Change for: 2
[FM(1009)]Cut Size: 137113, Current Best Cut: 137079, Repeat for: 1, Not Change for: 3
[FM(1010)]Cut Size: 137780, Current Best Cut: 137079, Repeat for: 1, Not Change for: 4
[FM(1011)]Cut Size: 138122, Current Best Cut: 137079, Repeat for: 1, Not Change for: 5
[FM(1012)]Cut Size: 138112, Current Best Cut: 137079, Repeat for: 1, Not Change for: 6
[FM(1013)]Cut Size: 138112, Current Best Cut: 137079, Repeat for: 1, Not Change for: 7
[FM(1014)]Cut Size: 137464, Current Best Cut: 137079, Repeat for: 1, Not Change for: 8
[FM(1015)]Cut Size: 137627, Current Best Cut: 137079, Repeat for: 1, Not Change for: 9
[FM(1016)]Cut Size: 138031, Current Best Cut: 137079, Repeat for: 1, Not Change for: 10
[FM(1017)]Cut Size: 138031, Current Best Cut: 137079, Repeat for: 1, Not Change for: 11
[FM(1018)]Cut Size: 138031, Current Best Cut: 137079, Repeat for: 1, Not Change for: 12
[FM(1019)]Cut Size: 138031, Current Best Cut: 137079, Repeat for: 1, Not Change for: 13
[FM(1020)]Cut Size: 137338, Current Best Cut: 137079, Repeat for: 1, Not Change for: 14
[FM(1021)]Cut Size: 137338, Current Best Cut: 137079, Repeat for: 1, Not Change for: 15
[FM(1022)]Cut Size: 137735, Current Best Cut: 137079, Repeat for: 1, Not Change for: 16
[FM(1023)]Cut Size: 137735, Current Best Cut: 137079, Repeat for: 1, Not Change for: 17
[FM(1024)]Cut Size: 137782, Current Best Cut: 137079, Repeat for: 1, Not Change for: 18
[FM(1025)]Cut Size: 137782, Current Best Cut: 137079, Repeat for: 1, Not Change for: 19
[FM(1026)]Cut Size: 137782, Current Best Cut: 137079, Repeat for: 1, Not Change for: 20
[FM(1027)]Cut Size: 137782, Current Best Cut: 137079, Repeat for: 1, Not Change for: 21
[FM(1028)]Cut Size: 137782, Current Best Cut: 137079, Repeat for: 1, Not Change for: 22
[FM(1029)]Cut Size: 137457, Current Best Cut: 137079, Repeat for: 1, Not Change for: 23
[FM(1030)]Cut Size: 137457, Current Best Cut: 137079, Repeat for: 1, Not Change for: 24
[FM(1031)]Cut Size: 137457, Current Best Cut: 137079, Repeat for: 1, Not Change for: 25
[FM(1032)]Cut Size: 137723, Current Best Cut: 137079, Repeat for: 1, Not Change for: 26
[FM(1033)]Cut Size: 137821, Current Best Cut: 137079, Repeat for: 1, Not Change for: 27
[FM(1034)]Cut Size: 137878, Current Best Cut: 137079, Repeat for: 1, Not Change for: 28
[FM(1035)]Cut Size: 137768, Current Best Cut: 137079, Repeat for: 1, Not Change for: 29
[FM(1036)]Cut Size: 137768, Current Best Cut: 137079, Repeat for: 1, Not Change for: 30
[FM(1037)]Cut Size: 137231, Current Best Cut: 137079, Repeat for: 1, Not Change for: 31
[FM(1038)]Cut Size: 137231, Current Best Cut: 137079, Repeat for: 1, Not Change for: 32
[FM(1039)]Cut Size: 137231, Current Best Cut: 137079, Repeat for: 1, Not Change for: 33
[FM(1040)]Cut Size: 137231, Current Best Cut: 137079, Repeat for: 1, Not Change for: 34
[FM(1041)]Cut Size: 137231, Current Best Cut: 137079, Repeat for: 1, Not Change for: 35
[FM(1042)]Cut Size: 137231, Current Best Cut: 137079, Repeat for: 1, Not Change for: 36
[FM(1043)]Cut Size: 137231, Current Best Cut: 137079, Repeat for: 1, Not Change for: 37
[FM(1044)]Cut Size: 137231, Current Best Cut: 137079, Repeat for: 1, Not Change for: 38
[FM(1045)]Cut Size: 137207, Current Best Cut: 137079, Repeat for: 1, Not Change for: 39
[FM(1046)]Cut Size: 137207, Current Best Cut: 137079, Repeat for: 1, Not Change for: 40
[FM(1047)]Cut Size: 137653, Current Best Cut: 137079, Repeat for: 1, Not Change for: 41
[FM(1048)]Cut Size: 137653, Current Best Cut: 137079, Repeat for: 1, Not Change for: 42
[FM(1049)]Cut Size: 137653, Current Best Cut: 137079, Repeat for: 1, Not Change for: 43
[FM(1050)]Cut Size: 137893, Current Best Cut: 137079, Repeat for: 1, Not Change for: 44
[FM(1051)]Cut Size: 137893, Current Best Cut: 137079, Repeat for: 1, Not Change for: 45
[FM(1052)]Cut Size: 138130, Current Best Cut: 137079, Repeat for: 1, Not Change for: 46
[FM(1053)]Cut Size: 138183, Current Best Cut: 137079, Repeat for: 1, Not Change for: 47
[FM(1054)]Cut Size: 137438, Current Best Cut: 137079, Repeat for: 1, Not Change for: 48
[FM(1055)]Cut Size: 137229, Current Best Cut: 137079, Repeat for: 1, Not Change for: 49
[FM(1056)]Cut Size: 137231, Current Best Cut: 137079, Repeat for: 1, Not Change for: 50
[FM(1057)]Cut Size: 137150, Current Best Cut: 137079, Repeat for: 1, Not Change for: 51
[FM(1058)]Cut Size: 137171, Current Best Cut: 137079, Repeat for: 1, Not Change for: 52
[FM(1059)]Cut Size: 137231, Current Best Cut: 137079, Repeat for: 1, Not Change for: 53
[FM(1060)]Cut Size: 137259, Current Best Cut: 137079, Repeat for: 1, Not Change for: 54
[FM(1061)]Cut Size: 137259, Current Best Cut: 137079, Repeat for: 1, Not Change for: 55
[FM(1062)]Cut Size: 137390, Current Best Cut: 137079, Repeat for: 1, Not Change for: 56
[FM(1063)]Cut Size: 137456, Current Best Cut: 137079, Repeat for: 1, Not Change for: 57
[FM(1064)]Cut Size: 137456, Current Best Cut: 137079, Repeat for: 1, Not Change for: 58
[FM(1065)]Cut Size: 137456, Current Best Cut: 137079, Repeat for: 1, Not Change for: 59
[FM(1066)]Cut Size: 137991, Current Best Cut: 137079, Repeat for: 1, Not Change for: 60
[FM(1067)]Cut Size: 138039, Current Best Cut: 137079, Repeat for: 1, Not Change for: 61
[FM(1068)]Cut Size: 138230, Current Best Cut: 137079, Repeat for: 1, Not Change for: 62
[FM(1069)]Cut Size: 138686, Current Best Cut: 137079, Repeat for: 1, Not Change for: 63
[FM(1070)]Cut Size: 138909, Current Best Cut: 137079, Repeat for: 1, Not Change for: 64
[FM(1071)]Cut Size: 138909, Current Best Cut: 137079, Repeat for: 1, Not Change for: 65
[FM(1072)]Cut Size: 138909, Current Best Cut: 137079, Repeat for: 1, Not Change for: 66
[FM(1073)]Cut Size: 138909, Current Best Cut: 137079, Repeat for: 1, Not Change for: 67
[FM(1074)]Cut Size: 138909, Current Best Cut: 137079, Repeat for: 1, Not Change for: 68
[FM(1075)]Cut Size: 137968, Current Best Cut: 137079, Repeat for: 1, Not Change for: 69
[FM(1076)]Cut Size: 138418, Current Best Cut: 137079, Repeat for: 1, Not Change for: 70
[FM(1077)]Cut Size: 138418, Current Best Cut: 137079, Repeat for: 1, Not Change for: 71
[FM(1078)]Cut Size: 138395, Current Best Cut: 137079, Repeat for: 1, Not Change for: 72
[FM(1079)]Cut Size: 138395, Current Best Cut: 137079, Repeat for: 1, Not Change for: 73
[FM(1080)]Cut Size: 138395, Current Best Cut: 137079, Repeat for: 1, Not Change for: 74
[FM(1081)]Cut Size: 138797, Current Best Cut: 137079, Repeat for: 1, Not Change for: 75
[FM(1082)]Cut Size: 137539, Current Best Cut: 137079, Repeat for: 1, Not Change for: 76
[FM(1083)]Cut Size: 137773, Current Best Cut: 137079, Repeat for: 1, Not Change for: 77
[FM(1084)]Cut Size: 137791, Current Best Cut: 137079, Repeat for: 1, Not Change for: 78
[FM(1085)]Cut Size: 137791, Current Best Cut: 137079, Repeat for: 1, Not Change for: 79
[FM(1086)]Cut Size: 138156, Current Best Cut: 137079, Repeat for: 1, Not Change for: 80
[FM(1087)]Cut Size: 138165, Current Best Cut: 137079, Repeat for: 1, Not Change for: 81
[FM(1088)]Cut Size: 138165, Current Best Cut: 137079, Repeat for: 1, Not Change for: 82
[FM(1089)]Cut Size: 138162, Current Best Cut: 137079, Repeat for: 1, Not Change for: 83
[FM(1090)]Cut Size: 138162, Current Best Cut: 137079, Repeat for: 1, Not Change for: 84
[FM(1091)]Cut Size: 137834, Current Best Cut: 137079, Repeat for: 1, Not Change for: 85
[FM(1092)]Cut Size: 137388, Current Best Cut: 137079, Repeat for: 1, Not Change for: 86
[FM(1093)]Cut Size: 137388, Current Best Cut: 137079, Repeat for: 1, Not Change for: 87
[FM(1094)]Cut Size: 137388, Current Best Cut: 137079, Repeat for: 1, Not Change for: 88
[FM(1095)]Cut Size: 137388, Current Best Cut: 137079, Repeat for: 1, Not Change for: 89
[FM(1096)]Cut Size: 137330, Current Best Cut: 137079, Repeat for: 1, Not Change for: 90
[FM(1097)]Cut Size: 137340, Current Best Cut: 137079, Repeat for: 1, Not Change for: 91
[FM(1098)]Cut Size: 137283, Current Best Cut: 137079, Repeat for: 1, Not Change for: 92
[FM(1099)]Cut Size: 137283, Current Best Cut: 137079, Repeat for: 1, Not Change for: 93
[FM(1100)]Cut Size: 137283, Current Best Cut: 137079, Repeat for: 1, Not Change for: 94
[FM(1101)]Cut Size: 137283, Current Best Cut: 137079, Repeat for: 1, Not Change for: 95
[FM(1102)]Cut Size: 137283, Current Best Cut: 137079, Repeat for: 1, Not Change for: 96
[FM(1103)]Cut Size: 137283, Current Best Cut: 137079, Repeat for: 1, Not Change for: 97
[FM(1104)]Cut Size: 137283, Current Best Cut: 137079, Repeat for: 1, Not Change for: 98
[FM(1105)]Cut Size: 137284, Current Best Cut: 137079, Repeat for: 1, Not Change for: 99
[FM(1106)]Cut Size: 137284, Current Best Cut: 137079, Repeat for: 1, Not Change for: 100
[FM(1107)]Cut Size: 137284, Current Best Cut: 137079, Repeat for: 1, Not Change for: 101
